#! /usr/local/Cellar/icarus-verilog/11.0/bin/vvp
:ivl_version "11.0 (stable)";
:ivl_delay_selection "TYPICAL";
:vpi_time_precision + 0;
:vpi_module "/usr/local/Cellar/icarus-verilog/11.0/lib/ivl/system.vpi";
:vpi_module "/usr/local/Cellar/icarus-verilog/11.0/lib/ivl/vhdl_sys.vpi";
:vpi_module "/usr/local/Cellar/icarus-verilog/11.0/lib/ivl/vhdl_textio.vpi";
:vpi_module "/usr/local/Cellar/icarus-verilog/11.0/lib/ivl/v2005_math.vpi";
:vpi_module "/usr/local/Cellar/icarus-verilog/11.0/lib/ivl/va_math.vpi";
S_0x7fc7328a5700 .scope module, "TestBench" "TestBench" 2 3;
 .timescale 0 0;
P_0x7fc7328a52e0 .param/l "num_cycles" 0 2 9, +C4<00000000000000000000000001000000>;
v0x7fc7328d4150_0 .var "Clk", 0 0;
v0x7fc7328d42e0_0 .var "Reset", 0 0;
v0x7fc7328d4370_0 .var/i "counter", 31 0;
v0x7fc7328d4400_0 .var/i "flush", 31 0;
v0x7fc7328d4490_0 .var/i "i", 31 0;
v0x7fc7328d4520_0 .var/i "outfile", 31 0;
v0x7fc7328d45b0_0 .var/i "stall", 31 0;
S_0x7fc7328a4f10 .scope module, "CPU" "CPU" 2 13, 3 1 0, S_0x7fc7328a5700;
 .timescale 0 0;
    .port_info 0 /INPUT 1 "clk_i";
    .port_info 1 /INPUT 1 "rst_i";
P_0x7fc7328271e0 .param/l "pc_const" 0 3 9, C4<00000000000000000000000000000100>;
v0x7fc7328d4030_0 .net "clk_i", 0 0, v0x7fc7328d4150_0;  1 drivers
v0x7fc7328d40c0_0 .net "rst_i", 0 0, v0x7fc7328d42e0_0;  1 drivers
S_0x7fc7328a3430 .scope module, "ALU" "ALU" 3 132, 4 1 0, S_0x7fc7328a4f10;
 .timescale 0 0;
    .port_info 0 /INPUT 3 "ALUCtr_i";
    .port_info 1 /INPUT 32 "RS1data_i";
    .port_info 2 /INPUT 32 "RS2data_i";
    .port_info 3 /OUTPUT 32 "RDdata_o";
L_0x7fc7328de8d0 .functor AND 32, L_0x7fc7328d5620, L_0x7fc7328dc270, C4<11111111111111111111111111111111>, C4<11111111111111111111111111111111>;
L_0x7fc7328dea60 .functor XOR 32, L_0x7fc7328d5620, L_0x7fc7328dc270, C4<00000000000000000000000000000000>, C4<00000000000000000000000000000000>;
v0x7fc732869250_0 .net "ALUCtr_i", 2 0, L_0x7fc7328de650;  1 drivers
v0x7fc7328bd6b0_0 .net "RDdata_o", 31 0, L_0x7fc7328dfc50;  1 drivers
v0x7fc7328bd750_0 .net/s "RS1data_i", 31 0, L_0x7fc7328d5620;  1 drivers
v0x7fc7328bd7e0_0 .net "RS2data_i", 31 0, L_0x7fc7328dc270;  1 drivers
L_0x7fc728079490 .functor BUFT 1, C4<000>, C4<0>, C4<0>, C4<0>;
v0x7fc7328bd870_0 .net/2u *"_ivl_0", 2 0, L_0x7fc728079490;  1 drivers
v0x7fc7328bd940_0 .net *"_ivl_10", 31 0, L_0x7fc7328dea60;  1 drivers
L_0x7fc728079520 .functor BUFT 1, C4<010>, C4<0>, C4<0>, C4<0>;
v0x7fc7328bd9f0_0 .net/2u *"_ivl_12", 2 0, L_0x7fc728079520;  1 drivers
v0x7fc7328bdaa0_0 .net *"_ivl_14", 0 0, L_0x7fc7328debd0;  1 drivers
v0x7fc7328bdb40_0 .net *"_ivl_16", 31 0, L_0x7fc7328dec70;  1 drivers
L_0x7fc728079568 .functor BUFT 1, C4<011>, C4<0>, C4<0>, C4<0>;
v0x7fc7328bdc50_0 .net/2u *"_ivl_18", 2 0, L_0x7fc728079568;  1 drivers
v0x7fc7328bdd00_0 .net *"_ivl_2", 0 0, L_0x7fc7328de7f0;  1 drivers
v0x7fc7328bdda0_0 .net *"_ivl_20", 0 0, L_0x7fc7328ded10;  1 drivers
v0x7fc7328bde40_0 .net *"_ivl_22", 31 0, L_0x7fc7328dedb0;  1 drivers
L_0x7fc7280795b0 .functor BUFT 1, C4<100>, C4<0>, C4<0>, C4<0>;
v0x7fc7328bdef0_0 .net/2u *"_ivl_24", 2 0, L_0x7fc7280795b0;  1 drivers
v0x7fc7328bdfa0_0 .net *"_ivl_26", 0 0, L_0x7fc7328deeb0;  1 drivers
v0x7fc7328be040_0 .net *"_ivl_28", 31 0, L_0x7fc7328def90;  1 drivers
L_0x7fc7280795f8 .functor BUFT 1, C4<101>, C4<0>, C4<0>, C4<0>;
v0x7fc7328be0f0_0 .net/2u *"_ivl_30", 2 0, L_0x7fc7280795f8;  1 drivers
v0x7fc7328be280_0 .net *"_ivl_32", 0 0, L_0x7fc7328df090;  1 drivers
v0x7fc7328be310_0 .net *"_ivl_35", 31 0, L_0x7fc7328df230;  1 drivers
v0x7fc7328be3b0_0 .net *"_ivl_37", 4 0, L_0x7fc7328df4d0;  1 drivers
v0x7fc7328be460_0 .net *"_ivl_38", 31 0, L_0x7fc7328dead0;  1 drivers
v0x7fc7328be510_0 .net *"_ivl_4", 31 0, L_0x7fc7328de8d0;  1 drivers
v0x7fc7328be5c0_0 .net *"_ivl_40", 31 0, L_0x7fc7328df570;  1 drivers
v0x7fc7328be670_0 .net *"_ivl_42", 31 0, L_0x7fc7328df6c0;  1 drivers
v0x7fc7328be720_0 .net *"_ivl_44", 31 0, L_0x7fc7328df7e0;  1 drivers
v0x7fc7328be7d0_0 .net *"_ivl_46", 31 0, L_0x7fc7328df980;  1 drivers
v0x7fc7328be880_0 .net *"_ivl_48", 31 0, L_0x7fc7328dfae0;  1 drivers
L_0x7fc7280794d8 .functor BUFT 1, C4<001>, C4<0>, C4<0>, C4<0>;
v0x7fc7328be930_0 .net/2u *"_ivl_6", 2 0, L_0x7fc7280794d8;  1 drivers
v0x7fc7328be9e0_0 .net *"_ivl_8", 0 0, L_0x7fc7328de940;  1 drivers
L_0x7fc7328de7f0 .cmp/eq 3, L_0x7fc7328de650, L_0x7fc728079490;
L_0x7fc7328de940 .cmp/eq 3, L_0x7fc7328de650, L_0x7fc7280794d8;
L_0x7fc7328debd0 .cmp/eq 3, L_0x7fc7328de650, L_0x7fc728079520;
L_0x7fc7328dec70 .shift/l 32, L_0x7fc7328d5620, L_0x7fc7328dc270;
L_0x7fc7328ded10 .cmp/eq 3, L_0x7fc7328de650, L_0x7fc728079568;
L_0x7fc7328dedb0 .arith/sum 32, L_0x7fc7328d5620, L_0x7fc7328dc270;
L_0x7fc7328deeb0 .cmp/eq 3, L_0x7fc7328de650, L_0x7fc7280795b0;
L_0x7fc7328def90 .arith/sub 32, L_0x7fc7328d5620, L_0x7fc7328dc270;
L_0x7fc7328df090 .cmp/eq 3, L_0x7fc7328de650, L_0x7fc7280795f8;
L_0x7fc7328df230 .arith/mult 32, L_0x7fc7328d5620, L_0x7fc7328dc270;
L_0x7fc7328df4d0 .part L_0x7fc7328dc270, 0, 5;
L_0x7fc7328dead0 .shift/r 32, L_0x7fc7328d5620, L_0x7fc7328df4d0;
L_0x7fc7328df570 .functor MUXZ 32, L_0x7fc7328dead0, L_0x7fc7328df230, L_0x7fc7328df090, C4<>;
L_0x7fc7328df6c0 .functor MUXZ 32, L_0x7fc7328df570, L_0x7fc7328def90, L_0x7fc7328deeb0, C4<>;
L_0x7fc7328df7e0 .functor MUXZ 32, L_0x7fc7328df6c0, L_0x7fc7328dedb0, L_0x7fc7328ded10, C4<>;
L_0x7fc7328df980 .functor MUXZ 32, L_0x7fc7328df7e0, L_0x7fc7328dec70, L_0x7fc7328debd0, C4<>;
L_0x7fc7328dfae0 .functor MUXZ 32, L_0x7fc7328df980, L_0x7fc7328dea60, L_0x7fc7328de940, C4<>;
L_0x7fc7328dfc50 .functor MUXZ 32, L_0x7fc7328dfae0, L_0x7fc7328de8d0, L_0x7fc7328de7f0, C4<>;
S_0x7fc7328beae0 .scope module, "ALU_Control" "ALU_Control" 3 126, 5 1 0, S_0x7fc7328a4f10;
 .timescale 0 0;
    .port_info 0 /INPUT 2 "ALUOp_i";
    .port_info 1 /INPUT 3 "func3_i";
    .port_info 2 /INPUT 7 "func7_i";
    .port_info 3 /OUTPUT 3 "ALUCtr_o";
L_0x7fc7328dc5d0 .functor AND 1, L_0x7fc7328dc3d0, L_0x7fc7328dc4f0, C4<1>, C4<1>;
L_0x7fc7328dc880 .functor AND 1, L_0x7fc7328dc6c0, L_0x7fc7328dc7a0, C4<1>, C4<1>;
L_0x7fc7328dcbb0 .functor AND 1, L_0x7fc7328dc970, L_0x7fc7328dca90, C4<1>, C4<1>;
L_0x7fc7328dcea0 .functor AND 1, L_0x7fc7328dcca0, L_0x7fc7328dcdc0, C4<1>, C4<1>;
L_0x7fc7328dd100 .functor AND 1, L_0x7fc7328dcea0, L_0x7fc7328dcf90, C4<1>, C4<1>;
L_0x7fc7328dd3d0 .functor AND 1, L_0x7fc7328dd1b0, L_0x7fc7328dd290, C4<1>, C4<1>;
L_0x7fc7328dd560 .functor AND 1, L_0x7fc7328dd3d0, L_0x7fc7328dd480, C4<1>, C4<1>;
L_0x7fc7328dd690 .functor AND 1, L_0x7fc7328d8620, L_0x7fc7328d8770, C4<1>, C4<1>;
L_0x7fc7328d8700 .functor AND 1, L_0x7fc7328dd690, L_0x7fc7328dd780, C4<1>, C4<1>;
L_0x7fc7328dcb30 .functor AND 1, L_0x7fc7328dd9f0, L_0x7fc7328ddb90, C4<1>, C4<1>;
v0x7fc7328becb0_0 .net "ALUCtr_o", 2 0, L_0x7fc7328de650;  alias, 1 drivers
v0x7fc7328bed60_0 .net "ALUOp_i", 1 0, v0x7fc7328caf10_0;  1 drivers
L_0x7fc728078d88 .functor BUFT 1, C4<10>, C4<0>, C4<0>, C4<0>;
v0x7fc7328bedf0_0 .net/2u *"_ivl_0", 1 0, L_0x7fc728078d88;  1 drivers
L_0x7fc728078e18 .functor BUFT 1, C4<000>, C4<0>, C4<0>, C4<0>;
v0x7fc7328beeb0_0 .net/2u *"_ivl_10", 2 0, L_0x7fc728078e18;  1 drivers
L_0x7fc728079400 .functor BUFT 1, C4<111>, C4<0>, C4<0>, C4<0>;
v0x7fc7328bef60_0 .net/2u *"_ivl_100", 2 0, L_0x7fc728079400;  1 drivers
L_0x7fc728079448 .functor BUFT 1, C4<011>, C4<0>, C4<0>, C4<0>;
v0x7fc7328bf050_0 .net/2u *"_ivl_102", 2 0, L_0x7fc728079448;  1 drivers
v0x7fc7328bf100_0 .net *"_ivl_104", 2 0, L_0x7fc7328dddc0;  1 drivers
v0x7fc7328bf1b0_0 .net *"_ivl_106", 2 0, L_0x7fc7328ddee0;  1 drivers
v0x7fc7328bf260_0 .net *"_ivl_108", 2 0, L_0x7fc7328de060;  1 drivers
v0x7fc7328bf370_0 .net *"_ivl_110", 2 0, L_0x7fc7328de1c0;  1 drivers
v0x7fc7328bf420_0 .net *"_ivl_112", 2 0, L_0x7fc7328de350;  1 drivers
v0x7fc7328bf4d0_0 .net *"_ivl_114", 2 0, L_0x7fc7328de4b0;  1 drivers
L_0x7fc728078e60 .functor BUFT 1, C4<10>, C4<0>, C4<0>, C4<0>;
v0x7fc7328bf580_0 .net/2u *"_ivl_12", 1 0, L_0x7fc728078e60;  1 drivers
v0x7fc7328bf630_0 .net *"_ivl_14", 0 0, L_0x7fc7328dc6c0;  1 drivers
L_0x7fc728078ea8 .functor BUFT 1, C4<100>, C4<0>, C4<0>, C4<0>;
v0x7fc7328bf6d0_0 .net/2u *"_ivl_16", 2 0, L_0x7fc728078ea8;  1 drivers
v0x7fc7328bf780_0 .net *"_ivl_18", 0 0, L_0x7fc7328dc7a0;  1 drivers
v0x7fc7328bf820_0 .net *"_ivl_2", 0 0, L_0x7fc7328dc3d0;  1 drivers
v0x7fc7328bf9b0_0 .net *"_ivl_21", 0 0, L_0x7fc7328dc880;  1 drivers
L_0x7fc728078ef0 .functor BUFT 1, C4<001>, C4<0>, C4<0>, C4<0>;
v0x7fc7328bfa40_0 .net/2u *"_ivl_22", 2 0, L_0x7fc728078ef0;  1 drivers
L_0x7fc728078f38 .functor BUFT 1, C4<10>, C4<0>, C4<0>, C4<0>;
v0x7fc7328bfad0_0 .net/2u *"_ivl_24", 1 0, L_0x7fc728078f38;  1 drivers
v0x7fc7328bfb80_0 .net *"_ivl_26", 0 0, L_0x7fc7328dc970;  1 drivers
L_0x7fc728078f80 .functor BUFT 1, C4<001>, C4<0>, C4<0>, C4<0>;
v0x7fc7328bfc20_0 .net/2u *"_ivl_28", 2 0, L_0x7fc728078f80;  1 drivers
v0x7fc7328bfcd0_0 .net *"_ivl_30", 0 0, L_0x7fc7328dca90;  1 drivers
v0x7fc7328bfd70_0 .net *"_ivl_33", 0 0, L_0x7fc7328dcbb0;  1 drivers
L_0x7fc728078fc8 .functor BUFT 1, C4<010>, C4<0>, C4<0>, C4<0>;
v0x7fc7328bfe10_0 .net/2u *"_ivl_34", 2 0, L_0x7fc728078fc8;  1 drivers
L_0x7fc728079010 .functor BUFT 1, C4<10>, C4<0>, C4<0>, C4<0>;
v0x7fc7328bfec0_0 .net/2u *"_ivl_36", 1 0, L_0x7fc728079010;  1 drivers
v0x7fc7328bff70_0 .net *"_ivl_38", 0 0, L_0x7fc7328dcca0;  1 drivers
L_0x7fc728078dd0 .functor BUFT 1, C4<111>, C4<0>, C4<0>, C4<0>;
v0x7fc7328c0010_0 .net/2u *"_ivl_4", 2 0, L_0x7fc728078dd0;  1 drivers
L_0x7fc728079058 .functor BUFT 1, C4<000>, C4<0>, C4<0>, C4<0>;
v0x7fc7328c00c0_0 .net/2u *"_ivl_40", 2 0, L_0x7fc728079058;  1 drivers
v0x7fc7328c0170_0 .net *"_ivl_42", 0 0, L_0x7fc7328dcdc0;  1 drivers
v0x7fc7328c0210_0 .net *"_ivl_45", 0 0, L_0x7fc7328dcea0;  1 drivers
L_0x7fc7280790a0 .functor BUFT 1, C4<0000000>, C4<0>, C4<0>, C4<0>;
v0x7fc7328c02b0_0 .net/2u *"_ivl_46", 6 0, L_0x7fc7280790a0;  1 drivers
v0x7fc7328c0360_0 .net *"_ivl_48", 0 0, L_0x7fc7328dcf90;  1 drivers
v0x7fc7328bf8c0_0 .net *"_ivl_51", 0 0, L_0x7fc7328dd100;  1 drivers
L_0x7fc7280790e8 .functor BUFT 1, C4<011>, C4<0>, C4<0>, C4<0>;
v0x7fc7328c05f0_0 .net/2u *"_ivl_52", 2 0, L_0x7fc7280790e8;  1 drivers
L_0x7fc728079130 .functor BUFT 1, C4<10>, C4<0>, C4<0>, C4<0>;
v0x7fc7328c0680_0 .net/2u *"_ivl_54", 1 0, L_0x7fc728079130;  1 drivers
v0x7fc7328c0710_0 .net *"_ivl_56", 0 0, L_0x7fc7328dd1b0;  1 drivers
L_0x7fc728079178 .functor BUFT 1, C4<000>, C4<0>, C4<0>, C4<0>;
v0x7fc7328c07a0_0 .net/2u *"_ivl_58", 2 0, L_0x7fc728079178;  1 drivers
v0x7fc7328c0850_0 .net *"_ivl_6", 0 0, L_0x7fc7328dc4f0;  1 drivers
v0x7fc7328c08f0_0 .net *"_ivl_60", 0 0, L_0x7fc7328dd290;  1 drivers
v0x7fc7328c0990_0 .net *"_ivl_63", 0 0, L_0x7fc7328dd3d0;  1 drivers
L_0x7fc7280791c0 .functor BUFT 1, C4<0100000>, C4<0>, C4<0>, C4<0>;
v0x7fc7328c0a30_0 .net/2u *"_ivl_64", 6 0, L_0x7fc7280791c0;  1 drivers
v0x7fc7328c0ae0_0 .net *"_ivl_66", 0 0, L_0x7fc7328dd480;  1 drivers
v0x7fc7328c0b80_0 .net *"_ivl_69", 0 0, L_0x7fc7328dd560;  1 drivers
L_0x7fc728079208 .functor BUFT 1, C4<100>, C4<0>, C4<0>, C4<0>;
v0x7fc7328c0c20_0 .net/2u *"_ivl_70", 2 0, L_0x7fc728079208;  1 drivers
L_0x7fc728079250 .functor BUFT 1, C4<10>, C4<0>, C4<0>, C4<0>;
v0x7fc7328c0cd0_0 .net/2u *"_ivl_72", 1 0, L_0x7fc728079250;  1 drivers
v0x7fc7328c0d80_0 .net *"_ivl_74", 0 0, L_0x7fc7328d8620;  1 drivers
L_0x7fc728079298 .functor BUFT 1, C4<000>, C4<0>, C4<0>, C4<0>;
v0x7fc7328c0e20_0 .net/2u *"_ivl_76", 2 0, L_0x7fc728079298;  1 drivers
v0x7fc7328c0ed0_0 .net *"_ivl_78", 0 0, L_0x7fc7328d8770;  1 drivers
v0x7fc7328c0f70_0 .net *"_ivl_81", 0 0, L_0x7fc7328dd690;  1 drivers
L_0x7fc7280792e0 .functor BUFT 1, C4<0000001>, C4<0>, C4<0>, C4<0>;
v0x7fc7328c1010_0 .net/2u *"_ivl_82", 6 0, L_0x7fc7280792e0;  1 drivers
v0x7fc7328c10c0_0 .net *"_ivl_84", 0 0, L_0x7fc7328dd780;  1 drivers
v0x7fc7328c1160_0 .net *"_ivl_87", 0 0, L_0x7fc7328d8700;  1 drivers
L_0x7fc728079328 .functor BUFT 1, C4<101>, C4<0>, C4<0>, C4<0>;
v0x7fc7328c1200_0 .net/2u *"_ivl_88", 2 0, L_0x7fc728079328;  1 drivers
v0x7fc7328c12b0_0 .net *"_ivl_9", 0 0, L_0x7fc7328dc5d0;  1 drivers
L_0x7fc728079370 .functor BUFT 1, C4<00>, C4<0>, C4<0>, C4<0>;
v0x7fc7328c1350_0 .net/2u *"_ivl_90", 1 0, L_0x7fc728079370;  1 drivers
v0x7fc7328c1400_0 .net *"_ivl_92", 0 0, L_0x7fc7328dd9f0;  1 drivers
L_0x7fc7280793b8 .functor BUFT 1, C4<101>, C4<0>, C4<0>, C4<0>;
v0x7fc7328c14a0_0 .net/2u *"_ivl_94", 2 0, L_0x7fc7280793b8;  1 drivers
v0x7fc7328c1550_0 .net *"_ivl_96", 0 0, L_0x7fc7328ddb90;  1 drivers
v0x7fc7328c15f0_0 .net *"_ivl_99", 0 0, L_0x7fc7328dcb30;  1 drivers
v0x7fc7328c1690_0 .net "func3_i", 2 0, v0x7fc7328cbf20_0;  1 drivers
v0x7fc7328c1740_0 .net "func7_i", 6 0, v0x7fc7328cc050_0;  1 drivers
L_0x7fc7328dc3d0 .cmp/eq 2, v0x7fc7328caf10_0, L_0x7fc728078d88;
L_0x7fc7328dc4f0 .cmp/eq 3, v0x7fc7328cbf20_0, L_0x7fc728078dd0;
L_0x7fc7328dc6c0 .cmp/eq 2, v0x7fc7328caf10_0, L_0x7fc728078e60;
L_0x7fc7328dc7a0 .cmp/eq 3, v0x7fc7328cbf20_0, L_0x7fc728078ea8;
L_0x7fc7328dc970 .cmp/eq 2, v0x7fc7328caf10_0, L_0x7fc728078f38;
L_0x7fc7328dca90 .cmp/eq 3, v0x7fc7328cbf20_0, L_0x7fc728078f80;
L_0x7fc7328dcca0 .cmp/eq 2, v0x7fc7328caf10_0, L_0x7fc728079010;
L_0x7fc7328dcdc0 .cmp/eq 3, v0x7fc7328cbf20_0, L_0x7fc728079058;
L_0x7fc7328dcf90 .cmp/eq 7, v0x7fc7328cc050_0, L_0x7fc7280790a0;
L_0x7fc7328dd1b0 .cmp/eq 2, v0x7fc7328caf10_0, L_0x7fc728079130;
L_0x7fc7328dd290 .cmp/eq 3, v0x7fc7328cbf20_0, L_0x7fc728079178;
L_0x7fc7328dd480 .cmp/eq 7, v0x7fc7328cc050_0, L_0x7fc7280791c0;
L_0x7fc7328d8620 .cmp/eq 2, v0x7fc7328caf10_0, L_0x7fc728079250;
L_0x7fc7328d8770 .cmp/eq 3, v0x7fc7328cbf20_0, L_0x7fc728079298;
L_0x7fc7328dd780 .cmp/eq 7, v0x7fc7328cc050_0, L_0x7fc7280792e0;
L_0x7fc7328dd9f0 .cmp/eq 2, v0x7fc7328caf10_0, L_0x7fc728079370;
L_0x7fc7328ddb90 .cmp/eq 3, v0x7fc7328cbf20_0, L_0x7fc7280793b8;
L_0x7fc7328dddc0 .functor MUXZ 3, L_0x7fc728079448, L_0x7fc728079400, L_0x7fc7328dcb30, C4<>;
L_0x7fc7328ddee0 .functor MUXZ 3, L_0x7fc7328dddc0, L_0x7fc728079328, L_0x7fc7328d8700, C4<>;
L_0x7fc7328de060 .functor MUXZ 3, L_0x7fc7328ddee0, L_0x7fc728079208, L_0x7fc7328dd560, C4<>;
L_0x7fc7328de1c0 .functor MUXZ 3, L_0x7fc7328de060, L_0x7fc7280790e8, L_0x7fc7328dd100, C4<>;
L_0x7fc7328de350 .functor MUXZ 3, L_0x7fc7328de1c0, L_0x7fc728078fc8, L_0x7fc7328dcbb0, C4<>;
L_0x7fc7328de4b0 .functor MUXZ 3, L_0x7fc7328de350, L_0x7fc728078ef0, L_0x7fc7328dc880, C4<>;
L_0x7fc7328de650 .functor MUXZ 3, L_0x7fc7328de4b0, L_0x7fc728078e18, L_0x7fc7328dc5d0, C4<>;
S_0x7fc7328c1850 .scope module, "Adder_pc" "Adder" 3 18, 6 1 0, S_0x7fc7328a4f10;
 .timescale 0 0;
    .port_info 0 /INPUT 32 "Data1_i";
    .port_info 1 /INPUT 32 "Data2_i";
    .port_info 2 /OUTPUT 32 "Data_o";
v0x7fc7328c1a10_0 .net "Data1_i", 31 0, v0x7fc7328d2b30_0;  1 drivers
L_0x7fc728078008 .functor BUFT 1, C4<00000000000000000000000000000100>, C4<0>, C4<0>, C4<0>;
v0x7fc7328c1ab0_0 .net "Data2_i", 31 0, L_0x7fc728078008;  1 drivers
v0x7fc7328c1b60_0 .net "Data_o", 31 0, L_0x7fc7328d4640;  1 drivers
L_0x7fc7328d4640 .arith/sum 32, v0x7fc7328d2b30_0, L_0x7fc728078008;
S_0x7fc7328c1c70 .scope module, "Branch_Unit" "Branch_Unit" 3 93, 7 1 0, S_0x7fc7328a4f10;
 .timescale 0 0;
    .port_info 0 /INPUT 32 "RS1data_i";
    .port_info 1 /INPUT 32 "RS2data_i";
    .port_info 2 /INPUT 1 "Branch_i";
    .port_info 3 /INPUT 32 "pc_addr_i";
    .port_info 4 /INPUT 32 "immExtended_i";
    .port_info 5 /OUTPUT 1 "Flush_o";
    .port_info 6 /OUTPUT 32 "PCbranch_o";
L_0x7fc7328d6250 .functor AND 1, L_0x7fc7328d61b0, L_0x7fc7328d9980, C4<1>, C4<1>;
v0x7fc7328c1f20_0 .net "Branch_i", 0 0, L_0x7fc7328d9980;  1 drivers
v0x7fc7328c1fd0_0 .net "Flush_o", 0 0, L_0x7fc7328d64d0;  1 drivers
v0x7fc7328c2070_0 .net "PCbranch_o", 31 0, L_0x7fc7328d6030;  1 drivers
v0x7fc7328c2110_0 .net "RS1data_i", 31 0, L_0x7fc7328d6900;  1 drivers
v0x7fc7328c21c0_0 .net "RS2data_i", 31 0, L_0x7fc7328d6ea0;  1 drivers
v0x7fc7328c22b0_0 .net *"_ivl_0", 31 0, L_0x7fc7328d5f50;  1 drivers
v0x7fc7328c2360_0 .net *"_ivl_11", 0 0, L_0x7fc7328d6250;  1 drivers
L_0x7fc728078290 .functor BUFT 1, C4<01>, C4<0>, C4<0>, C4<0>;
v0x7fc7328c2400_0 .net/2s *"_ivl_12", 1 0, L_0x7fc728078290;  1 drivers
L_0x7fc7280782d8 .functor BUFT 1, C4<00>, C4<0>, C4<0>, C4<0>;
v0x7fc7328c24b0_0 .net/2s *"_ivl_14", 1 0, L_0x7fc7280782d8;  1 drivers
v0x7fc7328c25c0_0 .net *"_ivl_16", 1 0, L_0x7fc7328d6340;  1 drivers
v0x7fc7328c2670_0 .net *"_ivl_2", 30 0, L_0x7fc7328d5e30;  1 drivers
L_0x7fc728078248 .functor BUFT 1, C4<0>, C4<0>, C4<0>, C4<0>;
v0x7fc7328c2720_0 .net *"_ivl_4", 0 0, L_0x7fc728078248;  1 drivers
v0x7fc7328c27d0_0 .net *"_ivl_8", 0 0, L_0x7fc7328d61b0;  1 drivers
v0x7fc7328c2870_0 .net "immExtended_i", 31 0, L_0x7fc7328dc060;  1 drivers
v0x7fc7328c2920_0 .net "pc_addr_i", 31 0, v0x7fc7328cc950_0;  1 drivers
L_0x7fc7328d5e30 .part L_0x7fc7328dc060, 0, 31;
L_0x7fc7328d5f50 .concat [ 1 31 0 0], L_0x7fc728078248, L_0x7fc7328d5e30;
L_0x7fc7328d6030 .arith/sum 32, v0x7fc7328cc950_0, L_0x7fc7328d5f50;
L_0x7fc7328d61b0 .cmp/eq 32, L_0x7fc7328d6900, L_0x7fc7328d6ea0;
L_0x7fc7328d6340 .functor MUXZ 2, L_0x7fc7280782d8, L_0x7fc728078290, L_0x7fc7328d6250, C4<>;
L_0x7fc7328d64d0 .part L_0x7fc7328d6340, 0, 1;
S_0x7fc7328c2a40 .scope module, "Control" "Control" 3 111, 8 1 0, S_0x7fc7328a4f10;
 .timescale 0 0;
    .port_info 0 /INPUT 1 "NoOp_i";
    .port_info 1 /INPUT 7 "opcode_i";
    .port_info 2 /OUTPUT 2 "ALUOp_o";
    .port_info 3 /OUTPUT 1 "ALUSrc_o";
    .port_info 4 /OUTPUT 1 "RegWrite_o";
    .port_info 5 /OUTPUT 1 "MemtoReg_o";
    .port_info 6 /OUTPUT 1 "MemRead_o";
    .port_info 7 /OUTPUT 1 "MemWrite_o";
    .port_info 8 /OUTPUT 1 "Branch_o";
v0x7fc7328c2d30_0 .net "ALUOp_o", 1 0, L_0x7fc7328d8360;  1 drivers
v0x7fc7328c2df0_0 .net "ALUSrc_o", 0 0, L_0x7fc7328d7d30;  1 drivers
v0x7fc7328c2e90_0 .net "Branch_o", 0 0, L_0x7fc7328d9980;  alias, 1 drivers
v0x7fc7328c2f40_0 .net "MemRead_o", 0 0, L_0x7fc7328d8ea0;  1 drivers
v0x7fc7328c2fd0_0 .net "MemWrite_o", 0 0, L_0x7fc7328d93d0;  1 drivers
v0x7fc7328c30a0_0 .net "MemtoReg_o", 0 0, L_0x7fc7328d89d0;  1 drivers
v0x7fc7328c3140_0 .net "NoOp_i", 0 0, L_0x7fc7328e0890;  1 drivers
v0x7fc7328c31e0_0 .net "RegWrite_o", 0 0, L_0x7fc7328d7860;  1 drivers
L_0x7fc7280783b0 .functor BUFT 1, C4<00>, C4<0>, C4<0>, C4<0>;
v0x7fc7328c3280_0 .net/2s *"_ivl_0", 1 0, L_0x7fc7280783b0;  1 drivers
v0x7fc7328c3390_0 .net *"_ivl_10", 0 0, L_0x7fc7328d73e0;  1 drivers
L_0x7fc728078b00 .functor BUFT 1, C4<01>, C4<0>, C4<0>, C4<0>;
v0x7fc7328c3430_0 .net/2s *"_ivl_100", 1 0, L_0x7fc728078b00;  1 drivers
L_0x7fc728078b48 .functor BUFT 1, C4<00>, C4<0>, C4<0>, C4<0>;
v0x7fc7328c34e0_0 .net/2s *"_ivl_102", 1 0, L_0x7fc728078b48;  1 drivers
v0x7fc7328c3590_0 .net *"_ivl_104", 1 0, L_0x7fc7328d91c0;  1 drivers
v0x7fc7328c3640_0 .net *"_ivl_106", 1 0, L_0x7fc7328d9330;  1 drivers
L_0x7fc728078b90 .functor BUFT 1, C4<00>, C4<0>, C4<0>, C4<0>;
v0x7fc7328c36f0_0 .net/2s *"_ivl_110", 1 0, L_0x7fc728078b90;  1 drivers
L_0x7fc728078bd8 .functor BUFT 1, C4<1100011>, C4<0>, C4<0>, C4<0>;
v0x7fc7328c37a0_0 .net/2u *"_ivl_112", 6 0, L_0x7fc728078bd8;  1 drivers
v0x7fc7328c3850_0 .net *"_ivl_114", 0 0, L_0x7fc7328d9260;  1 drivers
L_0x7fc728078c20 .functor BUFT 1, C4<01>, C4<0>, C4<0>, C4<0>;
v0x7fc7328c39e0_0 .net/2s *"_ivl_116", 1 0, L_0x7fc728078c20;  1 drivers
L_0x7fc728078c68 .functor BUFT 1, C4<00>, C4<0>, C4<0>, C4<0>;
v0x7fc7328c3a70_0 .net/2s *"_ivl_118", 1 0, L_0x7fc728078c68;  1 drivers
L_0x7fc7280784d0 .functor BUFT 1, C4<00>, C4<0>, C4<0>, C4<0>;
v0x7fc7328c3b10_0 .net/2s *"_ivl_12", 1 0, L_0x7fc7280784d0;  1 drivers
v0x7fc7328c3bc0_0 .net *"_ivl_120", 1 0, L_0x7fc7328d9610;  1 drivers
v0x7fc7328c3c70_0 .net *"_ivl_122", 1 0, L_0x7fc7328d97a0;  1 drivers
L_0x7fc728078518 .functor BUFT 1, C4<01>, C4<0>, C4<0>, C4<0>;
v0x7fc7328c3d20_0 .net/2s *"_ivl_14", 1 0, L_0x7fc728078518;  1 drivers
v0x7fc7328c3dd0_0 .net *"_ivl_16", 1 0, L_0x7fc7328d7480;  1 drivers
v0x7fc7328c3e80_0 .net *"_ivl_18", 1 0, L_0x7fc7328d75e0;  1 drivers
L_0x7fc7280783f8 .functor BUFT 1, C4<0100011>, C4<0>, C4<0>, C4<0>;
v0x7fc7328c3f30_0 .net/2u *"_ivl_2", 6 0, L_0x7fc7280783f8;  1 drivers
v0x7fc7328c3fe0_0 .net *"_ivl_20", 1 0, L_0x7fc7328d7740;  1 drivers
L_0x7fc728078560 .functor BUFT 1, C4<00>, C4<0>, C4<0>, C4<0>;
v0x7fc7328c4090_0 .net/2s *"_ivl_24", 1 0, L_0x7fc728078560;  1 drivers
L_0x7fc7280785a8 .functor BUFT 1, C4<0110011>, C4<0>, C4<0>, C4<0>;
v0x7fc7328c4140_0 .net/2u *"_ivl_26", 6 0, L_0x7fc7280785a8;  1 drivers
v0x7fc7328c41f0_0 .net *"_ivl_28", 0 0, L_0x7fc7328d7980;  1 drivers
L_0x7fc7280785f0 .functor BUFT 1, C4<00>, C4<0>, C4<0>, C4<0>;
v0x7fc7328c4290_0 .net/2s *"_ivl_30", 1 0, L_0x7fc7280785f0;  1 drivers
L_0x7fc728078638 .functor BUFT 1, C4<01>, C4<0>, C4<0>, C4<0>;
v0x7fc7328c4340_0 .net/2s *"_ivl_32", 1 0, L_0x7fc728078638;  1 drivers
v0x7fc7328c43f0_0 .net *"_ivl_34", 1 0, L_0x7fc7328d7aa0;  1 drivers
v0x7fc7328c3900_0 .net *"_ivl_36", 1 0, L_0x7fc7328d7c00;  1 drivers
v0x7fc7328c4680_0 .net *"_ivl_4", 0 0, L_0x7fc7328d7240;  1 drivers
L_0x7fc728078680 .functor BUFT 1, C4<00>, C4<0>, C4<0>, C4<0>;
v0x7fc7328c4710_0 .net/2u *"_ivl_40", 1 0, L_0x7fc728078680;  1 drivers
L_0x7fc7280786c8 .functor BUFT 1, C4<0110011>, C4<0>, C4<0>, C4<0>;
v0x7fc7328c47a0_0 .net/2u *"_ivl_42", 6 0, L_0x7fc7280786c8;  1 drivers
v0x7fc7328c4850_0 .net *"_ivl_44", 0 0, L_0x7fc7328d7e50;  1 drivers
L_0x7fc728078710 .functor BUFT 1, C4<10>, C4<0>, C4<0>, C4<0>;
v0x7fc7328c48f0_0 .net/2u *"_ivl_46", 1 0, L_0x7fc728078710;  1 drivers
L_0x7fc728078758 .functor BUFT 1, C4<1100011>, C4<0>, C4<0>, C4<0>;
v0x7fc7328c49a0_0 .net/2u *"_ivl_48", 6 0, L_0x7fc728078758;  1 drivers
v0x7fc7328c4a50_0 .net *"_ivl_50", 0 0, L_0x7fc7328d7fd0;  1 drivers
L_0x7fc7280787a0 .functor BUFT 1, C4<01>, C4<0>, C4<0>, C4<0>;
v0x7fc7328c4af0_0 .net/2u *"_ivl_52", 1 0, L_0x7fc7280787a0;  1 drivers
L_0x7fc7280787e8 .functor BUFT 1, C4<00>, C4<0>, C4<0>, C4<0>;
v0x7fc7328c4ba0_0 .net/2u *"_ivl_54", 1 0, L_0x7fc7280787e8;  1 drivers
v0x7fc7328c4c50_0 .net *"_ivl_56", 1 0, L_0x7fc7328d8070;  1 drivers
v0x7fc7328c4d00_0 .net *"_ivl_58", 1 0, L_0x7fc7328d8200;  1 drivers
L_0x7fc728078440 .functor BUFT 1, C4<00>, C4<0>, C4<0>, C4<0>;
v0x7fc7328c4db0_0 .net/2s *"_ivl_6", 1 0, L_0x7fc728078440;  1 drivers
L_0x7fc728078830 .functor BUFT 1, C4<00>, C4<0>, C4<0>, C4<0>;
v0x7fc7328c4e60_0 .net/2s *"_ivl_62", 1 0, L_0x7fc728078830;  1 drivers
L_0x7fc728078878 .functor BUFT 1, C4<0000011>, C4<0>, C4<0>, C4<0>;
v0x7fc7328c4f10_0 .net/2u *"_ivl_64", 6 0, L_0x7fc728078878;  1 drivers
v0x7fc7328c4fc0_0 .net *"_ivl_66", 0 0, L_0x7fc7328d8540;  1 drivers
L_0x7fc7280788c0 .functor BUFT 1, C4<01>, C4<0>, C4<0>, C4<0>;
v0x7fc7328c5060_0 .net/2s *"_ivl_68", 1 0, L_0x7fc7280788c0;  1 drivers
L_0x7fc728078908 .functor BUFT 1, C4<00>, C4<0>, C4<0>, C4<0>;
v0x7fc7328c5110_0 .net/2s *"_ivl_70", 1 0, L_0x7fc728078908;  1 drivers
v0x7fc7328c51c0_0 .net *"_ivl_72", 1 0, L_0x7fc7328d72e0;  1 drivers
v0x7fc7328c5270_0 .net *"_ivl_74", 1 0, L_0x7fc7328d88b0;  1 drivers
L_0x7fc728078950 .functor BUFT 1, C4<00>, C4<0>, C4<0>, C4<0>;
v0x7fc7328c5320_0 .net/2s *"_ivl_78", 1 0, L_0x7fc728078950;  1 drivers
L_0x7fc728078488 .functor BUFT 1, C4<1100011>, C4<0>, C4<0>, C4<0>;
v0x7fc7328c53d0_0 .net/2u *"_ivl_8", 6 0, L_0x7fc728078488;  1 drivers
L_0x7fc728078998 .functor BUFT 1, C4<0000011>, C4<0>, C4<0>, C4<0>;
v0x7fc7328c5480_0 .net/2u *"_ivl_80", 6 0, L_0x7fc728078998;  1 drivers
v0x7fc7328c5530_0 .net *"_ivl_82", 0 0, L_0x7fc7328d8b90;  1 drivers
L_0x7fc7280789e0 .functor BUFT 1, C4<01>, C4<0>, C4<0>, C4<0>;
v0x7fc7328c55d0_0 .net/2s *"_ivl_84", 1 0, L_0x7fc7280789e0;  1 drivers
L_0x7fc728078a28 .functor BUFT 1, C4<00>, C4<0>, C4<0>, C4<0>;
v0x7fc7328c5680_0 .net/2s *"_ivl_86", 1 0, L_0x7fc728078a28;  1 drivers
v0x7fc7328c5730_0 .net *"_ivl_88", 1 0, L_0x7fc7328d8c30;  1 drivers
v0x7fc7328c57e0_0 .net *"_ivl_90", 1 0, L_0x7fc7328d8d80;  1 drivers
L_0x7fc728078a70 .functor BUFT 1, C4<00>, C4<0>, C4<0>, C4<0>;
v0x7fc7328c5890_0 .net/2s *"_ivl_94", 1 0, L_0x7fc728078a70;  1 drivers
L_0x7fc728078ab8 .functor BUFT 1, C4<0100011>, C4<0>, C4<0>, C4<0>;
v0x7fc7328c5940_0 .net/2u *"_ivl_96", 6 0, L_0x7fc728078ab8;  1 drivers
v0x7fc7328c59f0_0 .net *"_ivl_98", 0 0, L_0x7fc7328d8cd0;  1 drivers
v0x7fc7328c5a90_0 .net "opcode_i", 6 0, L_0x7fc7328d9b20;  1 drivers
L_0x7fc7328d7240 .cmp/eq 7, L_0x7fc7328d9b20, L_0x7fc7280783f8;
L_0x7fc7328d73e0 .cmp/eq 7, L_0x7fc7328d9b20, L_0x7fc728078488;
L_0x7fc7328d7480 .functor MUXZ 2, L_0x7fc728078518, L_0x7fc7280784d0, L_0x7fc7328d73e0, C4<>;
L_0x7fc7328d75e0 .functor MUXZ 2, L_0x7fc7328d7480, L_0x7fc728078440, L_0x7fc7328d7240, C4<>;
L_0x7fc7328d7740 .functor MUXZ 2, L_0x7fc7328d75e0, L_0x7fc7280783b0, L_0x7fc7328e0890, C4<>;
L_0x7fc7328d7860 .part L_0x7fc7328d7740, 0, 1;
L_0x7fc7328d7980 .cmp/eq 7, L_0x7fc7328d9b20, L_0x7fc7280785a8;
L_0x7fc7328d7aa0 .functor MUXZ 2, L_0x7fc728078638, L_0x7fc7280785f0, L_0x7fc7328d7980, C4<>;
L_0x7fc7328d7c00 .functor MUXZ 2, L_0x7fc7328d7aa0, L_0x7fc728078560, L_0x7fc7328e0890, C4<>;
L_0x7fc7328d7d30 .part L_0x7fc7328d7c00, 0, 1;
L_0x7fc7328d7e50 .cmp/eq 7, L_0x7fc7328d9b20, L_0x7fc7280786c8;
L_0x7fc7328d7fd0 .cmp/eq 7, L_0x7fc7328d9b20, L_0x7fc728078758;
L_0x7fc7328d8070 .functor MUXZ 2, L_0x7fc7280787e8, L_0x7fc7280787a0, L_0x7fc7328d7fd0, C4<>;
L_0x7fc7328d8200 .functor MUXZ 2, L_0x7fc7328d8070, L_0x7fc728078710, L_0x7fc7328d7e50, C4<>;
L_0x7fc7328d8360 .functor MUXZ 2, L_0x7fc7328d8200, L_0x7fc728078680, L_0x7fc7328e0890, C4<>;
L_0x7fc7328d8540 .cmp/eq 7, L_0x7fc7328d9b20, L_0x7fc728078878;
L_0x7fc7328d72e0 .functor MUXZ 2, L_0x7fc728078908, L_0x7fc7280788c0, L_0x7fc7328d8540, C4<>;
L_0x7fc7328d88b0 .functor MUXZ 2, L_0x7fc7328d72e0, L_0x7fc728078830, L_0x7fc7328e0890, C4<>;
L_0x7fc7328d89d0 .part L_0x7fc7328d88b0, 0, 1;
L_0x7fc7328d8b90 .cmp/eq 7, L_0x7fc7328d9b20, L_0x7fc728078998;
L_0x7fc7328d8c30 .functor MUXZ 2, L_0x7fc728078a28, L_0x7fc7280789e0, L_0x7fc7328d8b90, C4<>;
L_0x7fc7328d8d80 .functor MUXZ 2, L_0x7fc7328d8c30, L_0x7fc728078950, L_0x7fc7328e0890, C4<>;
L_0x7fc7328d8ea0 .part L_0x7fc7328d8d80, 0, 1;
L_0x7fc7328d8cd0 .cmp/eq 7, L_0x7fc7328d9b20, L_0x7fc728078ab8;
L_0x7fc7328d91c0 .functor MUXZ 2, L_0x7fc728078b48, L_0x7fc728078b00, L_0x7fc7328d8cd0, C4<>;
L_0x7fc7328d9330 .functor MUXZ 2, L_0x7fc7328d91c0, L_0x7fc728078a70, L_0x7fc7328e0890, C4<>;
L_0x7fc7328d93d0 .part L_0x7fc7328d9330, 0, 1;
L_0x7fc7328d9260 .cmp/eq 7, L_0x7fc7328d9b20, L_0x7fc728078bd8;
L_0x7fc7328d9610 .functor MUXZ 2, L_0x7fc728078c68, L_0x7fc728078c20, L_0x7fc7328d9260, C4<>;
L_0x7fc7328d97a0 .functor MUXZ 2, L_0x7fc7328d9610, L_0x7fc728078b90, L_0x7fc7328e0890, C4<>;
L_0x7fc7328d9980 .part L_0x7fc7328d97a0, 0, 1;
S_0x7fc7328c5b20 .scope module, "Data_Memory" "Data_Memory" 3 138, 9 1 0, S_0x7fc7328a4f10;
 .timescale 0 0;
    .port_info 0 /INPUT 1 "clk_i";
    .port_info 1 /INPUT 32 "addr_i";
    .port_info 2 /INPUT 1 "MemRead_i";
    .port_info 3 /INPUT 1 "MemWrite_i";
    .port_info 4 /INPUT 32 "data_i";
    .port_info 5 /OUTPUT 32 "data_o";
v0x7fc7328c5c90_0 .net "MemRead_i", 0 0, v0x7fc7328c6b40_0;  1 drivers
v0x7fc7328c5d20_0 .net "MemWrite_i", 0 0, v0x7fc7328c6df0_0;  1 drivers
v0x7fc7328c5db0_0 .net *"_ivl_0", 31 0, L_0x7fc7328dfdf0;  1 drivers
v0x7fc7328c5e40_0 .net *"_ivl_2", 31 0, L_0x7fc7328dff30;  1 drivers
v0x7fc7328c5ee0_0 .net *"_ivl_4", 29 0, L_0x7fc7328dfe90;  1 drivers
L_0x7fc728079640 .functor BUFT 1, C4<00>, C4<0>, C4<0>, C4<0>;
v0x7fc7328c5fd0_0 .net *"_ivl_6", 1 0, L_0x7fc728079640;  1 drivers
L_0x7fc728079688 .functor BUFT 1, C4<00000000000000000000000000000000>, C4<0>, C4<0>, C4<0>;
v0x7fc7328c6080_0 .net/2s *"_ivl_8", 31 0, L_0x7fc728079688;  1 drivers
v0x7fc7328c6130_0 .net "addr_i", 31 0, v0x7fc7328c69e0_0;  1 drivers
v0x7fc7328c61e0_0 .net "clk_i", 0 0, v0x7fc7328d4150_0;  alias, 1 drivers
v0x7fc7328c62f0_0 .net "data_i", 31 0, v0x7fc7328c6cc0_0;  1 drivers
v0x7fc7328c6390_0 .net "data_o", 31 0, L_0x7fc7328e0090;  1 drivers
v0x7fc7328c6440 .array/s "memory", 1023 0, 31 0;
E_0x7fc7328c3340 .event posedge, v0x7fc7328c61e0_0;
L_0x7fc7328dfdf0 .array/port v0x7fc7328c6440, L_0x7fc7328dff30;
L_0x7fc7328dfe90 .part v0x7fc7328c69e0_0, 2, 30;
L_0x7fc7328dff30 .concat [ 30 2 0 0], L_0x7fc7328dfe90, L_0x7fc728079640;
L_0x7fc7328e0090 .functor MUXZ 32, L_0x7fc728079688, L_0x7fc7328dfdf0, v0x7fc7328c6b40_0, C4<>;
S_0x7fc7328c6570 .scope module, "EX_MEM" "EX_MEM" 3 55, 10 155 0, S_0x7fc7328a4f10;
 .timescale 0 0;
    .port_info 0 /INPUT 1 "clk_i";
    .port_info 1 /INPUT 1 "rst_i";
    .port_info 2 /INPUT 1 "RegWrite_i";
    .port_info 3 /INPUT 1 "MemtoReg_i";
    .port_info 4 /INPUT 1 "MemRead_i";
    .port_info 5 /INPUT 1 "MemWrite_i";
    .port_info 6 /INPUT 32 "ALUResult_i";
    .port_info 7 /INPUT 32 "MemWriteData_i";
    .port_info 8 /INPUT 5 "RDaddr_i";
    .port_info 9 /OUTPUT 1 "RegWrite_o";
    .port_info 10 /OUTPUT 1 "MemtoReg_o";
    .port_info 11 /OUTPUT 1 "MemRead_o";
    .port_info 12 /OUTPUT 1 "MemWrite_o";
    .port_info 13 /OUTPUT 32 "ALUResult_o";
    .port_info 14 /OUTPUT 32 "MemWriteData_o";
    .port_info 15 /OUTPUT 5 "RDaddr_o";
v0x7fc7328c6930_0 .net "ALUResult_i", 31 0, L_0x7fc7328dfc50;  alias, 1 drivers
v0x7fc7328c69e0_0 .var "ALUResult_o", 31 0;
v0x7fc7328c6a90_0 .net "MemRead_i", 0 0, v0x7fc7328cb1b0_0;  1 drivers
v0x7fc7328c6b40_0 .var "MemRead_o", 0 0;
v0x7fc7328c6bf0_0 .net "MemWriteData_i", 31 0, L_0x7fc7328d5cd0;  1 drivers
v0x7fc7328c6cc0_0 .var "MemWriteData_o", 31 0;
v0x7fc7328c6d60_0 .net "MemWrite_i", 0 0, v0x7fc7328cb310_0;  1 drivers
v0x7fc7328c6df0_0 .var "MemWrite_o", 0 0;
v0x7fc7328c6ea0_0 .net "MemtoReg_i", 0 0, v0x7fc7328cb4f0_0;  1 drivers
v0x7fc7328c6fb0_0 .var "MemtoReg_o", 0 0;
v0x7fc7328c7050_0 .net "RDaddr_i", 4 0, v0x7fc7328cb610_0;  1 drivers
v0x7fc7328c7100_0 .var "RDaddr_o", 4 0;
v0x7fc7328c71b0_0 .net "RegWrite_i", 0 0, v0x7fc7328cbd30_0;  1 drivers
v0x7fc7328c7250_0 .var "RegWrite_o", 0 0;
v0x7fc7328c72f0_0 .net "clk_i", 0 0, v0x7fc7328d4150_0;  alias, 1 drivers
v0x7fc7328c73a0_0 .net "rst_i", 0 0, v0x7fc7328d42e0_0;  alias, 1 drivers
E_0x7fc7328c3310/0 .event negedge, v0x7fc7328c73a0_0;
E_0x7fc7328c3310/1 .event posedge, v0x7fc7328c61e0_0;
E_0x7fc7328c3310 .event/or E_0x7fc7328c3310/0, E_0x7fc7328c3310/1;
S_0x7fc7328c7570 .scope module, "Forwarding" "Forwarding" 3 159, 11 1 0, S_0x7fc7328a4f10;
 .timescale 0 0;
    .port_info 0 /INPUT 1 "MEM_RegWrite_i";
    .port_info 1 /INPUT 5 "MEM_RDaddr_i";
    .port_info 2 /INPUT 1 "WB_RegWrite_i";
    .port_info 3 /INPUT 5 "WB_RDaddr_i";
    .port_info 4 /INPUT 5 "EX_RS1addr_i";
    .port_info 5 /INPUT 5 "EX_RS2addr_i";
    .port_info 6 /OUTPUT 2 "Forward_A_o";
    .port_info 7 /OUTPUT 2 "Forward_B_o";
L_0x7fc7328e1910 .functor AND 1, v0x7fc7328c7250_0, L_0x7fc7328e1870, C4<1>, C4<1>;
L_0x7fc7328e1aa0 .functor AND 1, L_0x7fc7328e1910, L_0x7fc7328e1980, C4<1>, C4<1>;
L_0x7fc7328e1c30 .functor AND 1, v0x7fc7328cf9a0_0, L_0x7fc7328e1b50, C4<1>, C4<1>;
L_0x7fc7328e1d80 .functor AND 1, L_0x7fc7328e1c30, L_0x7fc7328e1ce0, C4<1>, C4<1>;
L_0x7fc7328e2250 .functor AND 1, v0x7fc7328c7250_0, L_0x7fc7328e2130, C4<1>, C4<1>;
L_0x7fc7328e2420 .functor AND 1, L_0x7fc7328e2250, L_0x7fc7328e2340, C4<1>, C4<1>;
L_0x7fc7328e2640 .functor AND 1, v0x7fc7328cf9a0_0, L_0x7fc7328e2510, C4<1>, C4<1>;
L_0x7fc7328e2890 .functor AND 1, L_0x7fc7328e2640, L_0x7fc7328e26f0, C4<1>, C4<1>;
v0x7fc7328c7830_0 .net "EX_RS1addr_i", 4 0, v0x7fc7328cb770_0;  1 drivers
v0x7fc7328c78f0_0 .net "EX_RS2addr_i", 4 0, v0x7fc7328cbac0_0;  1 drivers
v0x7fc7328c7990_0 .net "Forward_A_o", 1 0, L_0x7fc7328e1fd0;  1 drivers
v0x7fc7328c7a20_0 .net "Forward_B_o", 1 0, L_0x7fc7328e2a80;  1 drivers
v0x7fc7328c7ab0_0 .net "MEM_RDaddr_i", 4 0, v0x7fc7328c7100_0;  1 drivers
v0x7fc7328c7b80_0 .net "MEM_RegWrite_i", 0 0, v0x7fc7328c7250_0;  1 drivers
v0x7fc7328c7c30_0 .net "WB_RDaddr_i", 4 0, v0x7fc7328cf7f0_0;  1 drivers
v0x7fc7328c7cc0_0 .net "WB_RegWrite_i", 0 0, v0x7fc7328cf9a0_0;  1 drivers
L_0x7fc728079880 .functor BUFT 1, C4<00000>, C4<0>, C4<0>, C4<0>;
v0x7fc7328c7d50_0 .net/2u *"_ivl_0", 4 0, L_0x7fc728079880;  1 drivers
L_0x7fc7280798c8 .functor BUFT 1, C4<10>, C4<0>, C4<0>, C4<0>;
v0x7fc7328c7e80_0 .net/2u *"_ivl_10", 1 0, L_0x7fc7280798c8;  1 drivers
L_0x7fc728079910 .functor BUFT 1, C4<00000>, C4<0>, C4<0>, C4<0>;
v0x7fc7328c7f30_0 .net/2u *"_ivl_12", 4 0, L_0x7fc728079910;  1 drivers
v0x7fc7328c7fe0_0 .net *"_ivl_14", 0 0, L_0x7fc7328e1b50;  1 drivers
v0x7fc7328c8080_0 .net *"_ivl_17", 0 0, L_0x7fc7328e1c30;  1 drivers
v0x7fc7328c8120_0 .net *"_ivl_18", 0 0, L_0x7fc7328e1ce0;  1 drivers
v0x7fc7328c81c0_0 .net *"_ivl_2", 0 0, L_0x7fc7328e1870;  1 drivers
v0x7fc7328c8260_0 .net *"_ivl_21", 0 0, L_0x7fc7328e1d80;  1 drivers
L_0x7fc728079958 .functor BUFT 1, C4<01>, C4<0>, C4<0>, C4<0>;
v0x7fc7328c8300_0 .net/2u *"_ivl_22", 1 0, L_0x7fc728079958;  1 drivers
L_0x7fc7280799a0 .functor BUFT 1, C4<00>, C4<0>, C4<0>, C4<0>;
v0x7fc7328c8490_0 .net/2u *"_ivl_24", 1 0, L_0x7fc7280799a0;  1 drivers
v0x7fc7328c8520_0 .net *"_ivl_26", 1 0, L_0x7fc7328e1e70;  1 drivers
L_0x7fc7280799e8 .functor BUFT 1, C4<00000>, C4<0>, C4<0>, C4<0>;
v0x7fc7328c85d0_0 .net/2u *"_ivl_30", 4 0, L_0x7fc7280799e8;  1 drivers
v0x7fc7328c8680_0 .net *"_ivl_32", 0 0, L_0x7fc7328e2130;  1 drivers
v0x7fc7328c8720_0 .net *"_ivl_35", 0 0, L_0x7fc7328e2250;  1 drivers
v0x7fc7328c87c0_0 .net *"_ivl_36", 0 0, L_0x7fc7328e2340;  1 drivers
v0x7fc7328c8860_0 .net *"_ivl_39", 0 0, L_0x7fc7328e2420;  1 drivers
L_0x7fc728079a30 .functor BUFT 1, C4<10>, C4<0>, C4<0>, C4<0>;
v0x7fc7328c8900_0 .net/2u *"_ivl_40", 1 0, L_0x7fc728079a30;  1 drivers
L_0x7fc728079a78 .functor BUFT 1, C4<00000>, C4<0>, C4<0>, C4<0>;
v0x7fc7328c89b0_0 .net/2u *"_ivl_42", 4 0, L_0x7fc728079a78;  1 drivers
v0x7fc7328c8a60_0 .net *"_ivl_44", 0 0, L_0x7fc7328e2510;  1 drivers
v0x7fc7328c8b00_0 .net *"_ivl_47", 0 0, L_0x7fc7328e2640;  1 drivers
v0x7fc7328c8ba0_0 .net *"_ivl_48", 0 0, L_0x7fc7328e26f0;  1 drivers
v0x7fc7328c8c40_0 .net *"_ivl_5", 0 0, L_0x7fc7328e1910;  1 drivers
v0x7fc7328c8ce0_0 .net *"_ivl_51", 0 0, L_0x7fc7328e2890;  1 drivers
L_0x7fc728079ac0 .functor BUFT 1, C4<01>, C4<0>, C4<0>, C4<0>;
v0x7fc7328c8d80_0 .net/2u *"_ivl_52", 1 0, L_0x7fc728079ac0;  1 drivers
L_0x7fc728079b08 .functor BUFT 1, C4<00>, C4<0>, C4<0>, C4<0>;
v0x7fc7328c8e30_0 .net/2u *"_ivl_54", 1 0, L_0x7fc728079b08;  1 drivers
v0x7fc7328c83b0_0 .net *"_ivl_56", 1 0, L_0x7fc7328e2900;  1 drivers
v0x7fc7328c90c0_0 .net *"_ivl_6", 0 0, L_0x7fc7328e1980;  1 drivers
v0x7fc7328c9150_0 .net *"_ivl_9", 0 0, L_0x7fc7328e1aa0;  1 drivers
L_0x7fc7328e1870 .cmp/ne 5, v0x7fc7328c7100_0, L_0x7fc728079880;
L_0x7fc7328e1980 .cmp/eq 5, v0x7fc7328c7100_0, v0x7fc7328cb770_0;
L_0x7fc7328e1b50 .cmp/ne 5, v0x7fc7328cf7f0_0, L_0x7fc728079910;
L_0x7fc7328e1ce0 .cmp/eq 5, v0x7fc7328cf7f0_0, v0x7fc7328cb770_0;
L_0x7fc7328e1e70 .functor MUXZ 2, L_0x7fc7280799a0, L_0x7fc728079958, L_0x7fc7328e1d80, C4<>;
L_0x7fc7328e1fd0 .functor MUXZ 2, L_0x7fc7328e1e70, L_0x7fc7280798c8, L_0x7fc7328e1aa0, C4<>;
L_0x7fc7328e2130 .cmp/ne 5, v0x7fc7328c7100_0, L_0x7fc7280799e8;
L_0x7fc7328e2340 .cmp/eq 5, v0x7fc7328c7100_0, v0x7fc7328cbac0_0;
L_0x7fc7328e2510 .cmp/ne 5, v0x7fc7328cf7f0_0, L_0x7fc728079a78;
L_0x7fc7328e26f0 .cmp/eq 5, v0x7fc7328cf7f0_0, v0x7fc7328cbac0_0;
L_0x7fc7328e2900 .functor MUXZ 2, L_0x7fc728079b08, L_0x7fc728079ac0, L_0x7fc7328e2890, C4<>;
L_0x7fc7328e2a80 .functor MUXZ 2, L_0x7fc7328e2900, L_0x7fc728079a30, L_0x7fc7328e2420, C4<>;
S_0x7fc7328c9290 .scope module, "Hazard_Detection" "Hazard_Detection" 3 152, 12 1 0, S_0x7fc7328a4f10;
 .timescale 0 0;
    .port_info 0 /INPUT 5 "RS1addr_i";
    .port_info 1 /INPUT 5 "RS2addr_i";
    .port_info 2 /INPUT 5 "RDaddr_i";
    .port_info 3 /INPUT 1 "MemRead_i";
    .port_info 4 /OUTPUT 1 "NoOp_o";
    .port_info 5 /OUTPUT 1 "Stall_o";
    .port_info 6 /OUTPUT 1 "PCWrite_o";
L_0x7fc7328e05d0 .functor OR 1, L_0x7fc7328e0410, L_0x7fc7328e04b0, C4<0>, C4<0>;
L_0x7fc7328e0680 .functor AND 1, v0x7fc7328cb1b0_0, L_0x7fc7328e05d0, C4<1>, C4<1>;
L_0x7fc7328e0b30 .functor OR 1, L_0x7fc7328e0970, L_0x7fc7328e0a50, C4<0>, C4<0>;
L_0x7fc7328e0c20 .functor AND 1, v0x7fc7328cb1b0_0, L_0x7fc7328e0b30, C4<1>, C4<1>;
L_0x7fc7328e1260 .functor OR 1, L_0x7fc7328e0fd0, L_0x7fc7328e10c0, C4<0>, C4<0>;
L_0x7fc7328e12d0 .functor AND 1, v0x7fc7328cb1b0_0, L_0x7fc7328e1260, C4<1>, C4<1>;
v0x7fc7328c9530_0 .net "MemRead_i", 0 0, v0x7fc7328cb1b0_0;  alias, 1 drivers
v0x7fc7328c95c0_0 .net "NoOp_o", 0 0, L_0x7fc7328e0890;  alias, 1 drivers
v0x7fc7328c9650_0 .net "PCWrite_o", 0 0, L_0x7fc7328e14c0;  1 drivers
v0x7fc7328c96e0_0 .net "RDaddr_i", 4 0, v0x7fc7328cb610_0;  alias, 1 drivers
v0x7fc7328c9790_0 .net "RS1addr_i", 4 0, L_0x7fc7328e15e0;  1 drivers
v0x7fc7328c9860_0 .net "RS2addr_i", 4 0, L_0x7fc7328e1750;  1 drivers
v0x7fc7328c9910_0 .net "Stall_o", 0 0, L_0x7fc7328e0eb0;  1 drivers
v0x7fc7328c99b0_0 .net *"_ivl_0", 0 0, L_0x7fc7328e0410;  1 drivers
L_0x7fc728079718 .functor BUFT 1, C4<00>, C4<0>, C4<0>, C4<0>;
v0x7fc7328c9a50_0 .net/2s *"_ivl_10", 1 0, L_0x7fc728079718;  1 drivers
v0x7fc7328c9b60_0 .net *"_ivl_12", 1 0, L_0x7fc7328e0730;  1 drivers
v0x7fc7328c9c10_0 .net *"_ivl_16", 0 0, L_0x7fc7328e0970;  1 drivers
v0x7fc7328c9cb0_0 .net *"_ivl_18", 0 0, L_0x7fc7328e0a50;  1 drivers
v0x7fc7328c9d50_0 .net *"_ivl_2", 0 0, L_0x7fc7328e04b0;  1 drivers
v0x7fc7328c9df0_0 .net *"_ivl_21", 0 0, L_0x7fc7328e0b30;  1 drivers
v0x7fc7328c9e90_0 .net *"_ivl_23", 0 0, L_0x7fc7328e0c20;  1 drivers
L_0x7fc728079760 .functor BUFT 1, C4<01>, C4<0>, C4<0>, C4<0>;
v0x7fc7328c9f30_0 .net/2s *"_ivl_24", 1 0, L_0x7fc728079760;  1 drivers
L_0x7fc7280797a8 .functor BUFT 1, C4<00>, C4<0>, C4<0>, C4<0>;
v0x7fc7328c9fe0_0 .net/2s *"_ivl_26", 1 0, L_0x7fc7280797a8;  1 drivers
v0x7fc7328ca170_0 .net *"_ivl_28", 1 0, L_0x7fc7328e0d10;  1 drivers
v0x7fc7328ca200_0 .net *"_ivl_32", 0 0, L_0x7fc7328e0fd0;  1 drivers
v0x7fc7328ca2a0_0 .net *"_ivl_34", 0 0, L_0x7fc7328e10c0;  1 drivers
v0x7fc7328ca340_0 .net *"_ivl_37", 0 0, L_0x7fc7328e1260;  1 drivers
v0x7fc7328ca3e0_0 .net *"_ivl_39", 0 0, L_0x7fc7328e12d0;  1 drivers
L_0x7fc7280797f0 .functor BUFT 1, C4<00>, C4<0>, C4<0>, C4<0>;
v0x7fc7328ca480_0 .net/2s *"_ivl_40", 1 0, L_0x7fc7280797f0;  1 drivers
L_0x7fc728079838 .functor BUFT 1, C4<01>, C4<0>, C4<0>, C4<0>;
v0x7fc7328ca530_0 .net/2s *"_ivl_42", 1 0, L_0x7fc728079838;  1 drivers
v0x7fc7328ca5e0_0 .net *"_ivl_44", 1 0, L_0x7fc7328e1340;  1 drivers
v0x7fc7328ca690_0 .net *"_ivl_5", 0 0, L_0x7fc7328e05d0;  1 drivers
v0x7fc7328ca730_0 .net *"_ivl_7", 0 0, L_0x7fc7328e0680;  1 drivers
L_0x7fc7280796d0 .functor BUFT 1, C4<01>, C4<0>, C4<0>, C4<0>;
v0x7fc7328ca7d0_0 .net/2s *"_ivl_8", 1 0, L_0x7fc7280796d0;  1 drivers
L_0x7fc7328e0410 .cmp/eq 5, v0x7fc7328cb610_0, L_0x7fc7328e15e0;
L_0x7fc7328e04b0 .cmp/eq 5, v0x7fc7328cb610_0, L_0x7fc7328e1750;
L_0x7fc7328e0730 .functor MUXZ 2, L_0x7fc728079718, L_0x7fc7280796d0, L_0x7fc7328e0680, C4<>;
L_0x7fc7328e0890 .part L_0x7fc7328e0730, 0, 1;
L_0x7fc7328e0970 .cmp/eq 5, v0x7fc7328cb610_0, L_0x7fc7328e15e0;
L_0x7fc7328e0a50 .cmp/eq 5, v0x7fc7328cb610_0, L_0x7fc7328e1750;
L_0x7fc7328e0d10 .functor MUXZ 2, L_0x7fc7280797a8, L_0x7fc728079760, L_0x7fc7328e0c20, C4<>;
L_0x7fc7328e0eb0 .part L_0x7fc7328e0d10, 0, 1;
L_0x7fc7328e0fd0 .cmp/eq 5, v0x7fc7328cb610_0, L_0x7fc7328e15e0;
L_0x7fc7328e10c0 .cmp/eq 5, v0x7fc7328cb610_0, L_0x7fc7328e1750;
L_0x7fc7328e1340 .functor MUXZ 2, L_0x7fc728079838, L_0x7fc7280797f0, L_0x7fc7328e12d0, C4<>;
L_0x7fc7328e14c0 .part L_0x7fc7328e1340, 0, 1;
S_0x7fc7328ca930 .scope module, "ID_EX" "ID_EX" 3 36, 10 38 0, S_0x7fc7328a4f10;
 .timescale 0 0;
    .port_info 0 /INPUT 1 "clk_i";
    .port_info 1 /INPUT 1 "rst_i";
    .port_info 2 /INPUT 1 "RegWrite_i";
    .port_info 3 /INPUT 1 "MemtoReg_i";
    .port_info 4 /INPUT 1 "MemRead_i";
    .port_info 5 /INPUT 1 "MemWrite_i";
    .port_info 6 /INPUT 2 "ALUOp_i";
    .port_info 7 /INPUT 1 "ALUSrc_i";
    .port_info 8 /INPUT 32 "RS1data_i";
    .port_info 9 /INPUT 32 "RS2data_i";
    .port_info 10 /INPUT 5 "RS1addr_i";
    .port_info 11 /INPUT 5 "RS2addr_i";
    .port_info 12 /INPUT 3 "func3_i";
    .port_info 13 /INPUT 7 "func7_i";
    .port_info 14 /INPUT 32 "immExtended_i";
    .port_info 15 /INPUT 5 "RDaddr_i";
    .port_info 16 /OUTPUT 1 "RegWrite_o";
    .port_info 17 /OUTPUT 1 "MemtoReg_o";
    .port_info 18 /OUTPUT 1 "MemRead_o";
    .port_info 19 /OUTPUT 1 "MemWrite_o";
    .port_info 20 /OUTPUT 2 "ALUOp_o";
    .port_info 21 /OUTPUT 1 "ALUSrc_o";
    .port_info 22 /OUTPUT 32 "RS1data_o";
    .port_info 23 /OUTPUT 32 "RS2data_o";
    .port_info 24 /OUTPUT 5 "RS1addr_o";
    .port_info 25 /OUTPUT 5 "RS2addr_o";
    .port_info 26 /OUTPUT 3 "func3_o";
    .port_info 27 /OUTPUT 7 "func7_o";
    .port_info 28 /OUTPUT 32 "immExtended_o";
    .port_info 29 /OUTPUT 5 "RDaddr_o";
v0x7fc7328cae60_0 .net "ALUOp_i", 1 0, L_0x7fc7328d8360;  alias, 1 drivers
v0x7fc7328caf10_0 .var "ALUOp_o", 1 0;
v0x7fc7328cafa0_0 .net "ALUSrc_i", 0 0, L_0x7fc7328d7d30;  alias, 1 drivers
v0x7fc7328cb050_0 .var "ALUSrc_o", 0 0;
v0x7fc7328cb0e0_0 .net "MemRead_i", 0 0, L_0x7fc7328d8ea0;  alias, 1 drivers
v0x7fc7328cb1b0_0 .var "MemRead_o", 0 0;
v0x7fc7328cb280_0 .net "MemWrite_i", 0 0, L_0x7fc7328d93d0;  alias, 1 drivers
v0x7fc7328cb310_0 .var "MemWrite_o", 0 0;
v0x7fc7328cb3c0_0 .net "MemtoReg_i", 0 0, L_0x7fc7328d89d0;  alias, 1 drivers
v0x7fc7328cb4f0_0 .var "MemtoReg_o", 0 0;
v0x7fc7328cb580_0 .net "RDaddr_i", 4 0, L_0x7fc7328d4f10;  1 drivers
v0x7fc7328cb610_0 .var "RDaddr_o", 4 0;
v0x7fc7328cb6e0_0 .net "RS1addr_i", 4 0, L_0x7fc7328d4bd0;  1 drivers
v0x7fc7328cb770_0 .var "RS1addr_o", 4 0;
v0x7fc7328cb800_0 .net "RS1data_i", 31 0, L_0x7fc7328d6900;  alias, 1 drivers
v0x7fc7328cb890_0 .var "RS1data_o", 31 0;
v0x7fc7328cb920_0 .net "RS2addr_i", 4 0, L_0x7fc7328d4cb0;  1 drivers
v0x7fc7328cbac0_0 .var "RS2addr_o", 4 0;
v0x7fc7328cbb80_0 .net "RS2data_i", 31 0, L_0x7fc7328d6ea0;  alias, 1 drivers
v0x7fc7328cbc10_0 .var "RS2data_o", 31 0;
v0x7fc7328cbca0_0 .net "RegWrite_i", 0 0, L_0x7fc7328d7860;  alias, 1 drivers
v0x7fc7328cbd30_0 .var "RegWrite_o", 0 0;
v0x7fc7328cbdc0_0 .net "clk_i", 0 0, v0x7fc7328d4150_0;  alias, 1 drivers
v0x7fc7328cbe90_0 .net "func3_i", 2 0, L_0x7fc7328d4d50;  1 drivers
v0x7fc7328cbf20_0 .var "func3_o", 2 0;
v0x7fc7328cbfb0_0 .net "func7_i", 6 0, L_0x7fc7328d4e70;  1 drivers
v0x7fc7328cc050_0 .var "func7_o", 6 0;
v0x7fc7328cc110_0 .net "immExtended_i", 31 0, L_0x7fc7328dc060;  alias, 1 drivers
v0x7fc7328cc1c0_0 .var "immExtended_o", 31 0;
v0x7fc7328cc260_0 .net "rst_i", 0 0, v0x7fc7328d42e0_0;  alias, 1 drivers
S_0x7fc7328cc5d0 .scope module, "IF_ID" "IF_ID" 3 27, 10 1 0, S_0x7fc7328a4f10;
 .timescale 0 0;
    .port_info 0 /INPUT 1 "clk_i";
    .port_info 1 /INPUT 1 "rst_i";
    .port_info 2 /INPUT 1 "Stall_i";
    .port_info 3 /INPUT 1 "Flush_i";
    .port_info 4 /INPUT 32 "PC_i";
    .port_info 5 /INPUT 32 "instr_i";
    .port_info 6 /OUTPUT 32 "PC_o";
    .port_info 7 /OUTPUT 32 "instr_o";
v0x7fc7328cc890_0 .net "Flush_i", 0 0, L_0x7fc7328d64d0;  alias, 1 drivers
v0x7fc7328caaa0_0 .net "PC_i", 31 0, v0x7fc7328d2b30_0;  alias, 1 drivers
v0x7fc7328cc950_0 .var "PC_o", 31 0;
v0x7fc7328cc9e0_0 .net "Stall_i", 0 0, L_0x7fc7328e0eb0;  alias, 1 drivers
v0x7fc7328cca90_0 .net "clk_i", 0 0, v0x7fc7328d4150_0;  alias, 1 drivers
v0x7fc7328ccb60_0 .net "instr_i", 31 0, L_0x7fc7328d4ae0;  1 drivers
v0x7fc7328ccbf0_0 .var "instr_o", 31 0;
v0x7fc7328ccc90_0 .net "rst_i", 0 0, v0x7fc7328d42e0_0;  alias, 1 drivers
L_0x7fc7328d4bd0 .part v0x7fc7328ccbf0_0, 15, 5;
L_0x7fc7328d4cb0 .part v0x7fc7328ccbf0_0, 20, 5;
L_0x7fc7328d4d50 .part v0x7fc7328ccbf0_0, 12, 3;
L_0x7fc7328d4e70 .part v0x7fc7328ccbf0_0, 25, 7;
L_0x7fc7328d4f10 .part v0x7fc7328ccbf0_0, 7, 5;
L_0x7fc7328d7000 .part v0x7fc7328ccbf0_0, 15, 5;
L_0x7fc7328d70a0 .part v0x7fc7328ccbf0_0, 20, 5;
L_0x7fc7328d9b20 .part v0x7fc7328ccbf0_0, 0, 7;
L_0x7fc7328e15e0 .part v0x7fc7328ccbf0_0, 15, 5;
L_0x7fc7328e1750 .part v0x7fc7328ccbf0_0, 20, 5;
S_0x7fc7328cce00 .scope module, "Imm_Gen" "Imm_Gen" 3 116, 13 1 0, S_0x7fc7328a4f10;
 .timescale 0 0;
    .port_info 0 /INPUT 32 "instr_i";
    .port_info 1 /OUTPUT 32 "immExtended_o";
v0x7fc7328ccff0_0 .net *"_ivl_1", 1 0, L_0x7fc7328d9bc0;  1 drivers
v0x7fc7328cd0a0_0 .net *"_ivl_10", 0 0, L_0x7fc7328d9d40;  1 drivers
v0x7fc7328cd140_0 .net *"_ivl_13", 0 0, L_0x7fc7328d9e60;  1 drivers
v0x7fc7328cd1d0_0 .net *"_ivl_14", 26 0, L_0x7fc7328d9f00;  1 drivers
v0x7fc7328cd270_0 .net *"_ivl_17", 4 0, L_0x7fc7328da140;  1 drivers
v0x7fc7328cd360_0 .net *"_ivl_18", 31 0, L_0x7fc7328da080;  1 drivers
L_0x7fc728078cb0 .functor BUFT 1, C4<00>, C4<0>, C4<0>, C4<0>;
v0x7fc7328cd410_0 .net/2u *"_ivl_2", 1 0, L_0x7fc728078cb0;  1 drivers
v0x7fc7328cd4c0_0 .net *"_ivl_21", 0 0, L_0x7fc7328da4c0;  1 drivers
v0x7fc7328cd570_0 .net *"_ivl_22", 19 0, L_0x7fc7328da5b0;  1 drivers
v0x7fc7328cd680_0 .net *"_ivl_25", 11 0, L_0x7fc7328da780;  1 drivers
v0x7fc7328cd730_0 .net *"_ivl_26", 31 0, L_0x7fc7328daa80;  1 drivers
v0x7fc7328cd7e0_0 .net *"_ivl_28", 31 0, L_0x7fc7328dab20;  1 drivers
v0x7fc7328cd890_0 .net *"_ivl_31", 2 0, L_0x7fc7328dac40;  1 drivers
L_0x7fc728078d40 .functor BUFT 1, C4<010>, C4<0>, C4<0>, C4<0>;
v0x7fc7328cd940_0 .net/2u *"_ivl_32", 2 0, L_0x7fc728078d40;  1 drivers
v0x7fc7328cd9f0_0 .net *"_ivl_34", 0 0, L_0x7fc7328d7140;  1 drivers
v0x7fc7328cda90_0 .net *"_ivl_37", 0 0, L_0x7fc7328daf20;  1 drivers
v0x7fc7328cdb40_0 .net *"_ivl_38", 19 0, L_0x7fc7328dafc0;  1 drivers
v0x7fc7328cdcd0_0 .net *"_ivl_4", 0 0, L_0x7fc7328d96b0;  1 drivers
v0x7fc7328cdd60_0 .net *"_ivl_41", 6 0, L_0x7fc7328db110;  1 drivers
v0x7fc7328cde00_0 .net *"_ivl_43", 4 0, L_0x7fc7328db4d0;  1 drivers
v0x7fc7328cdeb0_0 .net *"_ivl_44", 31 0, L_0x7fc7328db570;  1 drivers
v0x7fc7328cdf60_0 .net *"_ivl_47", 0 0, L_0x7fc7328db610;  1 drivers
v0x7fc7328ce010_0 .net *"_ivl_48", 19 0, L_0x7fc7328db1d0;  1 drivers
v0x7fc7328ce0c0_0 .net *"_ivl_51", 0 0, L_0x7fc7328db8d0;  1 drivers
v0x7fc7328ce170_0 .net *"_ivl_53", 0 0, L_0x7fc7328dbbd0;  1 drivers
v0x7fc7328ce220_0 .net *"_ivl_55", 5 0, L_0x7fc7328db6b0;  1 drivers
v0x7fc7328ce2d0_0 .net *"_ivl_57", 3 0, L_0x7fc7328dbd40;  1 drivers
v0x7fc7328ce380_0 .net *"_ivl_58", 31 0, L_0x7fc7328db810;  1 drivers
v0x7fc7328ce430_0 .net *"_ivl_60", 31 0, L_0x7fc7328dbfc0;  1 drivers
v0x7fc7328ce4e0_0 .net *"_ivl_7", 2 0, L_0x7fc7328d9ca0;  1 drivers
L_0x7fc728078cf8 .functor BUFT 1, C4<101>, C4<0>, C4<0>, C4<0>;
v0x7fc7328ce590_0 .net/2u *"_ivl_8", 2 0, L_0x7fc728078cf8;  1 drivers
v0x7fc7328ce640_0 .net "immExtended_o", 31 0, L_0x7fc7328dc060;  alias, 1 drivers
v0x7fc7328ce720_0 .net "instr_i", 31 0, v0x7fc7328ccbf0_0;  1 drivers
L_0x7fc7328d9bc0 .part v0x7fc7328ccbf0_0, 5, 2;
L_0x7fc7328d96b0 .cmp/eq 2, L_0x7fc7328d9bc0, L_0x7fc728078cb0;
L_0x7fc7328d9ca0 .part v0x7fc7328ccbf0_0, 12, 3;
L_0x7fc7328d9d40 .cmp/eq 3, L_0x7fc7328d9ca0, L_0x7fc728078cf8;
L_0x7fc7328d9e60 .part v0x7fc7328ccbf0_0, 24, 1;
LS_0x7fc7328d9f00_0_0 .concat [ 1 1 1 1], L_0x7fc7328d9e60, L_0x7fc7328d9e60, L_0x7fc7328d9e60, L_0x7fc7328d9e60;
LS_0x7fc7328d9f00_0_4 .concat [ 1 1 1 1], L_0x7fc7328d9e60, L_0x7fc7328d9e60, L_0x7fc7328d9e60, L_0x7fc7328d9e60;
LS_0x7fc7328d9f00_0_8 .concat [ 1 1 1 1], L_0x7fc7328d9e60, L_0x7fc7328d9e60, L_0x7fc7328d9e60, L_0x7fc7328d9e60;
LS_0x7fc7328d9f00_0_12 .concat [ 1 1 1 1], L_0x7fc7328d9e60, L_0x7fc7328d9e60, L_0x7fc7328d9e60, L_0x7fc7328d9e60;
LS_0x7fc7328d9f00_0_16 .concat [ 1 1 1 1], L_0x7fc7328d9e60, L_0x7fc7328d9e60, L_0x7fc7328d9e60, L_0x7fc7328d9e60;
LS_0x7fc7328d9f00_0_20 .concat [ 1 1 1 1], L_0x7fc7328d9e60, L_0x7fc7328d9e60, L_0x7fc7328d9e60, L_0x7fc7328d9e60;
LS_0x7fc7328d9f00_0_24 .concat [ 1 1 1 0], L_0x7fc7328d9e60, L_0x7fc7328d9e60, L_0x7fc7328d9e60;
LS_0x7fc7328d9f00_1_0 .concat [ 4 4 4 4], LS_0x7fc7328d9f00_0_0, LS_0x7fc7328d9f00_0_4, LS_0x7fc7328d9f00_0_8, LS_0x7fc7328d9f00_0_12;
LS_0x7fc7328d9f00_1_4 .concat [ 4 4 3 0], LS_0x7fc7328d9f00_0_16, LS_0x7fc7328d9f00_0_20, LS_0x7fc7328d9f00_0_24;
L_0x7fc7328d9f00 .concat [ 16 11 0 0], LS_0x7fc7328d9f00_1_0, LS_0x7fc7328d9f00_1_4;
L_0x7fc7328da140 .part v0x7fc7328ccbf0_0, 20, 5;
L_0x7fc7328da080 .concat [ 5 27 0 0], L_0x7fc7328da140, L_0x7fc7328d9f00;
L_0x7fc7328da4c0 .part v0x7fc7328ccbf0_0, 31, 1;
LS_0x7fc7328da5b0_0_0 .concat [ 1 1 1 1], L_0x7fc7328da4c0, L_0x7fc7328da4c0, L_0x7fc7328da4c0, L_0x7fc7328da4c0;
LS_0x7fc7328da5b0_0_4 .concat [ 1 1 1 1], L_0x7fc7328da4c0, L_0x7fc7328da4c0, L_0x7fc7328da4c0, L_0x7fc7328da4c0;
LS_0x7fc7328da5b0_0_8 .concat [ 1 1 1 1], L_0x7fc7328da4c0, L_0x7fc7328da4c0, L_0x7fc7328da4c0, L_0x7fc7328da4c0;
LS_0x7fc7328da5b0_0_12 .concat [ 1 1 1 1], L_0x7fc7328da4c0, L_0x7fc7328da4c0, L_0x7fc7328da4c0, L_0x7fc7328da4c0;
LS_0x7fc7328da5b0_0_16 .concat [ 1 1 1 1], L_0x7fc7328da4c0, L_0x7fc7328da4c0, L_0x7fc7328da4c0, L_0x7fc7328da4c0;
LS_0x7fc7328da5b0_1_0 .concat [ 4 4 4 4], LS_0x7fc7328da5b0_0_0, LS_0x7fc7328da5b0_0_4, LS_0x7fc7328da5b0_0_8, LS_0x7fc7328da5b0_0_12;
LS_0x7fc7328da5b0_1_4 .concat [ 4 0 0 0], LS_0x7fc7328da5b0_0_16;
L_0x7fc7328da5b0 .concat [ 16 4 0 0], LS_0x7fc7328da5b0_1_0, LS_0x7fc7328da5b0_1_4;
L_0x7fc7328da780 .part v0x7fc7328ccbf0_0, 20, 12;
L_0x7fc7328daa80 .concat [ 12 20 0 0], L_0x7fc7328da780, L_0x7fc7328da5b0;
L_0x7fc7328dab20 .functor MUXZ 32, L_0x7fc7328daa80, L_0x7fc7328da080, L_0x7fc7328d9d40, C4<>;
L_0x7fc7328dac40 .part v0x7fc7328ccbf0_0, 12, 3;
L_0x7fc7328d7140 .cmp/eq 3, L_0x7fc7328dac40, L_0x7fc728078d40;
L_0x7fc7328daf20 .part v0x7fc7328ccbf0_0, 31, 1;
LS_0x7fc7328dafc0_0_0 .concat [ 1 1 1 1], L_0x7fc7328daf20, L_0x7fc7328daf20, L_0x7fc7328daf20, L_0x7fc7328daf20;
LS_0x7fc7328dafc0_0_4 .concat [ 1 1 1 1], L_0x7fc7328daf20, L_0x7fc7328daf20, L_0x7fc7328daf20, L_0x7fc7328daf20;
LS_0x7fc7328dafc0_0_8 .concat [ 1 1 1 1], L_0x7fc7328daf20, L_0x7fc7328daf20, L_0x7fc7328daf20, L_0x7fc7328daf20;
LS_0x7fc7328dafc0_0_12 .concat [ 1 1 1 1], L_0x7fc7328daf20, L_0x7fc7328daf20, L_0x7fc7328daf20, L_0x7fc7328daf20;
LS_0x7fc7328dafc0_0_16 .concat [ 1 1 1 1], L_0x7fc7328daf20, L_0x7fc7328daf20, L_0x7fc7328daf20, L_0x7fc7328daf20;
LS_0x7fc7328dafc0_1_0 .concat [ 4 4 4 4], LS_0x7fc7328dafc0_0_0, LS_0x7fc7328dafc0_0_4, LS_0x7fc7328dafc0_0_8, LS_0x7fc7328dafc0_0_12;
LS_0x7fc7328dafc0_1_4 .concat [ 4 0 0 0], LS_0x7fc7328dafc0_0_16;
L_0x7fc7328dafc0 .concat [ 16 4 0 0], LS_0x7fc7328dafc0_1_0, LS_0x7fc7328dafc0_1_4;
L_0x7fc7328db110 .part v0x7fc7328ccbf0_0, 25, 7;
L_0x7fc7328db4d0 .part v0x7fc7328ccbf0_0, 7, 5;
L_0x7fc7328db570 .concat [ 5 7 20 0], L_0x7fc7328db4d0, L_0x7fc7328db110, L_0x7fc7328dafc0;
L_0x7fc7328db610 .part v0x7fc7328ccbf0_0, 31, 1;
LS_0x7fc7328db1d0_0_0 .concat [ 1 1 1 1], L_0x7fc7328db610, L_0x7fc7328db610, L_0x7fc7328db610, L_0x7fc7328db610;
LS_0x7fc7328db1d0_0_4 .concat [ 1 1 1 1], L_0x7fc7328db610, L_0x7fc7328db610, L_0x7fc7328db610, L_0x7fc7328db610;
LS_0x7fc7328db1d0_0_8 .concat [ 1 1 1 1], L_0x7fc7328db610, L_0x7fc7328db610, L_0x7fc7328db610, L_0x7fc7328db610;
LS_0x7fc7328db1d0_0_12 .concat [ 1 1 1 1], L_0x7fc7328db610, L_0x7fc7328db610, L_0x7fc7328db610, L_0x7fc7328db610;
LS_0x7fc7328db1d0_0_16 .concat [ 1 1 1 1], L_0x7fc7328db610, L_0x7fc7328db610, L_0x7fc7328db610, L_0x7fc7328db610;
LS_0x7fc7328db1d0_1_0 .concat [ 4 4 4 4], LS_0x7fc7328db1d0_0_0, LS_0x7fc7328db1d0_0_4, LS_0x7fc7328db1d0_0_8, LS_0x7fc7328db1d0_0_12;
LS_0x7fc7328db1d0_1_4 .concat [ 4 0 0 0], LS_0x7fc7328db1d0_0_16;
L_0x7fc7328db1d0 .concat [ 16 4 0 0], LS_0x7fc7328db1d0_1_0, LS_0x7fc7328db1d0_1_4;
L_0x7fc7328db8d0 .part v0x7fc7328ccbf0_0, 31, 1;
L_0x7fc7328dbbd0 .part v0x7fc7328ccbf0_0, 7, 1;
L_0x7fc7328db6b0 .part v0x7fc7328ccbf0_0, 25, 6;
L_0x7fc7328dbd40 .part v0x7fc7328ccbf0_0, 8, 4;
LS_0x7fc7328db810_0_0 .concat [ 4 6 1 1], L_0x7fc7328dbd40, L_0x7fc7328db6b0, L_0x7fc7328dbbd0, L_0x7fc7328db8d0;
LS_0x7fc7328db810_0_4 .concat [ 20 0 0 0], L_0x7fc7328db1d0;
L_0x7fc7328db810 .concat [ 12 20 0 0], LS_0x7fc7328db810_0_0, LS_0x7fc7328db810_0_4;
L_0x7fc7328dbfc0 .functor MUXZ 32, L_0x7fc7328db810, L_0x7fc7328db570, L_0x7fc7328d7140, C4<>;
L_0x7fc7328dc060 .functor MUXZ 32, L_0x7fc7328dbfc0, L_0x7fc7328dab20, L_0x7fc7328d96b0, C4<>;
S_0x7fc7328ce9b0 .scope module, "Instruction_Memory" "Instruction_Memory" 3 23, 14 1 0, S_0x7fc7328a4f10;
 .timescale 0 0;
    .port_info 0 /INPUT 32 "addr_i";
    .port_info 1 /OUTPUT 32 "instr_o";
L_0x7fc7328d4ae0 .functor BUFZ 32, L_0x7fc7328d4800, C4<00000000000000000000000000000000>, C4<00000000000000000000000000000000>, C4<00000000000000000000000000000000>;
v0x7fc7328cdc00_0 .net *"_ivl_0", 31 0, L_0x7fc7328d4800;  1 drivers
v0x7fc7328ceb20_0 .net *"_ivl_2", 31 0, L_0x7fc7328d4960;  1 drivers
v0x7fc7328cebc0_0 .net *"_ivl_4", 29 0, L_0x7fc7328d48a0;  1 drivers
L_0x7fc728078050 .functor BUFT 1, C4<00>, C4<0>, C4<0>, C4<0>;
v0x7fc7328cec80_0 .net *"_ivl_6", 1 0, L_0x7fc728078050;  1 drivers
v0x7fc7328ced30_0 .net "addr_i", 31 0, v0x7fc7328d2b30_0;  alias, 1 drivers
v0x7fc7328cee50_0 .net "instr_o", 31 0, L_0x7fc7328d4ae0;  alias, 1 drivers
v0x7fc7328ceee0 .array "memory", 255 0, 31 0;
L_0x7fc7328d4800 .array/port v0x7fc7328ceee0, L_0x7fc7328d4960;
L_0x7fc7328d48a0 .part v0x7fc7328d2b30_0, 2, 30;
L_0x7fc7328d4960 .concat [ 30 2 0 0], L_0x7fc7328d48a0, L_0x7fc728078050;
S_0x7fc7328cef90 .scope module, "MEM_WB" "MEM_WB" 3 67, 10 221 0, S_0x7fc7328a4f10;
 .timescale 0 0;
    .port_info 0 /INPUT 1 "clk_i";
    .port_info 1 /INPUT 1 "rst_i";
    .port_info 2 /INPUT 1 "RegWrite_i";
    .port_info 3 /INPUT 1 "MemtoReg_i";
    .port_info 4 /INPUT 32 "ALUResult_i";
    .port_info 5 /INPUT 32 "MemReadData_i";
    .port_info 6 /INPUT 5 "RDaddr_i";
    .port_info 7 /OUTPUT 1 "RegWrite_o";
    .port_info 8 /OUTPUT 1 "MemtoReg_o";
    .port_info 9 /OUTPUT 32 "ALUResult_o";
    .port_info 10 /OUTPUT 32 "MemReadData_o";
    .port_info 11 /OUTPUT 5 "RDaddr_o";
v0x7fc7328cf2d0_0 .net "ALUResult_i", 31 0, v0x7fc7328c69e0_0;  alias, 1 drivers
v0x7fc7328cf3b0_0 .var "ALUResult_o", 31 0;
v0x7fc7328cf450_0 .net "MemReadData_i", 31 0, L_0x7fc7328e0090;  alias, 1 drivers
v0x7fc7328cf520_0 .var "MemReadData_o", 31 0;
v0x7fc7328cf5b0_0 .net "MemtoReg_i", 0 0, v0x7fc7328c6fb0_0;  1 drivers
v0x7fc7328cf680_0 .var "MemtoReg_o", 0 0;
v0x7fc7328cf710_0 .net "RDaddr_i", 4 0, v0x7fc7328c7100_0;  alias, 1 drivers
v0x7fc7328cf7f0_0 .var "RDaddr_o", 4 0;
v0x7fc7328cf890_0 .net "RegWrite_i", 0 0, v0x7fc7328c7250_0;  alias, 1 drivers
v0x7fc7328cf9a0_0 .var "RegWrite_o", 0 0;
v0x7fc7328cfa30_0 .net "clk_i", 0 0, v0x7fc7328d4150_0;  alias, 1 drivers
v0x7fc7328cfb40_0 .net "rst_i", 0 0, v0x7fc7328d42e0_0;  alias, 1 drivers
S_0x7fc7328cfcd0 .scope module, "MUX_WriteReg" "MUX32" 3 146, 15 1 0, S_0x7fc7328a4f10;
 .timescale 0 0;
    .port_info 0 /INPUT 32 "Data1_i";
    .port_info 1 /INPUT 32 "Data2_i";
    .port_info 2 /INPUT 1 "Choose_i";
    .port_info 3 /OUTPUT 32 "Data_o";
v0x7fc7328cfe90_0 .net "Choose_i", 0 0, v0x7fc7328cf680_0;  1 drivers
v0x7fc7328cff40_0 .net "Data1_i", 31 0, v0x7fc7328cf3b0_0;  1 drivers
v0x7fc7328cfff0_0 .net "Data2_i", 31 0, v0x7fc7328cf520_0;  1 drivers
v0x7fc7328d00c0_0 .net "Data_o", 31 0, L_0x7fc7328e0230;  1 drivers
L_0x7fc7328e0230 .functor MUXZ 32, v0x7fc7328cf3b0_0, v0x7fc7328cf520_0, v0x7fc7328cf680_0, C4<>;
S_0x7fc7328d01a0 .scope module, "MUX_add4_branch" "MUX32" 3 168, 15 1 0, S_0x7fc7328a4f10;
 .timescale 0 0;
    .port_info 0 /INPUT 32 "Data1_i";
    .port_info 1 /INPUT 32 "Data2_i";
    .port_info 2 /INPUT 1 "Choose_i";
    .port_info 3 /OUTPUT 32 "Data_o";
v0x7fc7328d03c0_0 .net "Choose_i", 0 0, L_0x7fc7328d64d0;  alias, 1 drivers
v0x7fc7328d04a0_0 .net "Data1_i", 31 0, L_0x7fc7328d4640;  alias, 1 drivers
v0x7fc7328d0540_0 .net "Data2_i", 31 0, L_0x7fc7328d6030;  alias, 1 drivers
v0x7fc7328d0610_0 .net "Data_o", 31 0, L_0x7fc7328e2be0;  1 drivers
L_0x7fc7328e2be0 .functor MUXZ 32, L_0x7fc7328d4640, L_0x7fc7328d6030, L_0x7fc7328d64d0, C4<>;
S_0x7fc7328d0700 .scope module, "MUX_imm_rs2" "MUX32" 3 120, 15 1 0, S_0x7fc7328a4f10;
 .timescale 0 0;
    .port_info 0 /INPUT 32 "Data1_i";
    .port_info 1 /INPUT 32 "Data2_i";
    .port_info 2 /INPUT 1 "Choose_i";
    .port_info 3 /OUTPUT 32 "Data_o";
v0x7fc7328d0a20_0 .net "Choose_i", 0 0, v0x7fc7328cb050_0;  1 drivers
v0x7fc7328d0ae0_0 .net "Data1_i", 31 0, L_0x7fc7328d5cd0;  alias, 1 drivers
v0x7fc7328d0b70_0 .net "Data2_i", 31 0, v0x7fc7328cc1c0_0;  1 drivers
v0x7fc7328d0c00_0 .net "Data_o", 31 0, L_0x7fc7328dc270;  alias, 1 drivers
L_0x7fc7328dc270 .functor MUXZ 32, L_0x7fc7328d5cd0, v0x7fc7328cc1c0_0, v0x7fc7328cb050_0, C4<>;
S_0x7fc7328d0cd0 .scope module, "MUX_rs1" "MUX32_4" 3 77, 15 17 0, S_0x7fc7328a4f10;
 .timescale 0 0;
    .port_info 0 /INPUT 32 "Data1_i";
    .port_info 1 /INPUT 32 "Data2_i";
    .port_info 2 /INPUT 32 "Data3_i";
    .port_info 3 /INPUT 32 "Data4_i";
    .port_info 4 /INPUT 2 "Choose_i";
    .port_info 5 /OUTPUT 32 "Data_o";
v0x7fc7328d0f50_0 .net "Choose_i", 1 0, L_0x7fc7328e1fd0;  alias, 1 drivers
v0x7fc7328d1000_0 .net "Data1_i", 31 0, v0x7fc7328cb890_0;  1 drivers
v0x7fc7328d10b0_0 .net "Data2_i", 31 0, L_0x7fc7328e0230;  alias, 1 drivers
v0x7fc7328d1180_0 .net "Data3_i", 31 0, v0x7fc7328c69e0_0;  alias, 1 drivers
o0x7fc728045138 .functor BUFZ 32, C4<zzzzzzzzzzzzzzzzzzzzzzzzzzzzzzzz>; HiZ drive
v0x7fc7328d1210_0 .net "Data4_i", 31 0, o0x7fc728045138;  0 drivers
v0x7fc7328d12f0_0 .net "Data_o", 31 0, L_0x7fc7328d5620;  alias, 1 drivers
L_0x7fc728078098 .functor BUFT 1, C4<00>, C4<0>, C4<0>, C4<0>;
v0x7fc7328d1390_0 .net/2u *"_ivl_0", 1 0, L_0x7fc728078098;  1 drivers
v0x7fc7328d1430_0 .net *"_ivl_10", 0 0, L_0x7fc7328d5230;  1 drivers
v0x7fc7328d14d0_0 .net *"_ivl_12", 31 0, L_0x7fc7328d5350;  1 drivers
v0x7fc7328d1600_0 .net *"_ivl_14", 31 0, L_0x7fc7328d5450;  1 drivers
v0x7fc7328d16b0_0 .net *"_ivl_2", 0 0, L_0x7fc7328d4fd0;  1 drivers
L_0x7fc7280780e0 .functor BUFT 1, C4<01>, C4<0>, C4<0>, C4<0>;
v0x7fc7328d1750_0 .net/2u *"_ivl_4", 1 0, L_0x7fc7280780e0;  1 drivers
v0x7fc7328d1800_0 .net *"_ivl_6", 0 0, L_0x7fc7328d5110;  1 drivers
L_0x7fc728078128 .functor BUFT 1, C4<10>, C4<0>, C4<0>, C4<0>;
v0x7fc7328d18a0_0 .net/2u *"_ivl_8", 1 0, L_0x7fc728078128;  1 drivers
L_0x7fc7328d4fd0 .cmp/eq 2, L_0x7fc7328e1fd0, L_0x7fc728078098;
L_0x7fc7328d5110 .cmp/eq 2, L_0x7fc7328e1fd0, L_0x7fc7280780e0;
L_0x7fc7328d5230 .cmp/eq 2, L_0x7fc7328e1fd0, L_0x7fc728078128;
L_0x7fc7328d5350 .functor MUXZ 32, o0x7fc728045138, v0x7fc7328c69e0_0, L_0x7fc7328d5230, C4<>;
L_0x7fc7328d5450 .functor MUXZ 32, L_0x7fc7328d5350, L_0x7fc7328e0230, L_0x7fc7328d5110, C4<>;
L_0x7fc7328d5620 .functor MUXZ 32, L_0x7fc7328d5450, v0x7fc7328cb890_0, L_0x7fc7328d4fd0, C4<>;
S_0x7fc7328d19e0 .scope module, "MUX_rs2" "MUX32_4" 3 85, 15 17 0, S_0x7fc7328a4f10;
 .timescale 0 0;
    .port_info 0 /INPUT 32 "Data1_i";
    .port_info 1 /INPUT 32 "Data2_i";
    .port_info 2 /INPUT 32 "Data3_i";
    .port_info 3 /INPUT 32 "Data4_i";
    .port_info 4 /INPUT 2 "Choose_i";
    .port_info 5 /OUTPUT 32 "Data_o";
v0x7fc7328d1c30_0 .net "Choose_i", 1 0, L_0x7fc7328e2a80;  alias, 1 drivers
v0x7fc7328d1cc0_0 .net "Data1_i", 31 0, v0x7fc7328cbc10_0;  1 drivers
v0x7fc7328d1d70_0 .net "Data2_i", 31 0, L_0x7fc7328e0230;  alias, 1 drivers
v0x7fc7328d1e60_0 .net "Data3_i", 31 0, v0x7fc7328c69e0_0;  alias, 1 drivers
o0x7fc728045408 .functor BUFZ 32, C4<zzzzzzzzzzzzzzzzzzzzzzzzzzzzzzzz>; HiZ drive
v0x7fc7328d1f70_0 .net "Data4_i", 31 0, o0x7fc728045408;  0 drivers
v0x7fc7328d2000_0 .net "Data_o", 31 0, L_0x7fc7328d5cd0;  alias, 1 drivers
L_0x7fc728078170 .functor BUFT 1, C4<00>, C4<0>, C4<0>, C4<0>;
v0x7fc7328d20e0_0 .net/2u *"_ivl_0", 1 0, L_0x7fc728078170;  1 drivers
v0x7fc7328d2170_0 .net *"_ivl_10", 0 0, L_0x7fc7328d5980;  1 drivers
v0x7fc7328d2210_0 .net *"_ivl_12", 31 0, L_0x7fc7328d5aa0;  1 drivers
v0x7fc7328d2320_0 .net *"_ivl_14", 31 0, L_0x7fc7328d5b80;  1 drivers
v0x7fc7328d23d0_0 .net *"_ivl_2", 0 0, L_0x7fc7328d5780;  1 drivers
L_0x7fc7280781b8 .functor BUFT 1, C4<01>, C4<0>, C4<0>, C4<0>;
v0x7fc7328d2470_0 .net/2u *"_ivl_4", 1 0, L_0x7fc7280781b8;  1 drivers
v0x7fc7328d2520_0 .net *"_ivl_6", 0 0, L_0x7fc7328d58a0;  1 drivers
L_0x7fc728078200 .functor BUFT 1, C4<10>, C4<0>, C4<0>, C4<0>;
v0x7fc7328d25c0_0 .net/2u *"_ivl_8", 1 0, L_0x7fc728078200;  1 drivers
L_0x7fc7328d5780 .cmp/eq 2, L_0x7fc7328e2a80, L_0x7fc728078170;
L_0x7fc7328d58a0 .cmp/eq 2, L_0x7fc7328e2a80, L_0x7fc7280781b8;
L_0x7fc7328d5980 .cmp/eq 2, L_0x7fc7328e2a80, L_0x7fc728078200;
L_0x7fc7328d5aa0 .functor MUXZ 32, o0x7fc728045408, v0x7fc7328c69e0_0, L_0x7fc7328d5980, C4<>;
L_0x7fc7328d5b80 .functor MUXZ 32, L_0x7fc7328d5aa0, L_0x7fc7328e0230, L_0x7fc7328d58a0, C4<>;
L_0x7fc7328d5cd0 .functor MUXZ 32, L_0x7fc7328d5b80, v0x7fc7328cbc10_0, L_0x7fc7328d5780, C4<>;
S_0x7fc7328d2700 .scope module, "PC" "PC" 3 11, 16 1 0, S_0x7fc7328a4f10;
 .timescale 0 0;
    .port_info 0 /INPUT 1 "rst_i";
    .port_info 1 /INPUT 1 "clk_i";
    .port_info 2 /INPUT 1 "PCWrite_i";
    .port_info 3 /INPUT 32 "pc_i";
    .port_info 4 /OUTPUT 32 "pc_o";
v0x7fc7328d2940_0 .net "PCWrite_i", 0 0, L_0x7fc7328e14c0;  alias, 1 drivers
v0x7fc7328d29d0_0 .net "clk_i", 0 0, v0x7fc7328d4150_0;  alias, 1 drivers
v0x7fc7328d2a60_0 .net "pc_i", 31 0, L_0x7fc7328e2be0;  alias, 1 drivers
v0x7fc7328d2b30_0 .var "pc_o", 31 0;
v0x7fc7328d2bc0_0 .net "rst_i", 0 0, v0x7fc7328d42e0_0;  alias, 1 drivers
S_0x7fc7328d2d50 .scope module, "Registers" "Registers" 3 101, 17 1 0, S_0x7fc7328a4f10;
 .timescale 0 0;
    .port_info 0 /INPUT 1 "rst_i";
    .port_info 1 /INPUT 1 "clk_i";
    .port_info 2 /INPUT 5 "RS1addr_i";
    .port_info 3 /INPUT 5 "RS2addr_i";
    .port_info 4 /INPUT 5 "RDaddr_i";
    .port_info 5 /INPUT 32 "RDdata_i";
    .port_info 6 /INPUT 1 "RegWrite_i";
    .port_info 7 /OUTPUT 32 "RS1data_o";
    .port_info 8 /OUTPUT 32 "RS2data_o";
L_0x7fc7328d6650 .functor AND 1, L_0x7fc7328d65b0, v0x7fc7328cf9a0_0, C4<1>, C4<1>;
L_0x7fc7328d6bb0 .functor AND 1, L_0x7fc7328d6a60, v0x7fc7328cf9a0_0, C4<1>, C4<1>;
v0x7fc7328d3040_0 .net "RDaddr_i", 4 0, v0x7fc7328cf7f0_0;  alias, 1 drivers
v0x7fc7328d3110_0 .net "RDdata_i", 31 0, L_0x7fc7328e0230;  alias, 1 drivers
v0x7fc7328d31a0_0 .net "RS1addr_i", 4 0, L_0x7fc7328d7000;  1 drivers
v0x7fc7328d3230_0 .net "RS1data_o", 31 0, L_0x7fc7328d6900;  alias, 1 drivers
v0x7fc7328d3300_0 .net "RS2addr_i", 4 0, L_0x7fc7328d70a0;  1 drivers
v0x7fc7328d33d0_0 .net "RS2data_o", 31 0, L_0x7fc7328d6ea0;  alias, 1 drivers
v0x7fc7328d34a0_0 .net "RegWrite_i", 0 0, v0x7fc7328cf9a0_0;  alias, 1 drivers
v0x7fc7328d3570_0 .net *"_ivl_0", 0 0, L_0x7fc7328d65b0;  1 drivers
v0x7fc7328d3600_0 .net *"_ivl_12", 0 0, L_0x7fc7328d6a60;  1 drivers
v0x7fc7328d3710_0 .net *"_ivl_15", 0 0, L_0x7fc7328d6bb0;  1 drivers
v0x7fc7328d37a0_0 .net *"_ivl_16", 31 0, L_0x7fc7328d6ca0;  1 drivers
v0x7fc7328d3830_0 .net *"_ivl_18", 6 0, L_0x7fc7328d6d40;  1 drivers
L_0x7fc728078368 .functor BUFT 1, C4<00>, C4<0>, C4<0>, C4<0>;
v0x7fc7328d38c0_0 .net *"_ivl_21", 1 0, L_0x7fc728078368;  1 drivers
v0x7fc7328d3970_0 .net *"_ivl_3", 0 0, L_0x7fc7328d6650;  1 drivers
v0x7fc7328d3a10_0 .net *"_ivl_4", 31 0, L_0x7fc7328d6700;  1 drivers
v0x7fc7328d3ac0_0 .net *"_ivl_6", 6 0, L_0x7fc7328d67a0;  1 drivers
L_0x7fc728078320 .functor BUFT 1, C4<00>, C4<0>, C4<0>, C4<0>;
v0x7fc7328d3b70_0 .net *"_ivl_9", 1 0, L_0x7fc728078320;  1 drivers
v0x7fc7328d3d00_0 .net "clk_i", 0 0, v0x7fc7328d4150_0;  alias, 1 drivers
v0x7fc7328d3d90_0 .var/i "i", 31 0;
v0x7fc7328d3e20 .array/s "register", 31 0, 31 0;
v0x7fc7328d3ec0_0 .net "rst_i", 0 0, v0x7fc7328d42e0_0;  alias, 1 drivers
L_0x7fc7328d65b0 .cmp/eq 5, L_0x7fc7328d7000, v0x7fc7328cf7f0_0;
L_0x7fc7328d6700 .array/port v0x7fc7328d3e20, L_0x7fc7328d67a0;
L_0x7fc7328d67a0 .concat [ 5 2 0 0], L_0x7fc7328d7000, L_0x7fc728078320;
L_0x7fc7328d6900 .functor MUXZ 32, L_0x7fc7328d6700, L_0x7fc7328e0230, L_0x7fc7328d6650, C4<>;
L_0x7fc7328d6a60 .cmp/eq 5, L_0x7fc7328d70a0, v0x7fc7328cf7f0_0;
L_0x7fc7328d6ca0 .array/port v0x7fc7328d3e20, L_0x7fc7328d6d40;
L_0x7fc7328d6d40 .concat [ 5 2 0 0], L_0x7fc7328d70a0, L_0x7fc728078368;
L_0x7fc7328d6ea0 .functor MUXZ 32, L_0x7fc7328d6ca0, L_0x7fc7328e0230, L_0x7fc7328d6bb0, C4<>;
    .scope S_0x7fc7328d2700;
T_0 ;
    %wait E_0x7fc7328c3310;
    %load/vec4 v0x7fc7328d2bc0_0;
    %inv;
    %flag_set/vec4 8;
    %jmp/0xz  T_0.0, 8;
    %pushi/vec4 0, 0, 32;
    %assign/vec4 v0x7fc7328d2b30_0, 0;
    %jmp T_0.1;
T_0.0 ;
    %load/vec4 v0x7fc7328d2940_0;
    %flag_set/vec4 8;
    %jmp/0xz  T_0.2, 8;
    %load/vec4 v0x7fc7328d2a60_0;
    %assign/vec4 v0x7fc7328d2b30_0, 0;
T_0.2 ;
T_0.1 ;
    %jmp T_0;
    .thread T_0;
    .scope S_0x7fc7328cc5d0;
T_1 ;
    %wait E_0x7fc7328c3310;
    %load/vec4 v0x7fc7328cc890_0;
    %load/vec4 v0x7fc7328ccc90_0;
    %inv;
    %or;
    %flag_set/vec4 8;
    %jmp/0xz  T_1.0, 8;
    %pushi/vec4 0, 0, 32;
    %assign/vec4 v0x7fc7328cc950_0, 0;
    %pushi/vec4 0, 0, 32;
    %assign/vec4 v0x7fc7328ccbf0_0, 0;
    %jmp T_1.1;
T_1.0 ;
    %load/vec4 v0x7fc7328cc9e0_0;
    %nor/r;
    %flag_set/vec4 8;
    %jmp/0xz  T_1.2, 8;
    %load/vec4 v0x7fc7328caaa0_0;
    %assign/vec4 v0x7fc7328cc950_0, 0;
    %load/vec4 v0x7fc7328ccb60_0;
    %assign/vec4 v0x7fc7328ccbf0_0, 0;
T_1.2 ;
T_1.1 ;
    %jmp T_1;
    .thread T_1;
    .scope S_0x7fc7328ca930;
T_2 ;
    %wait E_0x7fc7328c3310;
    %load/vec4 v0x7fc7328cc260_0;
    %inv;
    %flag_set/vec4 8;
    %jmp/0xz  T_2.0, 8;
    %pushi/vec4 0, 0, 1;
    %assign/vec4 v0x7fc7328cbd30_0, 0;
    %pushi/vec4 0, 0, 1;
    %assign/vec4 v0x7fc7328cb4f0_0, 0;
    %pushi/vec4 0, 0, 1;
    %assign/vec4 v0x7fc7328cb1b0_0, 0;
    %pushi/vec4 0, 0, 1;
    %assign/vec4 v0x7fc7328cb310_0, 0;
    %pushi/vec4 0, 0, 2;
    %assign/vec4 v0x7fc7328caf10_0, 0;
    %pushi/vec4 0, 0, 1;
    %assign/vec4 v0x7fc7328cb050_0, 0;
    %pushi/vec4 0, 0, 32;
    %assign/vec4 v0x7fc7328cb890_0, 0;
    %pushi/vec4 0, 0, 32;
    %assign/vec4 v0x7fc7328cbc10_0, 0;
    %pushi/vec4 0, 0, 5;
    %assign/vec4 v0x7fc7328cb770_0, 0;
    %pushi/vec4 0, 0, 5;
    %assign/vec4 v0x7fc7328cbac0_0, 0;
    %pushi/vec4 0, 0, 3;
    %assign/vec4 v0x7fc7328cbf20_0, 0;
    %pushi/vec4 0, 0, 7;
    %assign/vec4 v0x7fc7328cc050_0, 0;
    %pushi/vec4 0, 0, 32;
    %assign/vec4 v0x7fc7328cc1c0_0, 0;
    %pushi/vec4 0, 0, 5;
    %assign/vec4 v0x7fc7328cb610_0, 0;
    %jmp T_2.1;
T_2.0 ;
    %load/vec4 v0x7fc7328cbca0_0;
    %assign/vec4 v0x7fc7328cbd30_0, 0;
    %load/vec4 v0x7fc7328cb3c0_0;
    %assign/vec4 v0x7fc7328cb4f0_0, 0;
    %load/vec4 v0x7fc7328cb0e0_0;
    %assign/vec4 v0x7fc7328cb1b0_0, 0;
    %load/vec4 v0x7fc7328cb280_0;
    %assign/vec4 v0x7fc7328cb310_0, 0;
    %load/vec4 v0x7fc7328cae60_0;
    %assign/vec4 v0x7fc7328caf10_0, 0;
    %load/vec4 v0x7fc7328cafa0_0;
    %assign/vec4 v0x7fc7328cb050_0, 0;
    %load/vec4 v0x7fc7328cb800_0;
    %assign/vec4 v0x7fc7328cb890_0, 0;
    %load/vec4 v0x7fc7328cbb80_0;
    %assign/vec4 v0x7fc7328cbc10_0, 0;
    %load/vec4 v0x7fc7328cb6e0_0;
    %assign/vec4 v0x7fc7328cb770_0, 0;
    %load/vec4 v0x7fc7328cb920_0;
    %assign/vec4 v0x7fc7328cbac0_0, 0;
    %load/vec4 v0x7fc7328cbe90_0;
    %assign/vec4 v0x7fc7328cbf20_0, 0;
    %load/vec4 v0x7fc7328cbfb0_0;
    %assign/vec4 v0x7fc7328cc050_0, 0;
    %load/vec4 v0x7fc7328cc110_0;
    %assign/vec4 v0x7fc7328cc1c0_0, 0;
    %load/vec4 v0x7fc7328cb580_0;
    %assign/vec4 v0x7fc7328cb610_0, 0;
T_2.1 ;
    %jmp T_2;
    .thread T_2;
    .scope S_0x7fc7328c6570;
T_3 ;
    %wait E_0x7fc7328c3310;
    %load/vec4 v0x7fc7328c73a0_0;
    %inv;
    %flag_set/vec4 8;
    %jmp/0xz  T_3.0, 8;
    %pushi/vec4 0, 0, 1;
    %assign/vec4 v0x7fc7328c7250_0, 0;
    %pushi/vec4 0, 0, 1;
    %assign/vec4 v0x7fc7328c6fb0_0, 0;
    %pushi/vec4 0, 0, 1;
    %assign/vec4 v0x7fc7328c6b40_0, 0;
    %pushi/vec4 0, 0, 1;
    %assign/vec4 v0x7fc7328c6df0_0, 0;
    %pushi/vec4 0, 0, 32;
    %assign/vec4 v0x7fc7328c69e0_0, 0;
    %pushi/vec4 0, 0, 32;
    %assign/vec4 v0x7fc7328c6cc0_0, 0;
    %pushi/vec4 0, 0, 5;
    %assign/vec4 v0x7fc7328c7100_0, 0;
    %jmp T_3.1;
T_3.0 ;
    %load/vec4 v0x7fc7328c71b0_0;
    %assign/vec4 v0x7fc7328c7250_0, 0;
    %load/vec4 v0x7fc7328c6ea0_0;
    %assign/vec4 v0x7fc7328c6fb0_0, 0;
    %load/vec4 v0x7fc7328c6a90_0;
    %assign/vec4 v0x7fc7328c6b40_0, 0;
    %load/vec4 v0x7fc7328c6d60_0;
    %assign/vec4 v0x7fc7328c6df0_0, 0;
    %load/vec4 v0x7fc7328c6930_0;
    %assign/vec4 v0x7fc7328c69e0_0, 0;
    %load/vec4 v0x7fc7328c6bf0_0;
    %assign/vec4 v0x7fc7328c6cc0_0, 0;
    %load/vec4 v0x7fc7328c7050_0;
    %assign/vec4 v0x7fc7328c7100_0, 0;
T_3.1 ;
    %jmp T_3;
    .thread T_3;
    .scope S_0x7fc7328cef90;
T_4 ;
    %wait E_0x7fc7328c3310;
    %load/vec4 v0x7fc7328cfb40_0;
    %inv;
    %flag_set/vec4 8;
    %jmp/0xz  T_4.0, 8;
    %pushi/vec4 0, 0, 1;
    %assign/vec4 v0x7fc7328cf9a0_0, 0;
    %pushi/vec4 0, 0, 1;
    %assign/vec4 v0x7fc7328cf680_0, 0;
    %pushi/vec4 0, 0, 32;
    %assign/vec4 v0x7fc7328cf3b0_0, 0;
    %pushi/vec4 0, 0, 32;
    %assign/vec4 v0x7fc7328cf520_0, 0;
    %pushi/vec4 0, 0, 5;
    %assign/vec4 v0x7fc7328cf7f0_0, 0;
    %jmp T_4.1;
T_4.0 ;
    %load/vec4 v0x7fc7328cf890_0;
    %assign/vec4 v0x7fc7328cf9a0_0, 0;
    %load/vec4 v0x7fc7328cf5b0_0;
    %assign/vec4 v0x7fc7328cf680_0, 0;
    %load/vec4 v0x7fc7328cf2d0_0;
    %assign/vec4 v0x7fc7328cf3b0_0, 0;
    %load/vec4 v0x7fc7328cf450_0;
    %assign/vec4 v0x7fc7328cf520_0, 0;
    %load/vec4 v0x7fc7328cf710_0;
    %assign/vec4 v0x7fc7328cf7f0_0, 0;
T_4.1 ;
    %jmp T_4;
    .thread T_4;
    .scope S_0x7fc7328d2d50;
T_5 ;
    %wait E_0x7fc7328c3310;
    %load/vec4 v0x7fc7328d3ec0_0;
    %inv;
    %flag_set/vec4 8;
    %jmp/0xz  T_5.0, 8;
    %pushi/vec4 0, 0, 32;
    %store/vec4 v0x7fc7328d3d90_0, 0, 32;
T_5.2 ;
    %load/vec4 v0x7fc7328d3d90_0;
    %cmpi/s 32, 0, 32;
    %jmp/0xz T_5.3, 5;
    %pushi/vec4 0, 0, 32;
    %ix/getv/s 3, v0x7fc7328d3d90_0;
    %ix/load 4, 0, 0; Constant delay
    %assign/vec4/a/d v0x7fc7328d3e20, 0, 4;
    ; show_stmt_assign_vector: Get l-value for compressed += operand
    %load/vec4 v0x7fc7328d3d90_0;
    %pushi/vec4 1, 0, 32;
    %add;
    %store/vec4 v0x7fc7328d3d90_0, 0, 32;
    %jmp T_5.2;
T_5.3 ;
    %jmp T_5.1;
T_5.0 ;
    %load/vec4 v0x7fc7328d34a0_0;
    %load/vec4 v0x7fc7328d3040_0;
    %pushi/vec4 0, 0, 5;
    %cmp/ne;
    %flag_get/vec4 4;
    %and;
    %flag_set/vec4 8;
    %jmp/0xz  T_5.4, 8;
    %load/vec4 v0x7fc7328d3110_0;
    %load/vec4 v0x7fc7328d3040_0;
    %pad/u 7;
    %ix/vec4 3;
    %ix/load 4, 0, 0; Constant delay
    %assign/vec4/a/d v0x7fc7328d3e20, 0, 4;
T_5.4 ;
T_5.1 ;
    %jmp T_5;
    .thread T_5;
    .scope S_0x7fc7328c5b20;
T_6 ;
    %wait E_0x7fc7328c3340;
    %load/vec4 v0x7fc7328c5d20_0;
    %flag_set/vec4 8;
    %jmp/0xz  T_6.0, 8;
    %load/vec4 v0x7fc7328c62f0_0;
    %load/vec4 v0x7fc7328c6130_0;
    %ix/load 4, 2, 0;
    %flag_set/imm 4, 0;
    %shiftr 4;
    %ix/vec4 3;
    %ix/load 4, 0, 0; Constant delay
    %assign/vec4/a/d v0x7fc7328c6440, 0, 4;
T_6.0 ;
    %jmp T_6;
    .thread T_6;
    .scope S_0x7fc7328a5700;
T_7 ;
    %delay 25, 0;
    %load/vec4 v0x7fc7328d4150_0;
    %inv;
    %store/vec4 v0x7fc7328d4150_0, 0, 1;
    %jmp T_7;
    .thread T_7;
    .scope S_0x7fc7328a5700;
T_8 ;
    %vpi_call 2 19 "$dumpfile", "CPU.vcd" {0 0 0};
    %vpi_call 2 20 "$dumpvars" {0 0 0};
    %pushi/vec4 0, 0, 32;
    %store/vec4 v0x7fc7328d4370_0, 0, 32;
    %pushi/vec4 0, 0, 32;
    %store/vec4 v0x7fc7328d45b0_0, 0, 32;
    %pushi/vec4 0, 0, 32;
    %store/vec4 v0x7fc7328d4400_0, 0, 32;
    %pushi/vec4 0, 0, 32;
    %store/vec4 v0x7fc7328d4490_0, 0, 32;
T_8.0 ;
    %load/vec4 v0x7fc7328d4490_0;
    %cmpi/s 256, 0, 32;
    %jmp/0xz T_8.1, 5;
    %pushi/vec4 0, 0, 32;
    %ix/getv/s 4, v0x7fc7328d4490_0;
    %store/vec4a v0x7fc7328ceee0, 4, 0;
    %load/vec4 v0x7fc7328d4490_0;
    %addi 1, 0, 32;
    %store/vec4 v0x7fc7328d4490_0, 0, 32;
    %jmp T_8.0;
T_8.1 ;
    %pushi/vec4 0, 0, 32;
    %store/vec4 v0x7fc7328d4490_0, 0, 32;
T_8.2 ;
    %load/vec4 v0x7fc7328d4490_0;
    %cmpi/s 32, 0, 32;
    %jmp/0xz T_8.3, 5;
    %pushi/vec4 0, 0, 32;
    %ix/getv/s 4, v0x7fc7328d4490_0;
    %store/vec4a v0x7fc7328c6440, 4, 0;
    %load/vec4 v0x7fc7328d4490_0;
    %addi 1, 0, 32;
    %store/vec4 v0x7fc7328d4490_0, 0, 32;
    %jmp T_8.2;
T_8.3 ;
    %vpi_call 2 37 "$readmemb", "instruction.txt", v0x7fc7328ceee0 {0 0 0};
    %vpi_func 2 41 "$fopen" 32, "output.txt" {0 0 0};
    %pushi/vec4 1, 0, 32;
    %or;
    %store/vec4 v0x7fc7328d4520_0, 0, 32;
    %pushi/vec4 0, 0, 1;
    %store/vec4 v0x7fc7328d4150_0, 0, 1;
    %pushi/vec4 1, 0, 1;
    %store/vec4 v0x7fc7328d42e0_0, 0, 1;
    %delay 6, 0;
    %pushi/vec4 0, 0, 1;
    %store/vec4 v0x7fc7328d42e0_0, 0, 1;
    %delay 6, 0;
    %pushi/vec4 1, 0, 1;
    %store/vec4 v0x7fc7328d42e0_0, 0, 1;
    %pushi/vec4 5, 0, 32;
    %ix/load 4, 0, 0;
    %flag_set/imm 4, 0;
    %store/vec4a v0x7fc7328c6440, 4, 0;
    %pushi/vec4 6, 0, 32;
    %ix/load 4, 1, 0;
    %flag_set/imm 4, 0;
    %store/vec4a v0x7fc7328c6440, 4, 0;
    %pushi/vec4 10, 0, 32;
    %ix/load 4, 2, 0;
    %flag_set/imm 4, 0;
    %store/vec4a v0x7fc7328c6440, 4, 0;
    %pushi/vec4 18, 0, 32;
    %ix/load 4, 3, 0;
    %flag_set/imm 4, 0;
    %store/vec4a v0x7fc7328c6440, 4, 0;
    %pushi/vec4 29, 0, 32;
    %ix/load 4, 4, 0;
    %flag_set/imm 4, 0;
    %store/vec4a v0x7fc7328c6440, 4, 0;
    %pushi/vec4 4294967272, 0, 32;
    %ix/load 4, 24, 0;
    %flag_set/imm 4, 0;
    %store/vec4a v0x7fc7328d3e20, 4, 0;
    %pushi/vec4 4294967271, 0, 32;
    %ix/load 4, 25, 0;
    %flag_set/imm 4, 0;
    %store/vec4a v0x7fc7328d3e20, 4, 0;
    %pushi/vec4 4294967270, 0, 32;
    %ix/load 4, 26, 0;
    %flag_set/imm 4, 0;
    %store/vec4a v0x7fc7328d3e20, 4, 0;
    %pushi/vec4 4294967269, 0, 32;
    %ix/load 4, 27, 0;
    %flag_set/imm 4, 0;
    %store/vec4a v0x7fc7328d3e20, 4, 0;
    %pushi/vec4 56, 0, 32;
    %ix/load 4, 28, 0;
    %flag_set/imm 4, 0;
    %store/vec4a v0x7fc7328d3e20, 4, 0;
    %pushi/vec4 58, 0, 32;
    %ix/load 4, 29, 0;
    %flag_set/imm 4, 0;
    %store/vec4a v0x7fc7328d3e20, 4, 0;
    %pushi/vec4 60, 0, 32;
    %ix/load 4, 30, 0;
    %flag_set/imm 4, 0;
    %store/vec4a v0x7fc7328d3e20, 4, 0;
    %pushi/vec4 62, 0, 32;
    %ix/load 4, 31, 0;
    %flag_set/imm 4, 0;
    %store/vec4a v0x7fc7328d3e20, 4, 0;
    %pushi/vec4 0, 0, 32;
    %store/vec4 v0x7fc7328ccbf0_0, 0, 32;
    %pushi/vec4 0, 0, 32;
    %store/vec4 v0x7fc7328cc950_0, 0, 32;
    %pushi/vec4 0, 0, 1;
    %store/vec4 v0x7fc7328cbd30_0, 0, 1;
    %pushi/vec4 0, 0, 1;
    %store/vec4 v0x7fc7328cb4f0_0, 0, 1;
    %pushi/vec4 0, 0, 1;
    %store/vec4 v0x7fc7328cb1b0_0, 0, 1;
    %pushi/vec4 0, 0, 1;
    %store/vec4 v0x7fc7328cb310_0, 0, 1;
    %pushi/vec4 0, 0, 2;
    %store/vec4 v0x7fc7328caf10_0, 0, 2;
    %pushi/vec4 0, 0, 1;
    %assign/vec4 v0x7fc7328cb050_0, 0;
    %pushi/vec4 0, 0, 32;
    %store/vec4 v0x7fc7328cb890_0, 0, 32;
    %pushi/vec4 0, 0, 32;
    %store/vec4 v0x7fc7328cbc10_0, 0, 32;
    %pushi/vec4 0, 0, 32;
    %store/vec4 v0x7fc7328cc1c0_0, 0, 32;
    %pushi/vec4 0, 0, 3;
    %store/vec4 v0x7fc7328cbf20_0, 0, 3;
    %pushi/vec4 0, 0, 7;
    %store/vec4 v0x7fc7328cc050_0, 0, 7;
    %pushi/vec4 0, 0, 5;
    %store/vec4 v0x7fc7328cb770_0, 0, 5;
    %pushi/vec4 0, 0, 5;
    %store/vec4 v0x7fc7328cbac0_0, 0, 5;
    %pushi/vec4 0, 0, 5;
    %store/vec4 v0x7fc7328cb610_0, 0, 5;
    %pushi/vec4 0, 0, 1;
    %store/vec4 v0x7fc7328c7250_0, 0, 1;
    %pushi/vec4 0, 0, 1;
    %store/vec4 v0x7fc7328c6fb0_0, 0, 1;
    %pushi/vec4 0, 0, 1;
    %store/vec4 v0x7fc7328c6b40_0, 0, 1;
    %pushi/vec4 0, 0, 1;
    %store/vec4 v0x7fc7328c6df0_0, 0, 1;
    %pushi/vec4 0, 0, 32;
    %store/vec4 v0x7fc7328c69e0_0, 0, 32;
    %pushi/vec4 0, 0, 32;
    %store/vec4 v0x7fc7328c6cc0_0, 0, 32;
    %pushi/vec4 0, 0, 5;
    %store/vec4 v0x7fc7328c7100_0, 0, 5;
    %pushi/vec4 0, 0, 1;
    %store/vec4 v0x7fc7328cf9a0_0, 0, 1;
    %pushi/vec4 0, 0, 1;
    %store/vec4 v0x7fc7328cf680_0, 0, 1;
    %pushi/vec4 0, 0, 32;
    %store/vec4 v0x7fc7328cf3b0_0, 0, 32;
    %pushi/vec4 0, 0, 32;
    %store/vec4 v0x7fc7328cf520_0, 0, 32;
    %pushi/vec4 0, 0, 5;
    %store/vec4 v0x7fc7328cf7f0_0, 0, 5;
    %end;
    .thread T_8;
    .scope S_0x7fc7328a5700;
T_9 ;
    %wait E_0x7fc7328c3340;
    %load/vec4 v0x7fc7328d4370_0;
    %cmpi/e 64, 0, 32;
    %jmp/0xz  T_9.0, 4;
    %vpi_call 2 105 "$finish" {0 0 0};
T_9.0 ;
    %load/vec4 v0x7fc7328c9910_0;
    %pad/u 32;
    %pushi/vec4 1, 0, 32;
    %cmp/e;
    %flag_get/vec4 4;
    %load/vec4 v0x7fc7328c2e90_0;
    %pad/u 32;
    %pushi/vec4 0, 0, 32;
    %cmp/e;
    %flag_get/vec4 4;
    %and;
    %flag_set/vec4 8;
    %jmp/0xz  T_9.2, 8;
    %load/vec4 v0x7fc7328d45b0_0;
    %addi 1, 0, 32;
    %store/vec4 v0x7fc7328d45b0_0, 0, 32;
T_9.2 ;
    %load/vec4 v0x7fc7328c1fd0_0;
    %pad/u 32;
    %cmpi/e 1, 0, 32;
    %jmp/0xz  T_9.4, 4;
    %load/vec4 v0x7fc7328d4400_0;
    %addi 1, 0, 32;
    %store/vec4 v0x7fc7328d4400_0, 0, 32;
T_9.4 ;
    %vpi_call 2 113 "$fdisplay", v0x7fc7328d4520_0, "cycle = %d, Stall = %0d, Flush = %0d\012PC = %d", v0x7fc7328d4370_0, v0x7fc7328d45b0_0, v0x7fc7328d4400_0, v0x7fc7328d2b30_0 {0 0 0};
    %vpi_call 2 117 "$fdisplay", v0x7fc7328d4520_0, "Registers" {0 0 0};
    %vpi_call 2 118 "$fdisplay", v0x7fc7328d4520_0, "x0 = %d, x8  = %d, x16 = %d, x24 = %d", &A<v0x7fc7328d3e20, 0>, &A<v0x7fc7328d3e20, 8>, &A<v0x7fc7328d3e20, 16>, &A<v0x7fc7328d3e20, 24> {0 0 0};
    %vpi_call 2 119 "$fdisplay", v0x7fc7328d4520_0, "x1 = %d, x9  = %d, x17 = %d, x25 = %d", &A<v0x7fc7328d3e20, 1>, &A<v0x7fc7328d3e20, 9>, &A<v0x7fc7328d3e20, 17>, &A<v0x7fc7328d3e20, 25> {0 0 0};
    %vpi_call 2 120 "$fdisplay", v0x7fc7328d4520_0, "x2 = %d, x10 = %d, x18 = %d, x26 = %d", &A<v0x7fc7328d3e20, 2>, &A<v0x7fc7328d3e20, 10>, &A<v0x7fc7328d3e20, 18>, &A<v0x7fc7328d3e20, 26> {0 0 0};
    %vpi_call 2 121 "$fdisplay", v0x7fc7328d4520_0, "x3 = %d, x11 = %d, x19 = %d, x27 = %d", &A<v0x7fc7328d3e20, 3>, &A<v0x7fc7328d3e20, 11>, &A<v0x7fc7328d3e20, 19>, &A<v0x7fc7328d3e20, 27> {0 0 0};
    %vpi_call 2 122 "$fdisplay", v0x7fc7328d4520_0, "x4 = %d, x12 = %d, x20 = %d, x28 = %d", &A<v0x7fc7328d3e20, 4>, &A<v0x7fc7328d3e20, 12>, &A<v0x7fc7328d3e20, 20>, &A<v0x7fc7328d3e20, 28> {0 0 0};
    %vpi_call 2 123 "$fdisplay", v0x7fc7328d4520_0, "x5 = %d, x13 = %d, x21 = %d, x29 = %d", &A<v0x7fc7328d3e20, 5>, &A<v0x7fc7328d3e20, 13>, &A<v0x7fc7328d3e20, 21>, &A<v0x7fc7328d3e20, 29> {0 0 0};
    %vpi_call 2 124 "$fdisplay", v0x7fc7328d4520_0, "x6 = %d, x14 = %d, x22 = %d, x30 = %d", &A<v0x7fc7328d3e20, 6>, &A<v0x7fc7328d3e20, 14>, &A<v0x7fc7328d3e20, 22>, &A<v0x7fc7328d3e20, 30> {0 0 0};
    %vpi_call 2 125 "$fdisplay", v0x7fc7328d4520_0, "x7 = %d, x15 = %d, x23 = %d, x31 = %d", &A<v0x7fc7328d3e20, 7>, &A<v0x7fc7328d3e20, 15>, &A<v0x7fc7328d3e20, 23>, &A<v0x7fc7328d3e20, 31> {0 0 0};
    %vpi_call 2 129 "$fdisplay", v0x7fc7328d4520_0, "Data Memory: 0x00 = %10d", &A<v0x7fc7328c6440, 0> {0 0 0};
    %vpi_call 2 130 "$fdisplay", v0x7fc7328d4520_0, "Data Memory: 0x04 = %10d", &A<v0x7fc7328c6440, 1> {0 0 0};
    %vpi_call 2 131 "$fdisplay", v0x7fc7328d4520_0, "Data Memory: 0x08 = %10d", &A<v0x7fc7328c6440, 2> {0 0 0};
    %vpi_call 2 132 "$fdisplay", v0x7fc7328d4520_0, "Data Memory: 0x0C = %10d", &A<v0x7fc7328c6440, 3> {0 0 0};
    %vpi_call 2 133 "$fdisplay", v0x7fc7328d4520_0, "Data Memory: 0x10 = %10d", &A<v0x7fc7328c6440, 4> {0 0 0};
    %vpi_call 2 134 "$fdisplay", v0x7fc7328d4520_0, "Data Memory: 0x14 = %10d", &A<v0x7fc7328c6440, 5> {0 0 0};
    %vpi_call 2 135 "$fdisplay", v0x7fc7328d4520_0, "Data Memory: 0x18 = %10d", &A<v0x7fc7328c6440, 6> {0 0 0};
    %vpi_call 2 136 "$fdisplay", v0x7fc7328d4520_0, "Data Memory: 0x1C = %10d", &A<v0x7fc7328c6440, 7> {0 0 0};
    %vpi_call 2 138 "$fdisplay", v0x7fc7328d4520_0, "\012" {0 0 0};
    %load/vec4 v0x7fc7328d4370_0;
    %addi 1, 0, 32;
    %store/vec4 v0x7fc7328d4370_0, 0, 32;
    %jmp T_9;
    .thread T_9;
# The file index is used to find the file name in the following table.
:file_names 18;
    "N/A";
    "<interactive>";
    "testbench.v";
    "CPU.v";
    "ALU.v";
    "ALU_Control.v";
    "Adder.v";
    "Branch_Unit.v";
    "Control.v";
    "Data_Memory.v";
    "Pipeline_Registers.v";
    "Forwarding.v";
    "Hazard_Detection.v";
    "Imm_Gen.v";
    "Instruction_Memory.v";
    "MUX32.v";
    "PC.v";
    "Registers.v";
