#! /usr/local/Cellar/icarus-verilog/11.0/bin/vvp
:ivl_version "11.0 (stable)";
:ivl_delay_selection "TYPICAL";
:vpi_time_precision + 0;
:vpi_module "/usr/local/Cellar/icarus-verilog/11.0/lib/ivl/system.vpi";
:vpi_module "/usr/local/Cellar/icarus-verilog/11.0/lib/ivl/vhdl_sys.vpi";
:vpi_module "/usr/local/Cellar/icarus-verilog/11.0/lib/ivl/vhdl_textio.vpi";
:vpi_module "/usr/local/Cellar/icarus-verilog/11.0/lib/ivl/v2005_math.vpi";
:vpi_module "/usr/local/Cellar/icarus-verilog/11.0/lib/ivl/va_math.vpi";
S_0x7fc434705c80 .scope module, "TestBench" "TestBench" 2 3;
 .timescale 0 0;
v0x7fc435059300_0 .var "Clk", 0 0;
v0x7fc435059390_0 .var "Reset", 0 0;
v0x7fc435059420_0 .var/i "counter", 31 0;
v0x7fc4350594d0_0 .var/i "i", 31 0;
v0x7fc435059570_0 .var/i "outfile", 31 0;
E_0x7fc434705e00 .event posedge, v0x7fc435057900_0;
S_0x7fc434705e30 .scope module, "CPU" "CPU" 2 11, 3 1 0, S_0x7fc434705c80;
 .timescale 0 0;
    .port_info 0 /INPUT 1 "clk_i";
    .port_info 1 /INPUT 1 "rst_i";
    .port_info 2 /NODIR 0 "";
P_0x7fc434706000 .param/l "adder_const" 0 3 11, C4<00000000000000000000000000000100>;
v0x7fc435059150_0 .net "clk_i", 0 0, v0x7fc435059300_0;  1 drivers
v0x7fc435059220_0 .net "rst_i", 0 0, v0x7fc435059390_0;  1 drivers
S_0x7fc435040de0 .scope module, "ALU" "ALU" 3 56, 4 1 0, S_0x7fc434705e30;
 .timescale 0 0;
    .port_info 0 /INPUT 3 "ALUCtr_i";
    .port_info 1 /INPUT 32 "RS1data_i";
    .port_info 2 /INPUT 32 "RS2data_i";
    .port_info 3 /OUTPUT 1 "Zero_o";
    .port_info 4 /OUTPUT 32 "RDdata_o";
L_0x7fc43505b4a0 .functor AND 32, L_0x7fc435059c20, L_0x7fc43505acd0, C4<11111111111111111111111111111111>, C4<11111111111111111111111111111111>;
L_0x7fc43505b5f0 .functor XOR 32, L_0x7fc435059c20, L_0x7fc43505acd0, C4<00000000000000000000000000000000>, C4<00000000000000000000000000000000>;
v0x7fc435040b80_0 .net "ALUCtr_i", 2 0, L_0x7fc43505ef00;  1 drivers
v0x7fc435051780_0 .net "RDdata_o", 31 0, L_0x7fc43505c820;  1 drivers
v0x7fc435051820_0 .net/s "RS1data_i", 31 0, L_0x7fc435059c20;  1 drivers
v0x7fc4350518b0_0 .net "RS2data_i", 31 0, L_0x7fc43505acd0;  1 drivers
o0x7fc4380180c8 .functor BUFZ 1, C4<z>; HiZ drive
v0x7fc435051960_0 .net "Zero_o", 0 0, o0x7fc4380180c8;  0 drivers
L_0x7fc438050320 .functor BUFT 1, C4<000>, C4<0>, C4<0>, C4<0>;
v0x7fc435051a40_0 .net/2u *"_ivl_0", 2 0, L_0x7fc438050320;  1 drivers
v0x7fc435051af0_0 .net *"_ivl_10", 31 0, L_0x7fc43505b5f0;  1 drivers
L_0x7fc4380503b0 .functor BUFT 1, C4<010>, C4<0>, C4<0>, C4<0>;
v0x7fc435051ba0_0 .net/2u *"_ivl_12", 2 0, L_0x7fc4380503b0;  1 drivers
v0x7fc435051c50_0 .net *"_ivl_14", 0 0, L_0x7fc43505b760;  1 drivers
v0x7fc435051d60_0 .net *"_ivl_16", 31 0, L_0x7fc43505b880;  1 drivers
L_0x7fc4380503f8 .functor BUFT 1, C4<011>, C4<0>, C4<0>, C4<0>;
v0x7fc435051e00_0 .net/2u *"_ivl_18", 2 0, L_0x7fc4380503f8;  1 drivers
v0x7fc435051eb0_0 .net *"_ivl_2", 0 0, L_0x7fc43505b400;  1 drivers
v0x7fc435051f50_0 .net *"_ivl_20", 0 0, L_0x7fc43505b920;  1 drivers
v0x7fc435051ff0_0 .net *"_ivl_22", 31 0, L_0x7fc43505b9c0;  1 drivers
L_0x7fc438050440 .functor BUFT 1, C4<100>, C4<0>, C4<0>, C4<0>;
v0x7fc4350520a0_0 .net/2u *"_ivl_24", 2 0, L_0x7fc438050440;  1 drivers
v0x7fc435052150_0 .net *"_ivl_26", 0 0, L_0x7fc43505bac0;  1 drivers
v0x7fc4350521f0_0 .net *"_ivl_28", 31 0, L_0x7fc43505bb60;  1 drivers
L_0x7fc438050488 .functor BUFT 1, C4<101>, C4<0>, C4<0>, C4<0>;
v0x7fc435052380_0 .net/2u *"_ivl_30", 2 0, L_0x7fc438050488;  1 drivers
v0x7fc435052410_0 .net *"_ivl_32", 0 0, L_0x7fc43505bd60;  1 drivers
v0x7fc4350524b0_0 .net *"_ivl_35", 31 0, L_0x7fc43505be00;  1 drivers
v0x7fc435052560_0 .net *"_ivl_37", 4 0, L_0x7fc43505c0a0;  1 drivers
v0x7fc435052610_0 .net *"_ivl_38", 31 0, L_0x7fc43505b660;  1 drivers
v0x7fc4350526c0_0 .net *"_ivl_4", 31 0, L_0x7fc43505b4a0;  1 drivers
v0x7fc435052770_0 .net *"_ivl_40", 31 0, L_0x7fc43505c140;  1 drivers
v0x7fc435052820_0 .net *"_ivl_42", 31 0, L_0x7fc43505c290;  1 drivers
v0x7fc4350528d0_0 .net *"_ivl_44", 31 0, L_0x7fc43505c3b0;  1 drivers
v0x7fc435052980_0 .net *"_ivl_46", 31 0, L_0x7fc43505c550;  1 drivers
v0x7fc435052a30_0 .net *"_ivl_48", 31 0, L_0x7fc43505c6b0;  1 drivers
L_0x7fc438050368 .functor BUFT 1, C4<001>, C4<0>, C4<0>, C4<0>;
v0x7fc435052ae0_0 .net/2u *"_ivl_6", 2 0, L_0x7fc438050368;  1 drivers
v0x7fc435052b90_0 .net *"_ivl_8", 0 0, L_0x7fc43505b510;  1 drivers
L_0x7fc43505b400 .cmp/eq 3, L_0x7fc43505ef00, L_0x7fc438050320;
L_0x7fc43505b510 .cmp/eq 3, L_0x7fc43505ef00, L_0x7fc438050368;
L_0x7fc43505b760 .cmp/eq 3, L_0x7fc43505ef00, L_0x7fc4380503b0;
L_0x7fc43505b880 .shift/l 32, L_0x7fc435059c20, L_0x7fc43505acd0;
L_0x7fc43505b920 .cmp/eq 3, L_0x7fc43505ef00, L_0x7fc4380503f8;
L_0x7fc43505b9c0 .arith/sum 32, L_0x7fc435059c20, L_0x7fc43505acd0;
L_0x7fc43505bac0 .cmp/eq 3, L_0x7fc43505ef00, L_0x7fc438050440;
L_0x7fc43505bb60 .arith/sub 32, L_0x7fc435059c20, L_0x7fc43505acd0;
L_0x7fc43505bd60 .cmp/eq 3, L_0x7fc43505ef00, L_0x7fc438050488;
L_0x7fc43505be00 .arith/mult 32, L_0x7fc435059c20, L_0x7fc43505acd0;
L_0x7fc43505c0a0 .part L_0x7fc43505acd0, 0, 5;
L_0x7fc43505b660 .shift/r 32, L_0x7fc435059c20, L_0x7fc43505c0a0;
L_0x7fc43505c140 .functor MUXZ 32, L_0x7fc43505b660, L_0x7fc43505be00, L_0x7fc43505bd60, C4<>;
L_0x7fc43505c290 .functor MUXZ 32, L_0x7fc43505c140, L_0x7fc43505bb60, L_0x7fc43505bac0, C4<>;
L_0x7fc43505c3b0 .functor MUXZ 32, L_0x7fc43505c290, L_0x7fc43505b9c0, L_0x7fc43505b920, C4<>;
L_0x7fc43505c550 .functor MUXZ 32, L_0x7fc43505c3b0, L_0x7fc43505b880, L_0x7fc43505b760, C4<>;
L_0x7fc43505c6b0 .functor MUXZ 32, L_0x7fc43505c550, L_0x7fc43505b5f0, L_0x7fc43505b510, C4<>;
L_0x7fc43505c820 .functor MUXZ 32, L_0x7fc43505c6b0, L_0x7fc43505b4a0, L_0x7fc43505b400, C4<>;
S_0x7fc435052cb0 .scope module, "ALU_Control" "ALU_Control" 3 62, 5 1 0, S_0x7fc434705e30;
 .timescale 0 0;
    .port_info 0 /INPUT 2 "ALUOp_i";
    .port_info 1 /INPUT 3 "func3_i";
    .port_info 2 /INPUT 7 "func7_i";
    .port_info 3 /OUTPUT 3 "ALUCtr_o";
L_0x7fc43505cb80 .functor AND 1, L_0x7fc43505c9c0, L_0x7fc43505caa0, C4<1>, C4<1>;
L_0x7fc43505ceb0 .functor AND 1, L_0x7fc43505cc70, L_0x7fc43505cd90, C4<1>, C4<1>;
L_0x7fc43505d160 .functor AND 1, L_0x7fc43505cfa0, L_0x7fc43505d080, C4<1>, C4<1>;
L_0x7fc43505d490 .functor AND 1, L_0x7fc43505d250, L_0x7fc43505d370, C4<1>, C4<1>;
L_0x7fc43505d6b0 .functor AND 1, L_0x7fc43505d490, L_0x7fc43505d580, C4<1>, C4<1>;
L_0x7fc43505d980 .functor AND 1, L_0x7fc43505d760, L_0x7fc43505d840, C4<1>, C4<1>;
L_0x7fc43505dc90 .functor AND 1, L_0x7fc43505d980, L_0x7fc43505bc60, C4<1>, C4<1>;
L_0x7fc43505e040 .functor AND 1, L_0x7fc43505ddc0, L_0x7fc43505dfa0, C4<1>, C4<1>;
L_0x7fc43505e210 .functor AND 1, L_0x7fc43505e040, L_0x7fc43505e130, C4<1>, C4<1>;
L_0x7fc43505e5c0 .functor AND 1, L_0x7fc43505e370, L_0x7fc43505e450, C4<1>, C4<1>;
v0x7fc435052e80_0 .net "ALUCtr_o", 2 0, L_0x7fc43505ef00;  alias, 1 drivers
v0x7fc435052f10_0 .net "ALUOp_i", 1 0, L_0x7fc43505a890;  1 drivers
L_0x7fc4380504d0 .functor BUFT 1, C4<01>, C4<0>, C4<0>, C4<0>;
v0x7fc435052fb0_0 .net/2u *"_ivl_0", 1 0, L_0x7fc4380504d0;  1 drivers
L_0x7fc438050560 .functor BUFT 1, C4<000>, C4<0>, C4<0>, C4<0>;
v0x7fc435053070_0 .net/2u *"_ivl_10", 2 0, L_0x7fc438050560;  1 drivers
L_0x7fc438050b48 .functor BUFT 1, C4<011>, C4<0>, C4<0>, C4<0>;
v0x7fc435053120_0 .net/2u *"_ivl_100", 2 0, L_0x7fc438050b48;  1 drivers
L_0x7fc438050b90 .functor BUFT 1, C4<111>, C4<0>, C4<0>, C4<0>;
v0x7fc435053210_0 .net/2u *"_ivl_102", 2 0, L_0x7fc438050b90;  1 drivers
v0x7fc4350532c0_0 .net *"_ivl_104", 2 0, L_0x7fc43505e650;  1 drivers
v0x7fc435053370_0 .net *"_ivl_106", 2 0, L_0x7fc43505e7d0;  1 drivers
v0x7fc435053420_0 .net *"_ivl_108", 2 0, L_0x7fc43505e910;  1 drivers
v0x7fc435053530_0 .net *"_ivl_110", 2 0, L_0x7fc43505ea70;  1 drivers
v0x7fc4350535e0_0 .net *"_ivl_112", 2 0, L_0x7fc43505ec00;  1 drivers
v0x7fc435053690_0 .net *"_ivl_114", 2 0, L_0x7fc43505ed60;  1 drivers
L_0x7fc4380505a8 .functor BUFT 1, C4<01>, C4<0>, C4<0>, C4<0>;
v0x7fc435053740_0 .net/2u *"_ivl_12", 1 0, L_0x7fc4380505a8;  1 drivers
v0x7fc4350537f0_0 .net *"_ivl_14", 0 0, L_0x7fc43505cc70;  1 drivers
L_0x7fc4380505f0 .functor BUFT 1, C4<100>, C4<0>, C4<0>, C4<0>;
v0x7fc435053890_0 .net/2u *"_ivl_16", 2 0, L_0x7fc4380505f0;  1 drivers
v0x7fc435053940_0 .net *"_ivl_18", 0 0, L_0x7fc43505cd90;  1 drivers
v0x7fc4350539e0_0 .net *"_ivl_2", 0 0, L_0x7fc43505c9c0;  1 drivers
v0x7fc435053b70_0 .net *"_ivl_21", 0 0, L_0x7fc43505ceb0;  1 drivers
L_0x7fc438050638 .functor BUFT 1, C4<001>, C4<0>, C4<0>, C4<0>;
v0x7fc435053c00_0 .net/2u *"_ivl_22", 2 0, L_0x7fc438050638;  1 drivers
L_0x7fc438050680 .functor BUFT 1, C4<01>, C4<0>, C4<0>, C4<0>;
v0x7fc435053c90_0 .net/2u *"_ivl_24", 1 0, L_0x7fc438050680;  1 drivers
v0x7fc435053d40_0 .net *"_ivl_26", 0 0, L_0x7fc43505cfa0;  1 drivers
L_0x7fc4380506c8 .functor BUFT 1, C4<001>, C4<0>, C4<0>, C4<0>;
v0x7fc435053de0_0 .net/2u *"_ivl_28", 2 0, L_0x7fc4380506c8;  1 drivers
v0x7fc435053e90_0 .net *"_ivl_30", 0 0, L_0x7fc43505d080;  1 drivers
v0x7fc435053f30_0 .net *"_ivl_33", 0 0, L_0x7fc43505d160;  1 drivers
L_0x7fc438050710 .functor BUFT 1, C4<010>, C4<0>, C4<0>, C4<0>;
v0x7fc435053fd0_0 .net/2u *"_ivl_34", 2 0, L_0x7fc438050710;  1 drivers
L_0x7fc438050758 .functor BUFT 1, C4<01>, C4<0>, C4<0>, C4<0>;
v0x7fc435054080_0 .net/2u *"_ivl_36", 1 0, L_0x7fc438050758;  1 drivers
v0x7fc435054130_0 .net *"_ivl_38", 0 0, L_0x7fc43505d250;  1 drivers
L_0x7fc438050518 .functor BUFT 1, C4<111>, C4<0>, C4<0>, C4<0>;
v0x7fc4350541d0_0 .net/2u *"_ivl_4", 2 0, L_0x7fc438050518;  1 drivers
L_0x7fc4380507a0 .functor BUFT 1, C4<000>, C4<0>, C4<0>, C4<0>;
v0x7fc435054280_0 .net/2u *"_ivl_40", 2 0, L_0x7fc4380507a0;  1 drivers
v0x7fc435054330_0 .net *"_ivl_42", 0 0, L_0x7fc43505d370;  1 drivers
v0x7fc4350543d0_0 .net *"_ivl_45", 0 0, L_0x7fc43505d490;  1 drivers
L_0x7fc4380507e8 .functor BUFT 1, C4<0000000>, C4<0>, C4<0>, C4<0>;
v0x7fc435054470_0 .net/2u *"_ivl_46", 6 0, L_0x7fc4380507e8;  1 drivers
v0x7fc435054520_0 .net *"_ivl_48", 0 0, L_0x7fc43505d580;  1 drivers
v0x7fc435053a80_0 .net *"_ivl_51", 0 0, L_0x7fc43505d6b0;  1 drivers
L_0x7fc438050830 .functor BUFT 1, C4<011>, C4<0>, C4<0>, C4<0>;
v0x7fc4350547b0_0 .net/2u *"_ivl_52", 2 0, L_0x7fc438050830;  1 drivers
L_0x7fc438050878 .functor BUFT 1, C4<01>, C4<0>, C4<0>, C4<0>;
v0x7fc435054840_0 .net/2u *"_ivl_54", 1 0, L_0x7fc438050878;  1 drivers
v0x7fc4350548d0_0 .net *"_ivl_56", 0 0, L_0x7fc43505d760;  1 drivers
L_0x7fc4380508c0 .functor BUFT 1, C4<000>, C4<0>, C4<0>, C4<0>;
v0x7fc435054960_0 .net/2u *"_ivl_58", 2 0, L_0x7fc4380508c0;  1 drivers
v0x7fc435054a10_0 .net *"_ivl_6", 0 0, L_0x7fc43505caa0;  1 drivers
v0x7fc435054ab0_0 .net *"_ivl_60", 0 0, L_0x7fc43505d840;  1 drivers
v0x7fc435054b50_0 .net *"_ivl_63", 0 0, L_0x7fc43505d980;  1 drivers
L_0x7fc438050908 .functor BUFT 1, C4<0100000>, C4<0>, C4<0>, C4<0>;
v0x7fc435054bf0_0 .net/2u *"_ivl_64", 6 0, L_0x7fc438050908;  1 drivers
v0x7fc435054ca0_0 .net *"_ivl_66", 0 0, L_0x7fc43505bc60;  1 drivers
v0x7fc435054d40_0 .net *"_ivl_69", 0 0, L_0x7fc43505dc90;  1 drivers
L_0x7fc438050950 .functor BUFT 1, C4<100>, C4<0>, C4<0>, C4<0>;
v0x7fc435054de0_0 .net/2u *"_ivl_70", 2 0, L_0x7fc438050950;  1 drivers
L_0x7fc438050998 .functor BUFT 1, C4<01>, C4<0>, C4<0>, C4<0>;
v0x7fc435054e90_0 .net/2u *"_ivl_72", 1 0, L_0x7fc438050998;  1 drivers
v0x7fc435054f40_0 .net *"_ivl_74", 0 0, L_0x7fc43505ddc0;  1 drivers
L_0x7fc4380509e0 .functor BUFT 1, C4<000>, C4<0>, C4<0>, C4<0>;
v0x7fc435054fe0_0 .net/2u *"_ivl_76", 2 0, L_0x7fc4380509e0;  1 drivers
v0x7fc435055090_0 .net *"_ivl_78", 0 0, L_0x7fc43505dfa0;  1 drivers
v0x7fc435055130_0 .net *"_ivl_81", 0 0, L_0x7fc43505e040;  1 drivers
L_0x7fc438050a28 .functor BUFT 1, C4<0000001>, C4<0>, C4<0>, C4<0>;
v0x7fc4350551d0_0 .net/2u *"_ivl_82", 6 0, L_0x7fc438050a28;  1 drivers
v0x7fc435055280_0 .net *"_ivl_84", 0 0, L_0x7fc43505e130;  1 drivers
v0x7fc435055320_0 .net *"_ivl_87", 0 0, L_0x7fc43505e210;  1 drivers
L_0x7fc438050a70 .functor BUFT 1, C4<101>, C4<0>, C4<0>, C4<0>;
v0x7fc4350553c0_0 .net/2u *"_ivl_88", 2 0, L_0x7fc438050a70;  1 drivers
v0x7fc435055470_0 .net *"_ivl_9", 0 0, L_0x7fc43505cb80;  1 drivers
L_0x7fc438050ab8 .functor BUFT 1, C4<00>, C4<0>, C4<0>, C4<0>;
v0x7fc435055510_0 .net/2u *"_ivl_90", 1 0, L_0x7fc438050ab8;  1 drivers
v0x7fc4350555c0_0 .net *"_ivl_92", 0 0, L_0x7fc43505e370;  1 drivers
L_0x7fc438050b00 .functor BUFT 1, C4<000>, C4<0>, C4<0>, C4<0>;
v0x7fc435055660_0 .net/2u *"_ivl_94", 2 0, L_0x7fc438050b00;  1 drivers
v0x7fc435055710_0 .net *"_ivl_96", 0 0, L_0x7fc43505e450;  1 drivers
v0x7fc4350557b0_0 .net *"_ivl_99", 0 0, L_0x7fc43505e5c0;  1 drivers
v0x7fc435055850_0 .net "func3_i", 2 0, L_0x7fc43505f0e0;  1 drivers
v0x7fc435055900_0 .net "func7_i", 6 0, L_0x7fc43505f2d0;  1 drivers
L_0x7fc43505c9c0 .cmp/eq 2, L_0x7fc43505a890, L_0x7fc4380504d0;
L_0x7fc43505caa0 .cmp/eq 3, L_0x7fc43505f0e0, L_0x7fc438050518;
L_0x7fc43505cc70 .cmp/eq 2, L_0x7fc43505a890, L_0x7fc4380505a8;
L_0x7fc43505cd90 .cmp/eq 3, L_0x7fc43505f0e0, L_0x7fc4380505f0;
L_0x7fc43505cfa0 .cmp/eq 2, L_0x7fc43505a890, L_0x7fc438050680;
L_0x7fc43505d080 .cmp/eq 3, L_0x7fc43505f0e0, L_0x7fc4380506c8;
L_0x7fc43505d250 .cmp/eq 2, L_0x7fc43505a890, L_0x7fc438050758;
L_0x7fc43505d370 .cmp/eq 3, L_0x7fc43505f0e0, L_0x7fc4380507a0;
L_0x7fc43505d580 .cmp/eq 7, L_0x7fc43505f2d0, L_0x7fc4380507e8;
L_0x7fc43505d760 .cmp/eq 2, L_0x7fc43505a890, L_0x7fc438050878;
L_0x7fc43505d840 .cmp/eq 3, L_0x7fc43505f0e0, L_0x7fc4380508c0;
L_0x7fc43505bc60 .cmp/eq 7, L_0x7fc43505f2d0, L_0x7fc438050908;
L_0x7fc43505ddc0 .cmp/eq 2, L_0x7fc43505a890, L_0x7fc438050998;
L_0x7fc43505dfa0 .cmp/eq 3, L_0x7fc43505f0e0, L_0x7fc4380509e0;
L_0x7fc43505e130 .cmp/eq 7, L_0x7fc43505f2d0, L_0x7fc438050a28;
L_0x7fc43505e370 .cmp/eq 2, L_0x7fc43505a890, L_0x7fc438050ab8;
L_0x7fc43505e450 .cmp/eq 3, L_0x7fc43505f0e0, L_0x7fc438050b00;
L_0x7fc43505e650 .functor MUXZ 3, L_0x7fc438050b90, L_0x7fc438050b48, L_0x7fc43505e5c0, C4<>;
L_0x7fc43505e7d0 .functor MUXZ 3, L_0x7fc43505e650, L_0x7fc438050a70, L_0x7fc43505e210, C4<>;
L_0x7fc43505e910 .functor MUXZ 3, L_0x7fc43505e7d0, L_0x7fc438050950, L_0x7fc43505dc90, C4<>;
L_0x7fc43505ea70 .functor MUXZ 3, L_0x7fc43505e910, L_0x7fc438050830, L_0x7fc43505d6b0, C4<>;
L_0x7fc43505ec00 .functor MUXZ 3, L_0x7fc43505ea70, L_0x7fc438050710, L_0x7fc43505d160, C4<>;
L_0x7fc43505ed60 .functor MUXZ 3, L_0x7fc43505ec00, L_0x7fc438050638, L_0x7fc43505ceb0, C4<>;
L_0x7fc43505ef00 .functor MUXZ 3, L_0x7fc43505ed60, L_0x7fc438050560, L_0x7fc43505cb80, C4<>;
S_0x7fc435055a10 .scope module, "Add_PC" "Adder" 3 40, 6 1 0, S_0x7fc434705e30;
 .timescale 0 0;
    .port_info 0 /INPUT 32 "pc_base_i";
    .port_info 1 /INPUT 32 "pc_offset_i";
    .port_info 2 /OUTPUT 32 "pc_o";
v0x7fc435055bd0_0 .net "pc_base_i", 31 0, v0x7fc435057a70_0;  1 drivers
v0x7fc435055c70_0 .net "pc_o", 31 0, L_0x7fc43505ab10;  1 drivers
L_0x7fc4380502d8 .functor BUFT 1, C4<00000000000000000000000000000100>, C4<0>, C4<0>, C4<0>;
v0x7fc435055d20_0 .net "pc_offset_i", 31 0, L_0x7fc4380502d8;  1 drivers
L_0x7fc43505ab10 .arith/sum 32, v0x7fc435057a70_0, L_0x7fc4380502d8;
S_0x7fc435055e30 .scope module, "Control" "Control" 3 36, 7 1 0, S_0x7fc434705e30;
 .timescale 0 0;
    .port_info 0 /INPUT 7 "opcode_i";
    .port_info 1 /OUTPUT 2 "ALUOp_o";
    .port_info 2 /OUTPUT 1 "ALUSrc_o";
    .port_info 3 /OUTPUT 1 "RegWrite_o";
    .port_info 4 /NODIR 0 "";
v0x7fc435056070_0 .net "ALUOp_o", 1 0, L_0x7fc43505a890;  alias, 1 drivers
v0x7fc435056140_0 .net "ALUSrc_o", 0 0, L_0x7fc43505a5d0;  1 drivers
L_0x7fc4380500e0 .functor BUFT 1, C4<1>, C4<0>, C4<0>, C4<0>;
v0x7fc4350561d0_0 .net "RegWrite_o", 0 0, L_0x7fc4380500e0;  1 drivers
v0x7fc435056280_0 .net *"_ivl_10", 1 0, L_0x7fc43505a470;  1 drivers
L_0x7fc438050200 .functor BUFT 1, C4<0110011>, C4<0>, C4<0>, C4<0>;
v0x7fc435056330_0 .net/2u *"_ivl_14", 6 0, L_0x7fc438050200;  1 drivers
v0x7fc435056420_0 .net *"_ivl_16", 0 0, L_0x7fc43505a6f0;  1 drivers
L_0x7fc438050248 .functor BUFT 1, C4<01>, C4<0>, C4<0>, C4<0>;
v0x7fc4350564c0_0 .net/2u *"_ivl_18", 1 0, L_0x7fc438050248;  1 drivers
L_0x7fc438050128 .functor BUFT 1, C4<0110011>, C4<0>, C4<0>, C4<0>;
v0x7fc435056570_0 .net/2u *"_ivl_2", 6 0, L_0x7fc438050128;  1 drivers
L_0x7fc438050290 .functor BUFT 1, C4<00>, C4<0>, C4<0>, C4<0>;
v0x7fc435056620_0 .net/2u *"_ivl_20", 1 0, L_0x7fc438050290;  1 drivers
v0x7fc435056730_0 .net *"_ivl_4", 0 0, L_0x7fc43505a390;  1 drivers
L_0x7fc438050170 .functor BUFT 1, C4<00>, C4<0>, C4<0>, C4<0>;
v0x7fc4350567d0_0 .net/2s *"_ivl_6", 1 0, L_0x7fc438050170;  1 drivers
L_0x7fc4380501b8 .functor BUFT 1, C4<01>, C4<0>, C4<0>, C4<0>;
v0x7fc435056880_0 .net/2s *"_ivl_8", 1 0, L_0x7fc4380501b8;  1 drivers
v0x7fc435056930_0 .net "opcode_i", 6 0, L_0x7fc43505aa30;  1 drivers
L_0x7fc43505a390 .cmp/eq 7, L_0x7fc43505aa30, L_0x7fc438050128;
L_0x7fc43505a470 .functor MUXZ 2, L_0x7fc4380501b8, L_0x7fc438050170, L_0x7fc43505a390, C4<>;
L_0x7fc43505a5d0 .part L_0x7fc43505a470, 0, 1;
L_0x7fc43505a6f0 .cmp/eq 7, L_0x7fc43505aa30, L_0x7fc438050200;
L_0x7fc43505a890 .functor MUXZ 2, L_0x7fc438050290, L_0x7fc438050248, L_0x7fc43505a6f0, C4<>;
S_0x7fc435056a40 .scope module, "Instruction_Memory" "Instruction_Memory" 3 20, 8 1 0, S_0x7fc434705e30;
 .timescale 0 0;
    .port_info 0 /INPUT 32 "addr_i";
    .port_info 1 /OUTPUT 32 "instr_o";
L_0x7fc435059970 .functor BUFZ 32, L_0x7fc435059660, C4<00000000000000000000000000000000>, C4<00000000000000000000000000000000>, C4<00000000000000000000000000000000>;
v0x7fc435056c30_0 .net *"_ivl_0", 31 0, L_0x7fc435059660;  1 drivers
v0x7fc435056ce0_0 .net *"_ivl_2", 31 0, L_0x7fc435059810;  1 drivers
v0x7fc435056d80_0 .net *"_ivl_4", 29 0, L_0x7fc435059730;  1 drivers
L_0x7fc438050008 .functor BUFT 1, C4<00>, C4<0>, C4<0>, C4<0>;
v0x7fc435056e30_0 .net *"_ivl_6", 1 0, L_0x7fc438050008;  1 drivers
v0x7fc435056ee0_0 .net "addr_i", 31 0, v0x7fc435057a70_0;  alias, 1 drivers
v0x7fc435056fc0_0 .net "instr_o", 31 0, L_0x7fc435059970;  1 drivers
v0x7fc435057060 .array "memory", 255 0, 31 0;
L_0x7fc435059660 .array/port v0x7fc435057060, L_0x7fc435059810;
L_0x7fc435059730 .part v0x7fc435057a70_0, 2, 30;
L_0x7fc435059810 .concat [ 30 2 0 0], L_0x7fc435059730, L_0x7fc438050008;
L_0x7fc43505a000 .part L_0x7fc435059970, 15, 5;
L_0x7fc43505a120 .part L_0x7fc435059970, 20, 5;
L_0x7fc43505a230 .part L_0x7fc435059970, 7, 5;
L_0x7fc43505aa30 .part L_0x7fc435059970, 0, 7;
L_0x7fc43505b360 .part L_0x7fc435059970, 20, 12;
L_0x7fc43505f0e0 .part L_0x7fc435059970, 12, 3;
L_0x7fc43505f2d0 .part L_0x7fc435059970, 25, 7;
S_0x7fc435057130 .scope module, "MUX_ALUSrc" "MUX32" 3 46, 9 1 0, S_0x7fc434705e30;
 .timescale 0 0;
    .port_info 0 /INPUT 1 "ALUSrc_i";
    .port_info 1 /INPUT 32 "RS2data_i";
    .port_info 2 /INPUT 32 "imm_i";
    .port_info 3 /OUTPUT 32 "RS2data_o";
v0x7fc435057370_0 .net "ALUSrc_i", 0 0, L_0x7fc43505a5d0;  alias, 1 drivers
v0x7fc435057420_0 .net "RS2data_i", 31 0, L_0x7fc435059f10;  1 drivers
v0x7fc4350574c0_0 .net "RS2data_o", 31 0, L_0x7fc43505acd0;  alias, 1 drivers
v0x7fc435057590_0 .net "imm_i", 31 0, L_0x7fc43505b060;  1 drivers
L_0x7fc43505acd0 .functor MUXZ 32, L_0x7fc435059f10, L_0x7fc43505b060, L_0x7fc43505a5d0, C4<>;
S_0x7fc435057690 .scope module, "PC" "PC" 3 14, 10 1 0, S_0x7fc434705e30;
 .timescale 0 0;
    .port_info 0 /INPUT 1 "clk_i";
    .port_info 1 /INPUT 1 "rst_i";
    .port_info 2 /INPUT 32 "pc_i";
    .port_info 3 /OUTPUT 32 "pc_o";
v0x7fc435057900_0 .net "clk_i", 0 0, v0x7fc435059300_0;  alias, 1 drivers
v0x7fc4350579b0_0 .net "pc_i", 31 0, L_0x7fc43505ab10;  alias, 1 drivers
v0x7fc435057a70_0 .var "pc_o", 31 0;
v0x7fc435057b60_0 .net "rst_i", 0 0, v0x7fc435059390_0;  alias, 1 drivers
E_0x7fc4350578b0/0 .event negedge, v0x7fc435057b60_0;
E_0x7fc4350578b0/1 .event posedge, v0x7fc435057900_0;
E_0x7fc4350578b0 .event/or E_0x7fc4350578b0/0, E_0x7fc4350578b0/1;
S_0x7fc435057c30 .scope module, "Registers" "Registers" 3 24, 11 1 0, S_0x7fc434705e30;
 .timescale 0 0;
    .port_info 0 /INPUT 1 "clk_i";
    .port_info 1 /INPUT 1 "rst_i";
    .port_info 2 /INPUT 5 "RS1addr_i";
    .port_info 3 /INPUT 5 "RS2addr_i";
    .port_info 4 /INPUT 5 "RDaddr_i";
    .port_info 5 /INPUT 32 "RDdata_i";
    .port_info 6 /INPUT 1 "RegWrite_i";
    .port_info 7 /OUTPUT 32 "RS1data_o";
    .port_info 8 /OUTPUT 32 "RS2data_o";
L_0x7fc435059c20 .functor BUFZ 32, L_0x7fc435059a20, C4<00000000000000000000000000000000>, C4<00000000000000000000000000000000>, C4<00000000000000000000000000000000>;
L_0x7fc435059f10 .functor BUFZ 32, L_0x7fc435059d10, C4<00000000000000000000000000000000>, C4<00000000000000000000000000000000>, C4<00000000000000000000000000000000>;
v0x7fc435057f20_0 .net "RDaddr_i", 4 0, L_0x7fc43505a230;  1 drivers
v0x7fc435057fe0_0 .net "RDdata_i", 31 0, L_0x7fc43505c820;  alias, 1 drivers
v0x7fc435058080_0 .net "RS1addr_i", 4 0, L_0x7fc43505a000;  1 drivers
v0x7fc435058130_0 .net "RS1data_o", 31 0, L_0x7fc435059c20;  alias, 1 drivers
v0x7fc4350581f0_0 .net "RS2addr_i", 4 0, L_0x7fc43505a120;  1 drivers
v0x7fc4350582d0_0 .net "RS2data_o", 31 0, L_0x7fc435059f10;  alias, 1 drivers
v0x7fc435058370_0 .net "RegWrite_i", 0 0, L_0x7fc4380500e0;  alias, 1 drivers
v0x7fc435058420_0 .net *"_ivl_0", 31 0, L_0x7fc435059a20;  1 drivers
v0x7fc4350584b0_0 .net *"_ivl_10", 6 0, L_0x7fc435059db0;  1 drivers
L_0x7fc438050098 .functor BUFT 1, C4<00>, C4<0>, C4<0>, C4<0>;
v0x7fc4350585e0_0 .net *"_ivl_13", 1 0, L_0x7fc438050098;  1 drivers
v0x7fc435058690_0 .net *"_ivl_2", 6 0, L_0x7fc435059ac0;  1 drivers
L_0x7fc438050050 .functor BUFT 1, C4<00>, C4<0>, C4<0>, C4<0>;
v0x7fc435058740_0 .net *"_ivl_5", 1 0, L_0x7fc438050050;  1 drivers
v0x7fc4350587f0_0 .net *"_ivl_8", 31 0, L_0x7fc435059d10;  1 drivers
v0x7fc4350588a0_0 .net "clk_i", 0 0, v0x7fc435059300_0;  alias, 1 drivers
v0x7fc435058950_0 .var/i "i", 31 0;
v0x7fc4350589e0 .array/s "register", 31 0, 31 0;
v0x7fc435058a70_0 .net "rst_i", 0 0, v0x7fc435059390_0;  alias, 1 drivers
L_0x7fc435059a20 .array/port v0x7fc4350589e0, L_0x7fc435059ac0;
L_0x7fc435059ac0 .concat [ 5 2 0 0], L_0x7fc43505a000, L_0x7fc438050050;
L_0x7fc435059d10 .array/port v0x7fc4350589e0, L_0x7fc435059db0;
L_0x7fc435059db0 .concat [ 5 2 0 0], L_0x7fc43505a120, L_0x7fc438050098;
S_0x7fc435058c50 .scope module, "Sign_Extend" "Sign_Extend" 3 52, 12 1 0, S_0x7fc434705e30;
 .timescale 0 0;
    .port_info 0 /INPUT 12 "imm_i";
    .port_info 1 /OUTPUT 32 "extendimm_o";
v0x7fc435058e80_0 .net *"_ivl_1", 0 0, L_0x7fc43505adb0;  1 drivers
v0x7fc435058f40_0 .net *"_ivl_2", 19 0, L_0x7fc43505ae50;  1 drivers
v0x7fc435058fe0_0 .net "extendimm_o", 31 0, L_0x7fc43505b060;  alias, 1 drivers
v0x7fc435059090_0 .net "imm_i", 11 0, L_0x7fc43505b360;  1 drivers
L_0x7fc43505adb0 .part L_0x7fc43505b360, 11, 1;
LS_0x7fc43505ae50_0_0 .concat [ 1 1 1 1], L_0x7fc43505adb0, L_0x7fc43505adb0, L_0x7fc43505adb0, L_0x7fc43505adb0;
LS_0x7fc43505ae50_0_4 .concat [ 1 1 1 1], L_0x7fc43505adb0, L_0x7fc43505adb0, L_0x7fc43505adb0, L_0x7fc43505adb0;
LS_0x7fc43505ae50_0_8 .concat [ 1 1 1 1], L_0x7fc43505adb0, L_0x7fc43505adb0, L_0x7fc43505adb0, L_0x7fc43505adb0;
LS_0x7fc43505ae50_0_12 .concat [ 1 1 1 1], L_0x7fc43505adb0, L_0x7fc43505adb0, L_0x7fc43505adb0, L_0x7fc43505adb0;
LS_0x7fc43505ae50_0_16 .concat [ 1 1 1 1], L_0x7fc43505adb0, L_0x7fc43505adb0, L_0x7fc43505adb0, L_0x7fc43505adb0;
LS_0x7fc43505ae50_1_0 .concat [ 4 4 4 4], LS_0x7fc43505ae50_0_0, LS_0x7fc43505ae50_0_4, LS_0x7fc43505ae50_0_8, LS_0x7fc43505ae50_0_12;
LS_0x7fc43505ae50_1_4 .concat [ 4 0 0 0], LS_0x7fc43505ae50_0_16;
L_0x7fc43505ae50 .concat [ 16 4 0 0], LS_0x7fc43505ae50_1_0, LS_0x7fc43505ae50_1_4;
L_0x7fc43505b060 .concat [ 12 20 0 0], L_0x7fc43505b360, L_0x7fc43505ae50;
    .scope S_0x7fc435057690;
T_0 ;
    %wait E_0x7fc4350578b0;
    %load/vec4 v0x7fc435057b60_0;
    %inv;
    %flag_set/vec4 8;
    %jmp/0xz  T_0.0, 8;
    %pushi/vec4 0, 0, 32;
    %assign/vec4 v0x7fc435057a70_0, 0;
    %jmp T_0.1;
T_0.0 ;
    %load/vec4 v0x7fc4350579b0_0;
    %assign/vec4 v0x7fc435057a70_0, 0;
T_0.1 ;
    %jmp T_0;
    .thread T_0;
    .scope S_0x7fc435057c30;
T_1 ;
    %wait E_0x7fc4350578b0;
    %load/vec4 v0x7fc435058a70_0;
    %inv;
    %flag_set/vec4 8;
    %jmp/0xz  T_1.0, 8;
    %pushi/vec4 0, 0, 32;
    %store/vec4 v0x7fc435058950_0, 0, 32;
T_1.2 ;
    %load/vec4 v0x7fc435058950_0;
    %cmpi/s 32, 0, 32;
    %jmp/0xz T_1.3, 5;
    %pushi/vec4 0, 0, 32;
    %ix/getv/s 3, v0x7fc435058950_0;
    %ix/load 4, 0, 0; Constant delay
    %assign/vec4/a/d v0x7fc4350589e0, 0, 4;
    ; show_stmt_assign_vector: Get l-value for compressed += operand
    %load/vec4 v0x7fc435058950_0;
    %pushi/vec4 1, 0, 32;
    %add;
    %store/vec4 v0x7fc435058950_0, 0, 32;
    %jmp T_1.2;
T_1.3 ;
    %jmp T_1.1;
T_1.0 ;
    %load/vec4 v0x7fc435058370_0;
    %load/vec4 v0x7fc435057f20_0;
    %pushi/vec4 0, 0, 5;
    %cmp/ne;
    %flag_get/vec4 4;
    %and;
    %flag_set/vec4 8;
    %jmp/0xz  T_1.4, 8;
    %load/vec4 v0x7fc435057fe0_0;
    %load/vec4 v0x7fc435057f20_0;
    %pad/u 7;
    %ix/vec4 3;
    %ix/load 4, 0, 0; Constant delay
    %assign/vec4/a/d v0x7fc4350589e0, 0, 4;
T_1.4 ;
T_1.1 ;
    %jmp T_1;
    .thread T_1;
    .scope S_0x7fc434705c80;
T_2 ;
    %delay 25, 0;
    %load/vec4 v0x7fc435059300_0;
    %inv;
    %store/vec4 v0x7fc435059300_0, 0, 1;
    %jmp T_2;
    .thread T_2;
    .scope S_0x7fc434705c80;
T_3 ;
    %vpi_call 2 18 "$dumpfile", "CPU.vcd" {0 0 0};
    %vpi_call 2 19 "$dumpvars" {0 0 0};
    %pushi/vec4 0, 0, 32;
    %store/vec4 v0x7fc435059420_0, 0, 32;
    %pushi/vec4 0, 0, 32;
    %store/vec4 v0x7fc4350594d0_0, 0, 32;
T_3.0 ;
    %load/vec4 v0x7fc4350594d0_0;
    %cmpi/s 256, 0, 32;
    %jmp/0xz T_3.1, 5;
    %pushi/vec4 0, 0, 32;
    %ix/getv/s 4, v0x7fc4350594d0_0;
    %store/vec4a v0x7fc435057060, 4, 0;
    %load/vec4 v0x7fc4350594d0_0;
    %addi 1, 0, 32;
    %store/vec4 v0x7fc4350594d0_0, 0, 32;
    %jmp T_3.0;
T_3.1 ;
    %vpi_call 2 29 "$readmemb", "instruction.txt", v0x7fc435057060 {0 0 0};
    %vpi_func 2 32 "$fopen" 32, "output.txt" {0 0 0};
    %pushi/vec4 1, 0, 32;
    %or;
    %store/vec4 v0x7fc435059570_0, 0, 32;
    %pushi/vec4 0, 0, 1;
    %store/vec4 v0x7fc435059300_0, 0, 1;
    %pushi/vec4 1, 0, 1;
    %store/vec4 v0x7fc435059390_0, 0, 1;
    %delay 6, 0;
    %pushi/vec4 0, 0, 1;
    %store/vec4 v0x7fc435059390_0, 0, 1;
    %delay 6, 0;
    %pushi/vec4 1, 0, 1;
    %store/vec4 v0x7fc435059390_0, 0, 1;
    %end;
    .thread T_3;
    .scope S_0x7fc434705c80;
T_4 ;
    %wait E_0x7fc434705e00;
    %load/vec4 v0x7fc435059420_0;
    %cmpi/e 30, 0, 32;
    %jmp/0xz  T_4.0, 4;
    %vpi_call 2 46 "$finish" {0 0 0};
T_4.0 ;
    %vpi_call 2 49 "$fdisplay", v0x7fc435059570_0, "PC = %d", v0x7fc435057a70_0 {0 0 0};
    %vpi_call 2 52 "$fdisplay", v0x7fc435059570_0, "Registers" {0 0 0};
    %vpi_call 2 53 "$fdisplay", v0x7fc435059570_0, "x0     = %d, x8(s0)  = %d, x16(a6) = %d, x24(s8)  = %d", &A<v0x7fc4350589e0, 0>, &A<v0x7fc4350589e0, 8>, &A<v0x7fc4350589e0, 16>, &A<v0x7fc4350589e0, 24> {0 0 0};
    %vpi_call 2 54 "$fdisplay", v0x7fc435059570_0, "x1(ra) = %d, x9(s1)  = %d, x17(a7) = %d, x25(s9)  = %d", &A<v0x7fc4350589e0, 1>, &A<v0x7fc4350589e0, 9>, &A<v0x7fc4350589e0, 17>, &A<v0x7fc4350589e0, 25> {0 0 0};
    %vpi_call 2 55 "$fdisplay", v0x7fc435059570_0, "x2(sp) = %d, x10(a0) = %d, x18(s2) = %d, x26(s10) = %d", &A<v0x7fc4350589e0, 2>, &A<v0x7fc4350589e0, 10>, &A<v0x7fc4350589e0, 18>, &A<v0x7fc4350589e0, 26> {0 0 0};
    %vpi_call 2 56 "$fdisplay", v0x7fc435059570_0, "x3(gp) = %d, x11(a1) = %d, x19(s3) = %d, x27(s11) = %d", &A<v0x7fc4350589e0, 3>, &A<v0x7fc4350589e0, 11>, &A<v0x7fc4350589e0, 19>, &A<v0x7fc4350589e0, 27> {0 0 0};
    %vpi_call 2 57 "$fdisplay", v0x7fc435059570_0, "x4(tp) = %d, x12(a2) = %d, x20(s4) = %d, x28(t3)  = %d", &A<v0x7fc4350589e0, 4>, &A<v0x7fc4350589e0, 12>, &A<v0x7fc4350589e0, 20>, &A<v0x7fc4350589e0, 28> {0 0 0};
    %vpi_call 2 58 "$fdisplay", v0x7fc435059570_0, "x5(t0) = %d, x13(a3) = %d, x21(s5) = %d, x29(t4)  = %d", &A<v0x7fc4350589e0, 5>, &A<v0x7fc4350589e0, 13>, &A<v0x7fc4350589e0, 21>, &A<v0x7fc4350589e0, 29> {0 0 0};
    %vpi_call 2 59 "$fdisplay", v0x7fc435059570_0, "x6(t1) = %d, x14(a4) = %d, x22(s6) = %d, x30(t5)  = %d", &A<v0x7fc4350589e0, 6>, &A<v0x7fc4350589e0, 14>, &A<v0x7fc4350589e0, 22>, &A<v0x7fc4350589e0, 30> {0 0 0};
    %vpi_call 2 60 "$fdisplay", v0x7fc435059570_0, "x7(t2) = %d, x15(a5) = %d, x23(s7) = %d, x31(t6)  = %d", &A<v0x7fc4350589e0, 7>, &A<v0x7fc4350589e0, 15>, &A<v0x7fc4350589e0, 23>, &A<v0x7fc4350589e0, 31> {0 0 0};
    %vpi_call 2 62 "$fdisplay", v0x7fc435059570_0, "\012" {0 0 0};
    %load/vec4 v0x7fc435059420_0;
    %addi 1, 0, 32;
    %store/vec4 v0x7fc435059420_0, 0, 32;
    %jmp T_4;
    .thread T_4;
# The file index is used to find the file name in the following table.
:file_names 13;
    "N/A";
    "<interactive>";
    "testbench.v";
    "CPU.v";
    "ALU.v";
    "ALU_Control.v";
    "Add_PC.v";
    "Control.v";
    "Instruction_Memory.v";
    "MUX_ALUSrc.v";
    "PC.v";
    "Registers.v";
    "Sign_Extend.v";
