#! /usr/local/Cellar/icarus-verilog/11.0/bin/vvp
:ivl_version "11.0 (stable)";
:ivl_delay_selection "TYPICAL";
:vpi_time_precision + 0;
:vpi_module "/usr/local/Cellar/icarus-verilog/11.0/lib/ivl/system.vpi";
:vpi_module "/usr/local/Cellar/icarus-verilog/11.0/lib/ivl/vhdl_sys.vpi";
:vpi_module "/usr/local/Cellar/icarus-verilog/11.0/lib/ivl/vhdl_textio.vpi";
:vpi_module "/usr/local/Cellar/icarus-verilog/11.0/lib/ivl/v2005_math.vpi";
:vpi_module "/usr/local/Cellar/icarus-verilog/11.0/lib/ivl/va_math.vpi";
S_0x7fb1048b9040 .scope module, "TestBench" "TestBench" 2 3;
 .timescale 0 0;
P_0x7fb1048b8c20 .param/l "num_cycles" 0 2 9, +C4<00000000000000000000000001000000>;
v0x7fb1048e9430_0 .var "Clk", 0 0;
v0x7fb1048e94c0_0 .var "Reset", 0 0;
v0x7fb1048e9650_0 .var/i "counter", 31 0;
v0x7fb1048e96e0_0 .var/i "i", 31 0;
v0x7fb1048e9770_0 .var/i "outfile", 31 0;
S_0x7fb1048b8850 .scope module, "CPU" "CPU" 2 13, 3 1 0, S_0x7fb1048b9040;
 .timescale 0 0;
    .port_info 0 /INPUT 1 "clk_i";
    .port_info 1 /INPUT 1 "rst_i";
P_0x7fb104827820 .param/l "pc_const" 0 3 9, C4<00000000000000000000000000000100>;
v0x7fb1048e9210_0 .net "clk_i", 0 0, v0x7fb1048e9430_0;  1 drivers
v0x7fb1048e93a0_0 .net "rst_i", 0 0, v0x7fb1048e94c0_0;  1 drivers
S_0x7fb1048b6d70 .scope module, "ALU" "ALU" 3 146, 4 1 0, S_0x7fb1048b8850;
 .timescale 0 0;
    .port_info 0 /INPUT 3 "ALUCtr_i";
    .port_info 1 /INPUT 32 "RS1data_i";
    .port_info 2 /INPUT 32 "RS2data_i";
    .port_info 3 /OUTPUT 32 "RDdata_o";
L_0x7fb1048f53a0 .functor AND 32, L_0x7fb1048ea710, L_0x7fb1048f2a90, C4<11111111111111111111111111111111>, C4<11111111111111111111111111111111>;
L_0x7fb1048f5530 .functor XOR 32, L_0x7fb1048ea710, L_0x7fb1048f2a90, C4<00000000000000000000000000000000>, C4<00000000000000000000000000000000>;
L_0x7fb1048f54b0 .functor OR 1, L_0x7fb1048f5980, L_0x7fb1048f5a60, C4<0>, C4<0>;
v0x7fb104872850_0 .net "ALUCtr_i", 2 0, L_0x7fb1048f5120;  1 drivers
v0x7fb1048cfec0_0 .net "RDdata_o", 31 0, L_0x7fb1048f6900;  1 drivers
v0x7fb1048cff60_0 .net/s "RS1data_i", 31 0, L_0x7fb1048ea710;  1 drivers
v0x7fb1048cfff0_0 .net "RS2data_i", 31 0, L_0x7fb1048f2a90;  1 drivers
L_0x7fb0f8079880 .functor BUFT 1, C4<000>, C4<0>, C4<0>, C4<0>;
v0x7fb1048d0080_0 .net/2u *"_ivl_0", 2 0, L_0x7fb0f8079880;  1 drivers
v0x7fb1048d0150_0 .net *"_ivl_10", 31 0, L_0x7fb1048f5530;  1 drivers
L_0x7fb0f8079910 .functor BUFT 1, C4<010>, C4<0>, C4<0>, C4<0>;
v0x7fb1048d0200_0 .net/2u *"_ivl_12", 2 0, L_0x7fb0f8079910;  1 drivers
v0x7fb1048d02b0_0 .net *"_ivl_14", 0 0, L_0x7fb1048f56a0;  1 drivers
v0x7fb1048d0350_0 .net *"_ivl_16", 31 0, L_0x7fb1048f5740;  1 drivers
L_0x7fb0f8079958 .functor BUFT 1, C4<011>, C4<0>, C4<0>, C4<0>;
v0x7fb1048d0460_0 .net/2u *"_ivl_18", 2 0, L_0x7fb0f8079958;  1 drivers
v0x7fb1048d0510_0 .net *"_ivl_2", 0 0, L_0x7fb1048f52c0;  1 drivers
v0x7fb1048d05b0_0 .net *"_ivl_20", 0 0, L_0x7fb1048f57e0;  1 drivers
v0x7fb1048d0650_0 .net *"_ivl_22", 31 0, L_0x7fb1048f5880;  1 drivers
L_0x7fb0f80799a0 .functor BUFT 1, C4<100>, C4<0>, C4<0>, C4<0>;
v0x7fb1048d0700_0 .net/2u *"_ivl_24", 2 0, L_0x7fb0f80799a0;  1 drivers
v0x7fb1048d07b0_0 .net *"_ivl_26", 0 0, L_0x7fb1048f5980;  1 drivers
L_0x7fb0f80799e8 .functor BUFT 1, C4<110>, C4<0>, C4<0>, C4<0>;
v0x7fb1048d0850_0 .net/2u *"_ivl_28", 2 0, L_0x7fb0f80799e8;  1 drivers
v0x7fb1048d0900_0 .net *"_ivl_30", 0 0, L_0x7fb1048f5a60;  1 drivers
v0x7fb1048d0a90_0 .net *"_ivl_33", 0 0, L_0x7fb1048f54b0;  1 drivers
v0x7fb1048d0b20_0 .net *"_ivl_34", 31 0, L_0x7fb1048f5cc0;  1 drivers
L_0x7fb0f8079a30 .functor BUFT 1, C4<101>, C4<0>, C4<0>, C4<0>;
v0x7fb1048d0bb0_0 .net/2u *"_ivl_36", 2 0, L_0x7fb0f8079a30;  1 drivers
v0x7fb1048d0c60_0 .net *"_ivl_38", 0 0, L_0x7fb1048f5dc0;  1 drivers
v0x7fb1048d0d00_0 .net *"_ivl_4", 31 0, L_0x7fb1048f53a0;  1 drivers
v0x7fb1048d0db0_0 .net *"_ivl_41", 31 0, L_0x7fb1048f5e60;  1 drivers
v0x7fb1048d0e60_0 .net *"_ivl_43", 4 0, L_0x7fb1048f6100;  1 drivers
v0x7fb1048d0f10_0 .net *"_ivl_44", 31 0, L_0x7fb1048f55a0;  1 drivers
v0x7fb1048d0fc0_0 .net *"_ivl_46", 31 0, L_0x7fb1048f6210;  1 drivers
v0x7fb1048d1070_0 .net *"_ivl_48", 31 0, L_0x7fb1048f6330;  1 drivers
v0x7fb1048d1120_0 .net *"_ivl_50", 31 0, L_0x7fb1048f64d0;  1 drivers
v0x7fb1048d11d0_0 .net *"_ivl_52", 31 0, L_0x7fb1048f6630;  1 drivers
v0x7fb1048d1280_0 .net *"_ivl_54", 31 0, L_0x7fb1048f67a0;  1 drivers
L_0x7fb0f80798c8 .functor BUFT 1, C4<001>, C4<0>, C4<0>, C4<0>;
v0x7fb1048d1330_0 .net/2u *"_ivl_6", 2 0, L_0x7fb0f80798c8;  1 drivers
v0x7fb1048d13e0_0 .net *"_ivl_8", 0 0, L_0x7fb1048f5410;  1 drivers
L_0x7fb1048f52c0 .cmp/eq 3, L_0x7fb1048f5120, L_0x7fb0f8079880;
L_0x7fb1048f5410 .cmp/eq 3, L_0x7fb1048f5120, L_0x7fb0f80798c8;
L_0x7fb1048f56a0 .cmp/eq 3, L_0x7fb1048f5120, L_0x7fb0f8079910;
L_0x7fb1048f5740 .shift/l 32, L_0x7fb1048ea710, L_0x7fb1048f2a90;
L_0x7fb1048f57e0 .cmp/eq 3, L_0x7fb1048f5120, L_0x7fb0f8079958;
L_0x7fb1048f5880 .arith/sum 32, L_0x7fb1048ea710, L_0x7fb1048f2a90;
L_0x7fb1048f5980 .cmp/eq 3, L_0x7fb1048f5120, L_0x7fb0f80799a0;
L_0x7fb1048f5a60 .cmp/eq 3, L_0x7fb1048f5120, L_0x7fb0f80799e8;
L_0x7fb1048f5cc0 .arith/sub 32, L_0x7fb1048ea710, L_0x7fb1048f2a90;
L_0x7fb1048f5dc0 .cmp/eq 3, L_0x7fb1048f5120, L_0x7fb0f8079a30;
L_0x7fb1048f5e60 .arith/mult 32, L_0x7fb1048ea710, L_0x7fb1048f2a90;
L_0x7fb1048f6100 .part L_0x7fb1048f2a90, 0, 5;
L_0x7fb1048f55a0 .shift/r 32, L_0x7fb1048ea710, L_0x7fb1048f6100;
L_0x7fb1048f6210 .functor MUXZ 32, L_0x7fb1048f55a0, L_0x7fb1048f5e60, L_0x7fb1048f5dc0, C4<>;
L_0x7fb1048f6330 .functor MUXZ 32, L_0x7fb1048f6210, L_0x7fb1048f5cc0, L_0x7fb1048f54b0, C4<>;
L_0x7fb1048f64d0 .functor MUXZ 32, L_0x7fb1048f6330, L_0x7fb1048f5880, L_0x7fb1048f57e0, C4<>;
L_0x7fb1048f6630 .functor MUXZ 32, L_0x7fb1048f64d0, L_0x7fb1048f5740, L_0x7fb1048f56a0, C4<>;
L_0x7fb1048f67a0 .functor MUXZ 32, L_0x7fb1048f6630, L_0x7fb1048f5530, L_0x7fb1048f5410, C4<>;
L_0x7fb1048f6900 .functor MUXZ 32, L_0x7fb1048f67a0, L_0x7fb1048f53a0, L_0x7fb1048f52c0, C4<>;
S_0x7fb1048d14e0 .scope module, "ALU_Control" "ALU_Control" 3 140, 5 1 0, S_0x7fb1048b8850;
 .timescale 0 0;
    .port_info 0 /INPUT 2 "ALUOp_i";
    .port_info 1 /INPUT 3 "func3_i";
    .port_info 2 /INPUT 7 "func7_i";
    .port_info 3 /OUTPUT 3 "ALUCtr_o";
L_0x7fb1048f2e30 .functor AND 1, L_0x7fb1048f2c70, L_0x7fb1048f2d10, C4<1>, C4<1>;
L_0x7fb1048ee1b0 .functor AND 1, L_0x7fb1048f2f20, L_0x7fb1048ee0d0, C4<1>, C4<1>;
L_0x7fb1048f3240 .functor AND 1, L_0x7fb1048f3000, L_0x7fb1048f3120, C4<1>, C4<1>;
L_0x7fb1048f3530 .functor AND 1, L_0x7fb1048f3330, L_0x7fb1048f3450, C4<1>, C4<1>;
L_0x7fb1048f3790 .functor AND 1, L_0x7fb1048f3530, L_0x7fb1048f3620, C4<1>, C4<1>;
L_0x7fb1048f3a60 .functor AND 1, L_0x7fb1048f3840, L_0x7fb1048f3920, C4<1>, C4<1>;
L_0x7fb1048f3bf0 .functor AND 1, L_0x7fb1048f3a60, L_0x7fb1048f3b10, C4<1>, C4<1>;
L_0x7fb1048f3f10 .functor AND 1, L_0x7fb1048f3d20, L_0x7fb1048f3e70, C4<1>, C4<1>;
L_0x7fb1048f3e00 .functor AND 1, L_0x7fb1048f3f10, L_0x7fb1048f4000, C4<1>, C4<1>;
L_0x7fb1048f31c0 .functor AND 1, L_0x7fb1048f4270, L_0x7fb1048f4410, C4<1>, C4<1>;
v0x7fb1048d16b0_0 .net "ALUCtr_o", 2 0, L_0x7fb1048f5120;  alias, 1 drivers
v0x7fb1048d1760_0 .net "ALUOp_i", 1 0, v0x7fb1048df890_0;  1 drivers
L_0x7fb0f80790e8 .functor BUFT 1, C4<10>, C4<0>, C4<0>, C4<0>;
v0x7fb1048d17f0_0 .net/2u *"_ivl_0", 1 0, L_0x7fb0f80790e8;  1 drivers
L_0x7fb0f8079178 .functor BUFT 1, C4<000>, C4<0>, C4<0>, C4<0>;
v0x7fb1048d18b0_0 .net/2u *"_ivl_10", 2 0, L_0x7fb0f8079178;  1 drivers
L_0x7fb0f8079760 .functor BUFT 1, C4<111>, C4<0>, C4<0>, C4<0>;
v0x7fb1048d1960_0 .net/2u *"_ivl_100", 2 0, L_0x7fb0f8079760;  1 drivers
L_0x7fb0f80797a8 .functor BUFT 1, C4<01>, C4<0>, C4<0>, C4<0>;
v0x7fb1048d1a50_0 .net/2u *"_ivl_102", 1 0, L_0x7fb0f80797a8;  1 drivers
v0x7fb1048d1b00_0 .net *"_ivl_104", 0 0, L_0x7fb1048f4640;  1 drivers
L_0x7fb0f80797f0 .functor BUFT 1, C4<110>, C4<0>, C4<0>, C4<0>;
v0x7fb1048d1ba0_0 .net/2u *"_ivl_106", 2 0, L_0x7fb0f80797f0;  1 drivers
L_0x7fb0f8079838 .functor BUFT 1, C4<011>, C4<0>, C4<0>, C4<0>;
v0x7fb1048d1c50_0 .net/2u *"_ivl_108", 2 0, L_0x7fb0f8079838;  1 drivers
v0x7fb1048d1d60_0 .net *"_ivl_110", 2 0, L_0x7fb1048f46e0;  1 drivers
v0x7fb1048d1e10_0 .net *"_ivl_112", 2 0, L_0x7fb1048f4860;  1 drivers
v0x7fb1048d1ec0_0 .net *"_ivl_114", 2 0, L_0x7fb1048f49c0;  1 drivers
v0x7fb1048d1f70_0 .net *"_ivl_116", 2 0, L_0x7fb1048f4b50;  1 drivers
v0x7fb1048d2020_0 .net *"_ivl_118", 2 0, L_0x7fb1048f4cb0;  1 drivers
L_0x7fb0f80791c0 .functor BUFT 1, C4<10>, C4<0>, C4<0>, C4<0>;
v0x7fb1048d20d0_0 .net/2u *"_ivl_12", 1 0, L_0x7fb0f80791c0;  1 drivers
v0x7fb1048d2180_0 .net *"_ivl_120", 2 0, L_0x7fb1048f4e50;  1 drivers
v0x7fb1048d2230_0 .net *"_ivl_122", 2 0, L_0x7fb1048f4fb0;  1 drivers
v0x7fb1048d23c0_0 .net *"_ivl_14", 0 0, L_0x7fb1048f2f20;  1 drivers
L_0x7fb0f8079208 .functor BUFT 1, C4<100>, C4<0>, C4<0>, C4<0>;
v0x7fb1048d2450_0 .net/2u *"_ivl_16", 2 0, L_0x7fb0f8079208;  1 drivers
v0x7fb1048d24f0_0 .net *"_ivl_18", 0 0, L_0x7fb1048ee0d0;  1 drivers
v0x7fb1048d2590_0 .net *"_ivl_2", 0 0, L_0x7fb1048f2c70;  1 drivers
v0x7fb1048d2630_0 .net *"_ivl_21", 0 0, L_0x7fb1048ee1b0;  1 drivers
L_0x7fb0f8079250 .functor BUFT 1, C4<001>, C4<0>, C4<0>, C4<0>;
v0x7fb1048d26d0_0 .net/2u *"_ivl_22", 2 0, L_0x7fb0f8079250;  1 drivers
L_0x7fb0f8079298 .functor BUFT 1, C4<10>, C4<0>, C4<0>, C4<0>;
v0x7fb1048d2780_0 .net/2u *"_ivl_24", 1 0, L_0x7fb0f8079298;  1 drivers
v0x7fb1048d2830_0 .net *"_ivl_26", 0 0, L_0x7fb1048f3000;  1 drivers
L_0x7fb0f80792e0 .functor BUFT 1, C4<001>, C4<0>, C4<0>, C4<0>;
v0x7fb1048d28d0_0 .net/2u *"_ivl_28", 2 0, L_0x7fb0f80792e0;  1 drivers
v0x7fb1048d2980_0 .net *"_ivl_30", 0 0, L_0x7fb1048f3120;  1 drivers
v0x7fb1048d2a20_0 .net *"_ivl_33", 0 0, L_0x7fb1048f3240;  1 drivers
L_0x7fb0f8079328 .functor BUFT 1, C4<010>, C4<0>, C4<0>, C4<0>;
v0x7fb1048d2ac0_0 .net/2u *"_ivl_34", 2 0, L_0x7fb0f8079328;  1 drivers
L_0x7fb0f8079370 .functor BUFT 1, C4<10>, C4<0>, C4<0>, C4<0>;
v0x7fb1048d2b70_0 .net/2u *"_ivl_36", 1 0, L_0x7fb0f8079370;  1 drivers
v0x7fb1048d2c20_0 .net *"_ivl_38", 0 0, L_0x7fb1048f3330;  1 drivers
L_0x7fb0f8079130 .functor BUFT 1, C4<111>, C4<0>, C4<0>, C4<0>;
v0x7fb1048d2cc0_0 .net/2u *"_ivl_4", 2 0, L_0x7fb0f8079130;  1 drivers
L_0x7fb0f80793b8 .functor BUFT 1, C4<000>, C4<0>, C4<0>, C4<0>;
v0x7fb1048d2d70_0 .net/2u *"_ivl_40", 2 0, L_0x7fb0f80793b8;  1 drivers
v0x7fb1048d22e0_0 .net *"_ivl_42", 0 0, L_0x7fb1048f3450;  1 drivers
v0x7fb1048d3000_0 .net *"_ivl_45", 0 0, L_0x7fb1048f3530;  1 drivers
L_0x7fb0f8079400 .functor BUFT 1, C4<0000000>, C4<0>, C4<0>, C4<0>;
v0x7fb1048d3090_0 .net/2u *"_ivl_46", 6 0, L_0x7fb0f8079400;  1 drivers
v0x7fb1048d3120_0 .net *"_ivl_48", 0 0, L_0x7fb1048f3620;  1 drivers
v0x7fb1048d31b0_0 .net *"_ivl_51", 0 0, L_0x7fb1048f3790;  1 drivers
L_0x7fb0f8079448 .functor BUFT 1, C4<011>, C4<0>, C4<0>, C4<0>;
v0x7fb1048d3250_0 .net/2u *"_ivl_52", 2 0, L_0x7fb0f8079448;  1 drivers
L_0x7fb0f8079490 .functor BUFT 1, C4<10>, C4<0>, C4<0>, C4<0>;
v0x7fb1048d3300_0 .net/2u *"_ivl_54", 1 0, L_0x7fb0f8079490;  1 drivers
v0x7fb1048d33b0_0 .net *"_ivl_56", 0 0, L_0x7fb1048f3840;  1 drivers
L_0x7fb0f80794d8 .functor BUFT 1, C4<000>, C4<0>, C4<0>, C4<0>;
v0x7fb1048d3450_0 .net/2u *"_ivl_58", 2 0, L_0x7fb0f80794d8;  1 drivers
v0x7fb1048d3500_0 .net *"_ivl_6", 0 0, L_0x7fb1048f2d10;  1 drivers
v0x7fb1048d35a0_0 .net *"_ivl_60", 0 0, L_0x7fb1048f3920;  1 drivers
v0x7fb1048d3640_0 .net *"_ivl_63", 0 0, L_0x7fb1048f3a60;  1 drivers
L_0x7fb0f8079520 .functor BUFT 1, C4<0100000>, C4<0>, C4<0>, C4<0>;
v0x7fb1048d36e0_0 .net/2u *"_ivl_64", 6 0, L_0x7fb0f8079520;  1 drivers
v0x7fb1048d3790_0 .net *"_ivl_66", 0 0, L_0x7fb1048f3b10;  1 drivers
v0x7fb1048d3830_0 .net *"_ivl_69", 0 0, L_0x7fb1048f3bf0;  1 drivers
L_0x7fb0f8079568 .functor BUFT 1, C4<100>, C4<0>, C4<0>, C4<0>;
v0x7fb1048d38d0_0 .net/2u *"_ivl_70", 2 0, L_0x7fb0f8079568;  1 drivers
L_0x7fb0f80795b0 .functor BUFT 1, C4<10>, C4<0>, C4<0>, C4<0>;
v0x7fb1048d3980_0 .net/2u *"_ivl_72", 1 0, L_0x7fb0f80795b0;  1 drivers
v0x7fb1048d3a30_0 .net *"_ivl_74", 0 0, L_0x7fb1048f3d20;  1 drivers
L_0x7fb0f80795f8 .functor BUFT 1, C4<000>, C4<0>, C4<0>, C4<0>;
v0x7fb1048d3ad0_0 .net/2u *"_ivl_76", 2 0, L_0x7fb0f80795f8;  1 drivers
v0x7fb1048d3b80_0 .net *"_ivl_78", 0 0, L_0x7fb1048f3e70;  1 drivers
v0x7fb1048d3c20_0 .net *"_ivl_81", 0 0, L_0x7fb1048f3f10;  1 drivers
L_0x7fb0f8079640 .functor BUFT 1, C4<0000001>, C4<0>, C4<0>, C4<0>;
v0x7fb1048d3cc0_0 .net/2u *"_ivl_82", 6 0, L_0x7fb0f8079640;  1 drivers
v0x7fb1048d3d70_0 .net *"_ivl_84", 0 0, L_0x7fb1048f4000;  1 drivers
v0x7fb1048d3e10_0 .net *"_ivl_87", 0 0, L_0x7fb1048f3e00;  1 drivers
L_0x7fb0f8079688 .functor BUFT 1, C4<101>, C4<0>, C4<0>, C4<0>;
v0x7fb1048d3eb0_0 .net/2u *"_ivl_88", 2 0, L_0x7fb0f8079688;  1 drivers
v0x7fb1048d3f60_0 .net *"_ivl_9", 0 0, L_0x7fb1048f2e30;  1 drivers
L_0x7fb0f80796d0 .functor BUFT 1, C4<00>, C4<0>, C4<0>, C4<0>;
v0x7fb1048d4000_0 .net/2u *"_ivl_90", 1 0, L_0x7fb0f80796d0;  1 drivers
v0x7fb1048d40b0_0 .net *"_ivl_92", 0 0, L_0x7fb1048f4270;  1 drivers
L_0x7fb0f8079718 .functor BUFT 1, C4<101>, C4<0>, C4<0>, C4<0>;
v0x7fb1048d4150_0 .net/2u *"_ivl_94", 2 0, L_0x7fb0f8079718;  1 drivers
v0x7fb1048d4200_0 .net *"_ivl_96", 0 0, L_0x7fb1048f4410;  1 drivers
v0x7fb1048d42a0_0 .net *"_ivl_99", 0 0, L_0x7fb1048f31c0;  1 drivers
v0x7fb1048d4340_0 .net "func3_i", 2 0, v0x7fb1048e0bb0_0;  1 drivers
v0x7fb1048d2e20_0 .net "func7_i", 6 0, v0x7fb1048e0d10_0;  1 drivers
L_0x7fb1048f2c70 .cmp/eq 2, v0x7fb1048df890_0, L_0x7fb0f80790e8;
L_0x7fb1048f2d10 .cmp/eq 3, v0x7fb1048e0bb0_0, L_0x7fb0f8079130;
L_0x7fb1048f2f20 .cmp/eq 2, v0x7fb1048df890_0, L_0x7fb0f80791c0;
L_0x7fb1048ee0d0 .cmp/eq 3, v0x7fb1048e0bb0_0, L_0x7fb0f8079208;
L_0x7fb1048f3000 .cmp/eq 2, v0x7fb1048df890_0, L_0x7fb0f8079298;
L_0x7fb1048f3120 .cmp/eq 3, v0x7fb1048e0bb0_0, L_0x7fb0f80792e0;
L_0x7fb1048f3330 .cmp/eq 2, v0x7fb1048df890_0, L_0x7fb0f8079370;
L_0x7fb1048f3450 .cmp/eq 3, v0x7fb1048e0bb0_0, L_0x7fb0f80793b8;
L_0x7fb1048f3620 .cmp/eq 7, v0x7fb1048e0d10_0, L_0x7fb0f8079400;
L_0x7fb1048f3840 .cmp/eq 2, v0x7fb1048df890_0, L_0x7fb0f8079490;
L_0x7fb1048f3920 .cmp/eq 3, v0x7fb1048e0bb0_0, L_0x7fb0f80794d8;
L_0x7fb1048f3b10 .cmp/eq 7, v0x7fb1048e0d10_0, L_0x7fb0f8079520;
L_0x7fb1048f3d20 .cmp/eq 2, v0x7fb1048df890_0, L_0x7fb0f80795b0;
L_0x7fb1048f3e70 .cmp/eq 3, v0x7fb1048e0bb0_0, L_0x7fb0f80795f8;
L_0x7fb1048f4000 .cmp/eq 7, v0x7fb1048e0d10_0, L_0x7fb0f8079640;
L_0x7fb1048f4270 .cmp/eq 2, v0x7fb1048df890_0, L_0x7fb0f80796d0;
L_0x7fb1048f4410 .cmp/eq 3, v0x7fb1048e0bb0_0, L_0x7fb0f8079718;
L_0x7fb1048f4640 .cmp/eq 2, v0x7fb1048df890_0, L_0x7fb0f80797a8;
L_0x7fb1048f46e0 .functor MUXZ 3, L_0x7fb0f8079838, L_0x7fb0f80797f0, L_0x7fb1048f4640, C4<>;
L_0x7fb1048f4860 .functor MUXZ 3, L_0x7fb1048f46e0, L_0x7fb0f8079760, L_0x7fb1048f31c0, C4<>;
L_0x7fb1048f49c0 .functor MUXZ 3, L_0x7fb1048f4860, L_0x7fb0f8079688, L_0x7fb1048f3e00, C4<>;
L_0x7fb1048f4b50 .functor MUXZ 3, L_0x7fb1048f49c0, L_0x7fb0f8079568, L_0x7fb1048f3bf0, C4<>;
L_0x7fb1048f4cb0 .functor MUXZ 3, L_0x7fb1048f4b50, L_0x7fb0f8079448, L_0x7fb1048f3790, C4<>;
L_0x7fb1048f4e50 .functor MUXZ 3, L_0x7fb1048f4cb0, L_0x7fb0f8079328, L_0x7fb1048f3240, C4<>;
L_0x7fb1048f4fb0 .functor MUXZ 3, L_0x7fb1048f4e50, L_0x7fb0f8079250, L_0x7fb1048ee1b0, C4<>;
L_0x7fb1048f5120 .functor MUXZ 3, L_0x7fb1048f4fb0, L_0x7fb0f8079178, L_0x7fb1048f2e30, C4<>;
S_0x7fb1048d43d0 .scope module, "Adder_pc" "Adder" 3 18, 6 1 0, S_0x7fb1048b8850;
 .timescale 0 0;
    .port_info 0 /INPUT 32 "Data1_i";
    .port_info 1 /INPUT 32 "Data2_i";
    .port_info 2 /OUTPUT 32 "Data_o";
v0x7fb1048d4540_0 .net "Data1_i", 31 0, v0x7fb1048e7990_0;  1 drivers
L_0x7fb0f8078008 .functor BUFT 1, C4<00000000000000000000000000000100>, C4<0>, C4<0>, C4<0>;
v0x7fb1048d45d0_0 .net "Data2_i", 31 0, L_0x7fb0f8078008;  1 drivers
v0x7fb1048d4660_0 .net "Data_o", 31 0, L_0x7fb1048e9800;  1 drivers
L_0x7fb1048e9800 .arith/sum 32, v0x7fb1048e7990_0, L_0x7fb0f8078008;
S_0x7fb1048d4720 .scope module, "Branch_Predictor" "Branch_Predictor" 3 96, 7 1 0, S_0x7fb1048b8850;
 .timescale 0 0;
    .port_info 0 /INPUT 1 "clk_i";
    .port_info 1 /INPUT 1 "rst_i";
    .port_info 2 /INPUT 32 "ALUResult_i";
    .port_info 3 /INPUT 1 "EX_Branch_i";
    .port_info 4 /INPUT 32 "EX_PC_i";
    .port_info 5 /INPUT 1 "EX_Predict_i";
    .port_info 6 /INPUT 32 "EX_immExtended_i";
    .port_info 7 /OUTPUT 1 "Predict_o";
    .port_info 8 /OUTPUT 32 "PC_o";
    .port_info 9 /OUTPUT 1 "IF_ID_EX_Flush_o";
    .port_info 10 /NODIR 0 "";
L_0x7fb1048eb590 .functor XOR 1, L_0x7fb1048eb3a0, L_0x7fb1048eb4b0, C4<0>, C4<0>;
L_0x7fb1048eb680 .functor AND 1, v0x7fb1048dfb70_0, L_0x7fb1048eb590, C4<1>, C4<1>;
v0x7fb1048d4a90_0 .net "ALUResult_i", 31 0, L_0x7fb1048f6900;  alias, 1 drivers
v0x7fb1048d4b40_0 .var "BHT", 1 0;
v0x7fb1048d4be0_0 .net "EX_Branch_i", 0 0, v0x7fb1048dfb70_0;  1 drivers
v0x7fb1048d4c90_0 .net "EX_PC_i", 31 0, v0x7fb1048e01a0_0;  1 drivers
v0x7fb1048d4d40_0 .net "EX_Predict_i", 0 0, L_0x7fb1048eb3a0;  1 drivers
v0x7fb1048d4e20_0 .net "EX_immExtended_i", 31 0, v0x7fb1048e0390_0;  1 drivers
v0x7fb1048d4ed0_0 .net "IF_ID_EX_Flush_o", 0 0, L_0x7fb1048eb910;  1 drivers
v0x7fb1048d4f70_0 .net "PC_o", 31 0, L_0x7fb1048ebf20;  1 drivers
v0x7fb1048d5020_0 .net "Predict_o", 0 0, L_0x7fb1048eb3a0;  alias, 1 drivers
v0x7fb1048d5130_0 .net *"_ivl_1", 0 0, L_0x7fb1048eaf20;  1 drivers
L_0x7fb0f80782d8 .functor BUFT 1, C4<01>, C4<0>, C4<0>, C4<0>;
v0x7fb1048d51c0_0 .net/2s *"_ivl_10", 1 0, L_0x7fb0f80782d8;  1 drivers
L_0x7fb0f8078320 .functor BUFT 1, C4<00>, C4<0>, C4<0>, C4<0>;
v0x7fb1048d5250_0 .net/2s *"_ivl_12", 1 0, L_0x7fb0f8078320;  1 drivers
v0x7fb1048d52f0_0 .net *"_ivl_14", 1 0, L_0x7fb1048eb240;  1 drivers
L_0x7fb0f8078368 .functor BUFT 1, C4<00000000000000000000000000000000>, C4<0>, C4<0>, C4<0>;
v0x7fb1048d53a0_0 .net/2u *"_ivl_18", 31 0, L_0x7fb0f8078368;  1 drivers
v0x7fb1048d5450_0 .net *"_ivl_2", 31 0, L_0x7fb1048eafc0;  1 drivers
v0x7fb1048d5500_0 .net *"_ivl_20", 0 0, L_0x7fb1048eb4b0;  1 drivers
v0x7fb1048d55a0_0 .net *"_ivl_22", 0 0, L_0x7fb1048eb590;  1 drivers
v0x7fb1048d5740_0 .net *"_ivl_25", 0 0, L_0x7fb1048eb680;  1 drivers
L_0x7fb0f80783b0 .functor BUFT 1, C4<01>, C4<0>, C4<0>, C4<0>;
v0x7fb1048d57e0_0 .net/2s *"_ivl_26", 1 0, L_0x7fb0f80783b0;  1 drivers
L_0x7fb0f80783f8 .functor BUFT 1, C4<00>, C4<0>, C4<0>, C4<0>;
v0x7fb1048d5890_0 .net/2s *"_ivl_28", 1 0, L_0x7fb0f80783f8;  1 drivers
v0x7fb1048d5940_0 .net *"_ivl_30", 1 0, L_0x7fb1048eb770;  1 drivers
L_0x7fb0f8078440 .functor BUFT 1, C4<00000000000000000000000000000100>, C4<0>, C4<0>, C4<0>;
v0x7fb1048d59f0_0 .net/2u *"_ivl_34", 31 0, L_0x7fb0f8078440;  1 drivers
v0x7fb1048d5aa0_0 .net *"_ivl_36", 31 0, L_0x7fb1048eb9f0;  1 drivers
v0x7fb1048d5b50_0 .net *"_ivl_38", 31 0, L_0x7fb1048ebd20;  1 drivers
v0x7fb1048d5c00_0 .net *"_ivl_40", 30 0, L_0x7fb1048ebb80;  1 drivers
L_0x7fb0f8078488 .functor BUFT 1, C4<0>, C4<0>, C4<0>, C4<0>;
v0x7fb1048d5cb0_0 .net *"_ivl_42", 0 0, L_0x7fb0f8078488;  1 drivers
v0x7fb1048d5d60_0 .net *"_ivl_44", 31 0, L_0x7fb1048ebe20;  1 drivers
L_0x7fb0f8078248 .functor BUFT 1, C4<0000000000000000000000000000000>, C4<0>, C4<0>, C4<0>;
v0x7fb1048d5e10_0 .net *"_ivl_5", 30 0, L_0x7fb0f8078248;  1 drivers
L_0x7fb0f8078290 .functor BUFT 1, C4<00000000000000000000000000000001>, C4<0>, C4<0>, C4<0>;
v0x7fb1048d5ec0_0 .net/2u *"_ivl_6", 31 0, L_0x7fb0f8078290;  1 drivers
v0x7fb1048d5f70_0 .net *"_ivl_8", 0 0, L_0x7fb1048eb160;  1 drivers
v0x7fb1048d6010_0 .net "clk_i", 0 0, v0x7fb1048e9430_0;  alias, 1 drivers
v0x7fb1048d60b0_0 .net "rst_i", 0 0, v0x7fb1048e94c0_0;  alias, 1 drivers
E_0x7fb1048d4a40/0 .event negedge, v0x7fb1048d60b0_0;
E_0x7fb1048d4a40/1 .event posedge, v0x7fb1048d6010_0;
E_0x7fb1048d4a40 .event/or E_0x7fb1048d4a40/0, E_0x7fb1048d4a40/1;
L_0x7fb1048eaf20 .part v0x7fb1048d4b40_0, 1, 1;
L_0x7fb1048eafc0 .concat [ 1 31 0 0], L_0x7fb1048eaf20, L_0x7fb0f8078248;
L_0x7fb1048eb160 .cmp/eq 32, L_0x7fb1048eafc0, L_0x7fb0f8078290;
L_0x7fb1048eb240 .functor MUXZ 2, L_0x7fb0f8078320, L_0x7fb0f80782d8, L_0x7fb1048eb160, C4<>;
L_0x7fb1048eb3a0 .part L_0x7fb1048eb240, 0, 1;
L_0x7fb1048eb4b0 .cmp/eq 32, L_0x7fb1048f6900, L_0x7fb0f8078368;
L_0x7fb1048eb770 .functor MUXZ 2, L_0x7fb0f80783f8, L_0x7fb0f80783b0, L_0x7fb1048eb680, C4<>;
L_0x7fb1048eb910 .part L_0x7fb1048eb770, 0, 1;
L_0x7fb1048eb9f0 .arith/sum 32, v0x7fb1048e01a0_0, L_0x7fb0f8078440;
L_0x7fb1048ebb80 .part v0x7fb1048e0390_0, 0, 31;
L_0x7fb1048ebd20 .concat [ 1 31 0 0], L_0x7fb0f8078488, L_0x7fb1048ebb80;
L_0x7fb1048ebe20 .arith/sum 32, v0x7fb1048e01a0_0, L_0x7fb1048ebd20;
L_0x7fb1048ebf20 .functor MUXZ 32, L_0x7fb1048ebe20, L_0x7fb1048eb9f0, L_0x7fb1048eb3a0, C4<>;
S_0x7fb1048d6240 .scope module, "Branch_Unit" "Branch_Unit" 3 106, 8 1 0, S_0x7fb1048b8850;
 .timescale 0 0;
    .port_info 0 /INPUT 1 "Branch_i";
    .port_info 1 /INPUT 1 "Predict_i";
    .port_info 2 /INPUT 32 "ID_PC_i";
    .port_info 3 /INPUT 32 "ID_immExtended_i";
    .port_info 4 /INPUT 1 "IF_ID_EX_Flush_i";
    .port_info 5 /INPUT 32 "PC_Correct_i";
    .port_info 6 /OUTPUT 1 "Flush_o";
    .port_info 7 /OUTPUT 32 "PCbranch_o";
L_0x7fb1048ec450 .functor AND 1, L_0x7fb1048eb3a0, L_0x7fb1048efe50, C4<1>, C4<1>;
L_0x7fb1048ec4c0 .functor OR 1, L_0x7fb1048ec450, L_0x7fb1048eb910, C4<0>, C4<0>;
v0x7fb1048d6470_0 .net "Branch_i", 0 0, L_0x7fb1048efe50;  1 drivers
v0x7fb1048d6520_0 .net "Flush_o", 0 0, L_0x7fb1048ec6d0;  1 drivers
v0x7fb1048d65c0_0 .net "ID_PC_i", 31 0, v0x7fb1048e1730_0;  1 drivers
v0x7fb1048d6660_0 .net "ID_immExtended_i", 31 0, L_0x7fb1048f2880;  1 drivers
v0x7fb1048d6710_0 .net "IF_ID_EX_Flush_i", 0 0, L_0x7fb1048eb910;  alias, 1 drivers
v0x7fb1048d67e0_0 .net "PC_Correct_i", 31 0, L_0x7fb1048ebf20;  alias, 1 drivers
v0x7fb1048d6890_0 .net "PCbranch_o", 31 0, L_0x7fb1048ec2f0;  1 drivers
v0x7fb1048d6930_0 .net "Predict_i", 0 0, L_0x7fb1048eb3a0;  alias, 1 drivers
v0x7fb1048d6a00_0 .net *"_ivl_0", 31 0, L_0x7fb1048ec0d0;  1 drivers
v0x7fb1048d6b10_0 .net *"_ivl_11", 0 0, L_0x7fb1048ec450;  1 drivers
v0x7fb1048d6bb0_0 .net *"_ivl_13", 0 0, L_0x7fb1048ec4c0;  1 drivers
L_0x7fb0f8078518 .functor BUFT 1, C4<01>, C4<0>, C4<0>, C4<0>;
v0x7fb1048d6c50_0 .net/2s *"_ivl_14", 1 0, L_0x7fb0f8078518;  1 drivers
L_0x7fb0f8078560 .functor BUFT 1, C4<00>, C4<0>, C4<0>, C4<0>;
v0x7fb1048d6d00_0 .net/2s *"_ivl_16", 1 0, L_0x7fb0f8078560;  1 drivers
v0x7fb1048d6db0_0 .net *"_ivl_18", 1 0, L_0x7fb1048ec570;  1 drivers
v0x7fb1048d6e60_0 .net *"_ivl_2", 30 0, L_0x7fb1048ec030;  1 drivers
L_0x7fb0f80784d0 .functor BUFT 1, C4<0>, C4<0>, C4<0>, C4<0>;
v0x7fb1048d6f10_0 .net *"_ivl_4", 0 0, L_0x7fb0f80784d0;  1 drivers
v0x7fb1048d6fc0_0 .net *"_ivl_6", 31 0, L_0x7fb1048ec1f0;  1 drivers
L_0x7fb1048ec030 .part L_0x7fb1048f2880, 0, 31;
L_0x7fb1048ec0d0 .concat [ 1 31 0 0], L_0x7fb0f80784d0, L_0x7fb1048ec030;
L_0x7fb1048ec1f0 .arith/sum 32, v0x7fb1048e1730_0, L_0x7fb1048ec0d0;
L_0x7fb1048ec2f0 .functor MUXZ 32, L_0x7fb1048ec1f0, L_0x7fb1048ebf20, L_0x7fb1048eb910, C4<>;
L_0x7fb1048ec570 .functor MUXZ 2, L_0x7fb0f8078560, L_0x7fb0f8078518, L_0x7fb1048ec4c0, C4<>;
L_0x7fb1048ec6d0 .part L_0x7fb1048ec570, 0, 1;
S_0x7fb1048d71f0 .scope module, "Control" "Control" 3 125, 9 1 0, S_0x7fb1048b8850;
 .timescale 0 0;
    .port_info 0 /INPUT 1 "NoOp_i";
    .port_info 1 /INPUT 7 "opcode_i";
    .port_info 2 /OUTPUT 2 "ALUOp_o";
    .port_info 3 /OUTPUT 1 "ALUSrc_o";
    .port_info 4 /OUTPUT 1 "RegWrite_o";
    .port_info 5 /OUTPUT 1 "MemtoReg_o";
    .port_info 6 /OUTPUT 1 "MemRead_o";
    .port_info 7 /OUTPUT 1 "MemWrite_o";
    .port_info 8 /OUTPUT 1 "Branch_o";
L_0x7fb1048ee350 .functor OR 1, L_0x7fb1048edff0, L_0x7fb1048ebc20, C4<0>, C4<0>;
v0x7fb1048d7490_0 .net "ALUOp_o", 1 0, L_0x7fb1048eecc0;  1 drivers
v0x7fb1048d7520_0 .net "ALUSrc_o", 0 0, L_0x7fb1048ee690;  1 drivers
v0x7fb1048d75c0_0 .net "Branch_o", 0 0, L_0x7fb1048efe50;  alias, 1 drivers
v0x7fb1048d7650_0 .net "MemRead_o", 0 0, L_0x7fb1048ef740;  1 drivers
v0x7fb1048d76e0_0 .net "MemWrite_o", 0 0, L_0x7fb1048efc50;  1 drivers
v0x7fb1048d77b0_0 .net "MemtoReg_o", 0 0, L_0x7fb1048ef1f0;  1 drivers
v0x7fb1048d7850_0 .net "NoOp_i", 0 0, L_0x7fb1048f7560;  1 drivers
v0x7fb1048d78f0_0 .net "RegWrite_o", 0 0, L_0x7fb1048eded0;  1 drivers
L_0x7fb0f80786c8 .functor BUFT 1, C4<00>, C4<0>, C4<0>, C4<0>;
v0x7fb1048d7990_0 .net/2s *"_ivl_0", 1 0, L_0x7fb0f80786c8;  1 drivers
v0x7fb1048d7aa0_0 .net *"_ivl_10", 0 0, L_0x7fb1048ed9d0;  1 drivers
L_0x7fb0f8078dd0 .functor BUFT 1, C4<00>, C4<0>, C4<0>, C4<0>;
v0x7fb1048d7b40_0 .net/2s *"_ivl_100", 1 0, L_0x7fb0f8078dd0;  1 drivers
L_0x7fb0f8078e18 .functor BUFT 1, C4<0100011>, C4<0>, C4<0>, C4<0>;
v0x7fb1048d7bf0_0 .net/2u *"_ivl_102", 6 0, L_0x7fb0f8078e18;  1 drivers
v0x7fb1048d7ca0_0 .net *"_ivl_104", 0 0, L_0x7fb1048ef860;  1 drivers
L_0x7fb0f8078e60 .functor BUFT 1, C4<01>, C4<0>, C4<0>, C4<0>;
v0x7fb1048d7d40_0 .net/2s *"_ivl_106", 1 0, L_0x7fb0f8078e60;  1 drivers
L_0x7fb0f8078ea8 .functor BUFT 1, C4<00>, C4<0>, C4<0>, C4<0>;
v0x7fb1048d7df0_0 .net/2s *"_ivl_108", 1 0, L_0x7fb0f8078ea8;  1 drivers
v0x7fb1048d7ea0_0 .net *"_ivl_110", 1 0, L_0x7fb1048ef680;  1 drivers
v0x7fb1048d7f50_0 .net *"_ivl_112", 1 0, L_0x7fb1048efad0;  1 drivers
L_0x7fb0f8078ef0 .functor BUFT 1, C4<00>, C4<0>, C4<0>, C4<0>;
v0x7fb1048d80e0_0 .net/2s *"_ivl_116", 1 0, L_0x7fb0f8078ef0;  1 drivers
L_0x7fb0f8078f38 .functor BUFT 1, C4<1100011>, C4<0>, C4<0>, C4<0>;
v0x7fb1048d8170_0 .net/2u *"_ivl_118", 6 0, L_0x7fb0f8078f38;  1 drivers
L_0x7fb0f80787e8 .functor BUFT 1, C4<00>, C4<0>, C4<0>, C4<0>;
v0x7fb1048d8220_0 .net/2s *"_ivl_12", 1 0, L_0x7fb0f80787e8;  1 drivers
v0x7fb1048d82d0_0 .net *"_ivl_120", 0 0, L_0x7fb1048efd30;  1 drivers
L_0x7fb0f8078f80 .functor BUFT 1, C4<01>, C4<0>, C4<0>, C4<0>;
v0x7fb1048d8370_0 .net/2s *"_ivl_122", 1 0, L_0x7fb0f8078f80;  1 drivers
L_0x7fb0f8078fc8 .functor BUFT 1, C4<00>, C4<0>, C4<0>, C4<0>;
v0x7fb1048d8420_0 .net/2s *"_ivl_124", 1 0, L_0x7fb0f8078fc8;  1 drivers
v0x7fb1048d84d0_0 .net *"_ivl_126", 1 0, L_0x7fb1048efb70;  1 drivers
v0x7fb1048d8580_0 .net *"_ivl_128", 1 0, L_0x7fb1048eff80;  1 drivers
L_0x7fb0f8078830 .functor BUFT 1, C4<01>, C4<0>, C4<0>, C4<0>;
v0x7fb1048d8630_0 .net/2s *"_ivl_14", 1 0, L_0x7fb0f8078830;  1 drivers
v0x7fb1048d86e0_0 .net *"_ivl_16", 1 0, L_0x7fb1048eda70;  1 drivers
v0x7fb1048d8790_0 .net *"_ivl_18", 1 0, L_0x7fb1048edc10;  1 drivers
L_0x7fb0f8078710 .functor BUFT 1, C4<0100011>, C4<0>, C4<0>, C4<0>;
v0x7fb1048d8840_0 .net/2u *"_ivl_2", 6 0, L_0x7fb0f8078710;  1 drivers
v0x7fb1048d88f0_0 .net *"_ivl_20", 1 0, L_0x7fb1048edd70;  1 drivers
L_0x7fb0f8078878 .functor BUFT 1, C4<00>, C4<0>, C4<0>, C4<0>;
v0x7fb1048d89a0_0 .net/2s *"_ivl_24", 1 0, L_0x7fb0f8078878;  1 drivers
L_0x7fb0f80788c0 .functor BUFT 1, C4<0110011>, C4<0>, C4<0>, C4<0>;
v0x7fb1048d8a50_0 .net/2u *"_ivl_26", 6 0, L_0x7fb0f80788c0;  1 drivers
v0x7fb1048d8b00_0 .net *"_ivl_28", 0 0, L_0x7fb1048edff0;  1 drivers
L_0x7fb0f8078908 .functor BUFT 1, C4<1100011>, C4<0>, C4<0>, C4<0>;
v0x7fb1048d7ff0_0 .net/2u *"_ivl_30", 6 0, L_0x7fb0f8078908;  1 drivers
v0x7fb1048d8d90_0 .net *"_ivl_32", 0 0, L_0x7fb1048ebc20;  1 drivers
v0x7fb1048d8e20_0 .net *"_ivl_35", 0 0, L_0x7fb1048ee350;  1 drivers
L_0x7fb0f8078950 .functor BUFT 1, C4<00>, C4<0>, C4<0>, C4<0>;
v0x7fb1048d8eb0_0 .net/2s *"_ivl_36", 1 0, L_0x7fb0f8078950;  1 drivers
L_0x7fb0f8078998 .functor BUFT 1, C4<01>, C4<0>, C4<0>, C4<0>;
v0x7fb1048d8f40_0 .net/2s *"_ivl_38", 1 0, L_0x7fb0f8078998;  1 drivers
v0x7fb1048d8ff0_0 .net *"_ivl_4", 0 0, L_0x7fb1048ed930;  1 drivers
v0x7fb1048d9090_0 .net *"_ivl_40", 1 0, L_0x7fb1048ee400;  1 drivers
v0x7fb1048d9140_0 .net *"_ivl_42", 1 0, L_0x7fb1048ee570;  1 drivers
L_0x7fb0f80789e0 .functor BUFT 1, C4<00>, C4<0>, C4<0>, C4<0>;
v0x7fb1048d91f0_0 .net/2u *"_ivl_46", 1 0, L_0x7fb0f80789e0;  1 drivers
L_0x7fb0f8078a28 .functor BUFT 1, C4<0110011>, C4<0>, C4<0>, C4<0>;
v0x7fb1048d92a0_0 .net/2u *"_ivl_48", 6 0, L_0x7fb0f8078a28;  1 drivers
v0x7fb1048d9350_0 .net *"_ivl_50", 0 0, L_0x7fb1048ee810;  1 drivers
L_0x7fb0f8078a70 .functor BUFT 1, C4<10>, C4<0>, C4<0>, C4<0>;
v0x7fb1048d93f0_0 .net/2u *"_ivl_52", 1 0, L_0x7fb0f8078a70;  1 drivers
L_0x7fb0f8078ab8 .functor BUFT 1, C4<1100011>, C4<0>, C4<0>, C4<0>;
v0x7fb1048d94a0_0 .net/2u *"_ivl_54", 6 0, L_0x7fb0f8078ab8;  1 drivers
v0x7fb1048d9550_0 .net *"_ivl_56", 0 0, L_0x7fb1048ee8b0;  1 drivers
L_0x7fb0f8078b00 .functor BUFT 1, C4<01>, C4<0>, C4<0>, C4<0>;
v0x7fb1048d95f0_0 .net/2u *"_ivl_58", 1 0, L_0x7fb0f8078b00;  1 drivers
L_0x7fb0f8078758 .functor BUFT 1, C4<00>, C4<0>, C4<0>, C4<0>;
v0x7fb1048d96a0_0 .net/2s *"_ivl_6", 1 0, L_0x7fb0f8078758;  1 drivers
L_0x7fb0f8078b48 .functor BUFT 1, C4<00>, C4<0>, C4<0>, C4<0>;
v0x7fb1048d9750_0 .net/2u *"_ivl_60", 1 0, L_0x7fb0f8078b48;  1 drivers
v0x7fb1048d9800_0 .net *"_ivl_62", 1 0, L_0x7fb1048eea00;  1 drivers
v0x7fb1048d98b0_0 .net *"_ivl_64", 1 0, L_0x7fb1048eeb20;  1 drivers
L_0x7fb0f8078b90 .functor BUFT 1, C4<00>, C4<0>, C4<0>, C4<0>;
v0x7fb1048d9960_0 .net/2s *"_ivl_68", 1 0, L_0x7fb0f8078b90;  1 drivers
L_0x7fb0f8078bd8 .functor BUFT 1, C4<0000011>, C4<0>, C4<0>, C4<0>;
v0x7fb1048d9a10_0 .net/2u *"_ivl_70", 6 0, L_0x7fb0f8078bd8;  1 drivers
v0x7fb1048d9ac0_0 .net *"_ivl_72", 0 0, L_0x7fb1048eee60;  1 drivers
L_0x7fb0f8078c20 .functor BUFT 1, C4<01>, C4<0>, C4<0>, C4<0>;
v0x7fb1048d9b60_0 .net/2s *"_ivl_74", 1 0, L_0x7fb0f8078c20;  1 drivers
L_0x7fb0f8078c68 .functor BUFT 1, C4<00>, C4<0>, C4<0>, C4<0>;
v0x7fb1048d9c10_0 .net/2s *"_ivl_76", 1 0, L_0x7fb0f8078c68;  1 drivers
v0x7fb1048d9cc0_0 .net *"_ivl_78", 1 0, L_0x7fb1048eefd0;  1 drivers
L_0x7fb0f80787a0 .functor BUFT 1, C4<1100011>, C4<0>, C4<0>, C4<0>;
v0x7fb1048d9d70_0 .net/2u *"_ivl_8", 6 0, L_0x7fb0f80787a0;  1 drivers
v0x7fb1048d9e20_0 .net *"_ivl_80", 1 0, L_0x7fb1048ef0b0;  1 drivers
L_0x7fb0f8078cb0 .functor BUFT 1, C4<00>, C4<0>, C4<0>, C4<0>;
v0x7fb1048d9ed0_0 .net/2s *"_ivl_84", 1 0, L_0x7fb0f8078cb0;  1 drivers
L_0x7fb0f8078cf8 .functor BUFT 1, C4<0000011>, C4<0>, C4<0>, C4<0>;
v0x7fb1048d9f80_0 .net/2u *"_ivl_86", 6 0, L_0x7fb0f8078cf8;  1 drivers
v0x7fb1048da030_0 .net *"_ivl_88", 0 0, L_0x7fb1048ef310;  1 drivers
L_0x7fb0f8078d40 .functor BUFT 1, C4<01>, C4<0>, C4<0>, C4<0>;
v0x7fb1048da0d0_0 .net/2s *"_ivl_90", 1 0, L_0x7fb0f8078d40;  1 drivers
L_0x7fb0f8078d88 .functor BUFT 1, C4<00>, C4<0>, C4<0>, C4<0>;
v0x7fb1048da180_0 .net/2s *"_ivl_92", 1 0, L_0x7fb0f8078d88;  1 drivers
v0x7fb1048d8bb0_0 .net *"_ivl_94", 1 0, L_0x7fb1048ef150;  1 drivers
v0x7fb1048d8c60_0 .net *"_ivl_96", 1 0, L_0x7fb1048ef5e0;  1 drivers
v0x7fb1048da210_0 .net "opcode_i", 6 0, L_0x7fb1048f02a0;  1 drivers
L_0x7fb1048ed930 .cmp/eq 7, L_0x7fb1048f02a0, L_0x7fb0f8078710;
L_0x7fb1048ed9d0 .cmp/eq 7, L_0x7fb1048f02a0, L_0x7fb0f80787a0;
L_0x7fb1048eda70 .functor MUXZ 2, L_0x7fb0f8078830, L_0x7fb0f80787e8, L_0x7fb1048ed9d0, C4<>;
L_0x7fb1048edc10 .functor MUXZ 2, L_0x7fb1048eda70, L_0x7fb0f8078758, L_0x7fb1048ed930, C4<>;
L_0x7fb1048edd70 .functor MUXZ 2, L_0x7fb1048edc10, L_0x7fb0f80786c8, L_0x7fb1048f7560, C4<>;
L_0x7fb1048eded0 .part L_0x7fb1048edd70, 0, 1;
L_0x7fb1048edff0 .cmp/eq 7, L_0x7fb1048f02a0, L_0x7fb0f80788c0;
L_0x7fb1048ebc20 .cmp/eq 7, L_0x7fb1048f02a0, L_0x7fb0f8078908;
L_0x7fb1048ee400 .functor MUXZ 2, L_0x7fb0f8078998, L_0x7fb0f8078950, L_0x7fb1048ee350, C4<>;
L_0x7fb1048ee570 .functor MUXZ 2, L_0x7fb1048ee400, L_0x7fb0f8078878, L_0x7fb1048f7560, C4<>;
L_0x7fb1048ee690 .part L_0x7fb1048ee570, 0, 1;
L_0x7fb1048ee810 .cmp/eq 7, L_0x7fb1048f02a0, L_0x7fb0f8078a28;
L_0x7fb1048ee8b0 .cmp/eq 7, L_0x7fb1048f02a0, L_0x7fb0f8078ab8;
L_0x7fb1048eea00 .functor MUXZ 2, L_0x7fb0f8078b48, L_0x7fb0f8078b00, L_0x7fb1048ee8b0, C4<>;
L_0x7fb1048eeb20 .functor MUXZ 2, L_0x7fb1048eea00, L_0x7fb0f8078a70, L_0x7fb1048ee810, C4<>;
L_0x7fb1048eecc0 .functor MUXZ 2, L_0x7fb1048eeb20, L_0x7fb0f80789e0, L_0x7fb1048f7560, C4<>;
L_0x7fb1048eee60 .cmp/eq 7, L_0x7fb1048f02a0, L_0x7fb0f8078bd8;
L_0x7fb1048eefd0 .functor MUXZ 2, L_0x7fb0f8078c68, L_0x7fb0f8078c20, L_0x7fb1048eee60, C4<>;
L_0x7fb1048ef0b0 .functor MUXZ 2, L_0x7fb1048eefd0, L_0x7fb0f8078b90, L_0x7fb1048f7560, C4<>;
L_0x7fb1048ef1f0 .part L_0x7fb1048ef0b0, 0, 1;
L_0x7fb1048ef310 .cmp/eq 7, L_0x7fb1048f02a0, L_0x7fb0f8078cf8;
L_0x7fb1048ef150 .functor MUXZ 2, L_0x7fb0f8078d88, L_0x7fb0f8078d40, L_0x7fb1048ef310, C4<>;
L_0x7fb1048ef5e0 .functor MUXZ 2, L_0x7fb1048ef150, L_0x7fb0f8078cb0, L_0x7fb1048f7560, C4<>;
L_0x7fb1048ef740 .part L_0x7fb1048ef5e0, 0, 1;
L_0x7fb1048ef860 .cmp/eq 7, L_0x7fb1048f02a0, L_0x7fb0f8078e18;
L_0x7fb1048ef680 .functor MUXZ 2, L_0x7fb0f8078ea8, L_0x7fb0f8078e60, L_0x7fb1048ef860, C4<>;
L_0x7fb1048efad0 .functor MUXZ 2, L_0x7fb1048ef680, L_0x7fb0f8078dd0, L_0x7fb1048f7560, C4<>;
L_0x7fb1048efc50 .part L_0x7fb1048efad0, 0, 1;
L_0x7fb1048efd30 .cmp/eq 7, L_0x7fb1048f02a0, L_0x7fb0f8078f38;
L_0x7fb1048efb70 .functor MUXZ 2, L_0x7fb0f8078fc8, L_0x7fb0f8078f80, L_0x7fb1048efd30, C4<>;
L_0x7fb1048eff80 .functor MUXZ 2, L_0x7fb1048efb70, L_0x7fb0f8078ef0, L_0x7fb1048f7560, C4<>;
L_0x7fb1048efe50 .part L_0x7fb1048eff80, 0, 1;
S_0x7fb1048da320 .scope module, "Data_Memory" "Data_Memory" 3 152, 10 1 0, S_0x7fb1048b8850;
 .timescale 0 0;
    .port_info 0 /INPUT 1 "clk_i";
    .port_info 1 /INPUT 32 "addr_i";
    .port_info 2 /INPUT 1 "MemRead_i";
    .port_info 3 /INPUT 1 "MemWrite_i";
    .port_info 4 /INPUT 32 "data_i";
    .port_info 5 /OUTPUT 32 "data_o";
v0x7fb1048da520_0 .net "MemRead_i", 0 0, v0x7fb1048db400_0;  1 drivers
v0x7fb1048da5d0_0 .net "MemWrite_i", 0 0, v0x7fb1048db6b0_0;  1 drivers
v0x7fb1048da670_0 .net *"_ivl_0", 31 0, L_0x7fb1048f6ac0;  1 drivers
v0x7fb1048da730_0 .net *"_ivl_2", 31 0, L_0x7fb1048f6c00;  1 drivers
v0x7fb1048da7e0_0 .net *"_ivl_4", 29 0, L_0x7fb1048f6b60;  1 drivers
L_0x7fb0f8079a78 .functor BUFT 1, C4<00>, C4<0>, C4<0>, C4<0>;
v0x7fb1048da8d0_0 .net *"_ivl_6", 1 0, L_0x7fb0f8079a78;  1 drivers
L_0x7fb0f8079ac0 .functor BUFT 1, C4<00000000000000000000000000000000>, C4<0>, C4<0>, C4<0>;
v0x7fb1048da980_0 .net/2s *"_ivl_8", 31 0, L_0x7fb0f8079ac0;  1 drivers
v0x7fb1048daa30_0 .net "addr_i", 31 0, v0x7fb1048db2e0_0;  1 drivers
v0x7fb1048daae0_0 .net "clk_i", 0 0, v0x7fb1048e9430_0;  alias, 1 drivers
v0x7fb1048dabf0_0 .net "data_i", 31 0, v0x7fb1048db580_0;  1 drivers
v0x7fb1048dac80_0 .net "data_o", 31 0, L_0x7fb1048f6d60;  1 drivers
v0x7fb1048dad10 .array/s "memory", 1023 0, 31 0;
E_0x7fb1048d7a50 .event posedge, v0x7fb1048d6010_0;
L_0x7fb1048f6ac0 .array/port v0x7fb1048dad10, L_0x7fb1048f6c00;
L_0x7fb1048f6b60 .part v0x7fb1048db2e0_0, 2, 30;
L_0x7fb1048f6c00 .concat [ 30 2 0 0], L_0x7fb1048f6b60, L_0x7fb0f8079a78;
L_0x7fb1048f6d60 .functor MUXZ 32, L_0x7fb0f8079ac0, L_0x7fb1048f6ac0, v0x7fb1048db400_0, C4<>;
S_0x7fb1048dae30 .scope module, "EX_MEM" "EX_MEM" 3 58, 11 1 0, S_0x7fb1048b8850;
 .timescale 0 0;
    .port_info 0 /INPUT 1 "clk_i";
    .port_info 1 /INPUT 1 "rst_i";
    .port_info 2 /INPUT 1 "RegWrite_i";
    .port_info 3 /INPUT 1 "MemtoReg_i";
    .port_info 4 /INPUT 1 "MemRead_i";
    .port_info 5 /INPUT 1 "MemWrite_i";
    .port_info 6 /INPUT 32 "ALUResult_i";
    .port_info 7 /INPUT 32 "MemWriteData_i";
    .port_info 8 /INPUT 5 "RDaddr_i";
    .port_info 9 /OUTPUT 1 "RegWrite_o";
    .port_info 10 /OUTPUT 1 "MemtoReg_o";
    .port_info 11 /OUTPUT 1 "MemRead_o";
    .port_info 12 /OUTPUT 1 "MemWrite_o";
    .port_info 13 /OUTPUT 32 "ALUResult_o";
    .port_info 14 /OUTPUT 32 "MemWriteData_o";
    .port_info 15 /OUTPUT 5 "RDaddr_o";
v0x7fb1048db1f0_0 .net "ALUResult_i", 31 0, L_0x7fb1048f6900;  alias, 1 drivers
v0x7fb1048db2e0_0 .var "ALUResult_o", 31 0;
v0x7fb1048db370_0 .net "MemRead_i", 0 0, v0x7fb1048dfd60_0;  1 drivers
v0x7fb1048db400_0 .var "MemRead_o", 0 0;
v0x7fb1048db4b0_0 .net "MemWriteData_i", 31 0, L_0x7fb1048eadc0;  1 drivers
v0x7fb1048db580_0 .var "MemWriteData_o", 31 0;
v0x7fb1048db620_0 .net "MemWrite_i", 0 0, v0x7fb1048dff00_0;  1 drivers
v0x7fb1048db6b0_0 .var "MemWrite_o", 0 0;
v0x7fb1048db760_0 .net "MemtoReg_i", 0 0, v0x7fb1048e0040_0;  1 drivers
v0x7fb1048db870_0 .var "MemtoReg_o", 0 0;
v0x7fb1048db910_0 .net "RDaddr_i", 4 0, v0x7fb1048e02e0_0;  1 drivers
v0x7fb1048db9c0_0 .var "RDaddr_o", 4 0;
v0x7fb1048dba70_0 .net "RegWrite_i", 0 0, v0x7fb1048e09e0_0;  1 drivers
v0x7fb1048dbb10_0 .var "RegWrite_o", 0 0;
v0x7fb1048dbbb0_0 .net "clk_i", 0 0, v0x7fb1048e9430_0;  alias, 1 drivers
v0x7fb1048dbc40_0 .net "rst_i", 0 0, v0x7fb1048e94c0_0;  alias, 1 drivers
S_0x7fb1048dbe40 .scope module, "Forwarding" "Forwarding" 3 173, 12 1 0, S_0x7fb1048b8850;
 .timescale 0 0;
    .port_info 0 /INPUT 1 "MEM_RegWrite_i";
    .port_info 1 /INPUT 5 "MEM_RDaddr_i";
    .port_info 2 /INPUT 1 "WB_RegWrite_i";
    .port_info 3 /INPUT 5 "WB_RDaddr_i";
    .port_info 4 /INPUT 5 "EX_RS1addr_i";
    .port_info 5 /INPUT 5 "EX_RS2addr_i";
    .port_info 6 /OUTPUT 2 "Forward_A_o";
    .port_info 7 /OUTPUT 2 "Forward_B_o";
L_0x7fb1048f85e0 .functor AND 1, v0x7fb1048dbb10_0, L_0x7fb1048f8540, C4<1>, C4<1>;
L_0x7fb1048f8770 .functor AND 1, L_0x7fb1048f85e0, L_0x7fb1048f8650, C4<1>, C4<1>;
L_0x7fb1048f8900 .functor AND 1, v0x7fb1048e47f0_0, L_0x7fb1048f8820, C4<1>, C4<1>;
L_0x7fb1048f8a50 .functor AND 1, L_0x7fb1048f8900, L_0x7fb1048f89b0, C4<1>, C4<1>;
L_0x7fb1048f8f20 .functor AND 1, v0x7fb1048dbb10_0, L_0x7fb1048f8e00, C4<1>, C4<1>;
L_0x7fb1048f90f0 .functor AND 1, L_0x7fb1048f8f20, L_0x7fb1048f9010, C4<1>, C4<1>;
L_0x7fb1048f9310 .functor AND 1, v0x7fb1048e47f0_0, L_0x7fb1048f91e0, C4<1>, C4<1>;
L_0x7fb1048f9560 .functor AND 1, L_0x7fb1048f9310, L_0x7fb1048f93c0, C4<1>, C4<1>;
v0x7fb1048dc0c0_0 .net "EX_RS1addr_i", 4 0, v0x7fb1048e0540_0;  1 drivers
v0x7fb1048dc180_0 .net "EX_RS2addr_i", 4 0, v0x7fb1048e0780_0;  1 drivers
v0x7fb1048dc230_0 .net "Forward_A_o", 1 0, L_0x7fb1048f8ca0;  1 drivers
v0x7fb1048dc2f0_0 .net "Forward_B_o", 1 0, L_0x7fb1048f9750;  1 drivers
v0x7fb1048dc3a0_0 .net "MEM_RDaddr_i", 4 0, v0x7fb1048db9c0_0;  1 drivers
v0x7fb1048dc480_0 .net "MEM_RegWrite_i", 0 0, v0x7fb1048dbb10_0;  1 drivers
v0x7fb1048dc530_0 .net "WB_RDaddr_i", 4 0, v0x7fb1048e4640_0;  1 drivers
v0x7fb1048dc5c0_0 .net "WB_RegWrite_i", 0 0, v0x7fb1048e47f0_0;  1 drivers
L_0x7fb0f8079cb8 .functor BUFT 1, C4<00000>, C4<0>, C4<0>, C4<0>;
v0x7fb1048dc660_0 .net/2u *"_ivl_0", 4 0, L_0x7fb0f8079cb8;  1 drivers
L_0x7fb0f8079d00 .functor BUFT 1, C4<10>, C4<0>, C4<0>, C4<0>;
v0x7fb1048dc790_0 .net/2u *"_ivl_10", 1 0, L_0x7fb0f8079d00;  1 drivers
L_0x7fb0f8079d48 .functor BUFT 1, C4<00000>, C4<0>, C4<0>, C4<0>;
v0x7fb1048dc840_0 .net/2u *"_ivl_12", 4 0, L_0x7fb0f8079d48;  1 drivers
v0x7fb1048dc8f0_0 .net *"_ivl_14", 0 0, L_0x7fb1048f8820;  1 drivers
v0x7fb1048dc990_0 .net *"_ivl_17", 0 0, L_0x7fb1048f8900;  1 drivers
v0x7fb1048dca30_0 .net *"_ivl_18", 0 0, L_0x7fb1048f89b0;  1 drivers
v0x7fb1048dcad0_0 .net *"_ivl_2", 0 0, L_0x7fb1048f8540;  1 drivers
v0x7fb1048dcb70_0 .net *"_ivl_21", 0 0, L_0x7fb1048f8a50;  1 drivers
L_0x7fb0f8079d90 .functor BUFT 1, C4<01>, C4<0>, C4<0>, C4<0>;
v0x7fb1048dcc10_0 .net/2u *"_ivl_22", 1 0, L_0x7fb0f8079d90;  1 drivers
L_0x7fb0f8079dd8 .functor BUFT 1, C4<00>, C4<0>, C4<0>, C4<0>;
v0x7fb1048dcda0_0 .net/2u *"_ivl_24", 1 0, L_0x7fb0f8079dd8;  1 drivers
v0x7fb1048dce30_0 .net *"_ivl_26", 1 0, L_0x7fb1048f8b40;  1 drivers
L_0x7fb0f8079e20 .functor BUFT 1, C4<00000>, C4<0>, C4<0>, C4<0>;
v0x7fb1048dcee0_0 .net/2u *"_ivl_30", 4 0, L_0x7fb0f8079e20;  1 drivers
v0x7fb1048dcf90_0 .net *"_ivl_32", 0 0, L_0x7fb1048f8e00;  1 drivers
v0x7fb1048dd030_0 .net *"_ivl_35", 0 0, L_0x7fb1048f8f20;  1 drivers
v0x7fb1048dd0d0_0 .net *"_ivl_36", 0 0, L_0x7fb1048f9010;  1 drivers
v0x7fb1048dd170_0 .net *"_ivl_39", 0 0, L_0x7fb1048f90f0;  1 drivers
L_0x7fb0f8079e68 .functor BUFT 1, C4<10>, C4<0>, C4<0>, C4<0>;
v0x7fb1048dd210_0 .net/2u *"_ivl_40", 1 0, L_0x7fb0f8079e68;  1 drivers
L_0x7fb0f8079eb0 .functor BUFT 1, C4<00000>, C4<0>, C4<0>, C4<0>;
v0x7fb1048dd2c0_0 .net/2u *"_ivl_42", 4 0, L_0x7fb0f8079eb0;  1 drivers
v0x7fb1048dd370_0 .net *"_ivl_44", 0 0, L_0x7fb1048f91e0;  1 drivers
v0x7fb1048dd410_0 .net *"_ivl_47", 0 0, L_0x7fb1048f9310;  1 drivers
v0x7fb1048dd4b0_0 .net *"_ivl_48", 0 0, L_0x7fb1048f93c0;  1 drivers
v0x7fb1048dd550_0 .net *"_ivl_5", 0 0, L_0x7fb1048f85e0;  1 drivers
v0x7fb1048dd5f0_0 .net *"_ivl_51", 0 0, L_0x7fb1048f9560;  1 drivers
L_0x7fb0f8079ef8 .functor BUFT 1, C4<01>, C4<0>, C4<0>, C4<0>;
v0x7fb1048dd690_0 .net/2u *"_ivl_52", 1 0, L_0x7fb0f8079ef8;  1 drivers
L_0x7fb0f8079f40 .functor BUFT 1, C4<00>, C4<0>, C4<0>, C4<0>;
v0x7fb1048dd740_0 .net/2u *"_ivl_54", 1 0, L_0x7fb0f8079f40;  1 drivers
v0x7fb1048dccc0_0 .net *"_ivl_56", 1 0, L_0x7fb1048f95d0;  1 drivers
v0x7fb1048dd9d0_0 .net *"_ivl_6", 0 0, L_0x7fb1048f8650;  1 drivers
v0x7fb1048dda60_0 .net *"_ivl_9", 0 0, L_0x7fb1048f8770;  1 drivers
L_0x7fb1048f8540 .cmp/ne 5, v0x7fb1048db9c0_0, L_0x7fb0f8079cb8;
L_0x7fb1048f8650 .cmp/eq 5, v0x7fb1048db9c0_0, v0x7fb1048e0540_0;
L_0x7fb1048f8820 .cmp/ne 5, v0x7fb1048e4640_0, L_0x7fb0f8079d48;
L_0x7fb1048f89b0 .cmp/eq 5, v0x7fb1048e4640_0, v0x7fb1048e0540_0;
L_0x7fb1048f8b40 .functor MUXZ 2, L_0x7fb0f8079dd8, L_0x7fb0f8079d90, L_0x7fb1048f8a50, C4<>;
L_0x7fb1048f8ca0 .functor MUXZ 2, L_0x7fb1048f8b40, L_0x7fb0f8079d00, L_0x7fb1048f8770, C4<>;
L_0x7fb1048f8e00 .cmp/ne 5, v0x7fb1048db9c0_0, L_0x7fb0f8079e20;
L_0x7fb1048f9010 .cmp/eq 5, v0x7fb1048db9c0_0, v0x7fb1048e0780_0;
L_0x7fb1048f91e0 .cmp/ne 5, v0x7fb1048e4640_0, L_0x7fb0f8079eb0;
L_0x7fb1048f93c0 .cmp/eq 5, v0x7fb1048e4640_0, v0x7fb1048e0780_0;
L_0x7fb1048f95d0 .functor MUXZ 2, L_0x7fb0f8079f40, L_0x7fb0f8079ef8, L_0x7fb1048f9560, C4<>;
L_0x7fb1048f9750 .functor MUXZ 2, L_0x7fb1048f95d0, L_0x7fb0f8079e68, L_0x7fb1048f90f0, C4<>;
S_0x7fb1048ddba0 .scope module, "Hazard_Detection" "Hazard_Detection" 3 166, 13 1 0, S_0x7fb1048b8850;
 .timescale 0 0;
    .port_info 0 /INPUT 5 "RS1addr_i";
    .port_info 1 /INPUT 5 "RS2addr_i";
    .port_info 2 /INPUT 5 "RDaddr_i";
    .port_info 3 /INPUT 1 "MemRead_i";
    .port_info 4 /OUTPUT 1 "NoOp_o";
    .port_info 5 /OUTPUT 1 "Stall_o";
    .port_info 6 /OUTPUT 1 "PCWrite_o";
L_0x7fb1048f72a0 .functor OR 1, L_0x7fb1048f70e0, L_0x7fb1048f7180, C4<0>, C4<0>;
L_0x7fb1048f7350 .functor AND 1, v0x7fb1048dfd60_0, L_0x7fb1048f72a0, C4<1>, C4<1>;
L_0x7fb1048f7800 .functor OR 1, L_0x7fb1048f7640, L_0x7fb1048f7720, C4<0>, C4<0>;
L_0x7fb1048f78f0 .functor AND 1, v0x7fb1048dfd60_0, L_0x7fb1048f7800, C4<1>, C4<1>;
L_0x7fb1048f7f30 .functor OR 1, L_0x7fb1048f7ca0, L_0x7fb1048f7d90, C4<0>, C4<0>;
L_0x7fb1048f7fa0 .functor AND 1, v0x7fb1048dfd60_0, L_0x7fb1048f7f30, C4<1>, C4<1>;
v0x7fb1048dddc0_0 .net "MemRead_i", 0 0, v0x7fb1048dfd60_0;  alias, 1 drivers
v0x7fb1048dde50_0 .net "NoOp_o", 0 0, L_0x7fb1048f7560;  alias, 1 drivers
v0x7fb1048ddf00_0 .net "PCWrite_o", 0 0, L_0x7fb1048f8190;  1 drivers
v0x7fb1048ddfb0_0 .net "RDaddr_i", 4 0, v0x7fb1048e02e0_0;  alias, 1 drivers
v0x7fb1048de060_0 .net "RS1addr_i", 4 0, L_0x7fb1048f82b0;  1 drivers
v0x7fb1048de130_0 .net "RS2addr_i", 4 0, L_0x7fb1048f8420;  1 drivers
v0x7fb1048de1e0_0 .net "Stall_o", 0 0, L_0x7fb1048f7b80;  1 drivers
v0x7fb1048de280_0 .net *"_ivl_0", 0 0, L_0x7fb1048f70e0;  1 drivers
L_0x7fb0f8079b50 .functor BUFT 1, C4<00>, C4<0>, C4<0>, C4<0>;
v0x7fb1048de320_0 .net/2s *"_ivl_10", 1 0, L_0x7fb0f8079b50;  1 drivers
v0x7fb1048de430_0 .net *"_ivl_12", 1 0, L_0x7fb1048f7400;  1 drivers
v0x7fb1048de4e0_0 .net *"_ivl_16", 0 0, L_0x7fb1048f7640;  1 drivers
v0x7fb1048de580_0 .net *"_ivl_18", 0 0, L_0x7fb1048f7720;  1 drivers
v0x7fb1048de620_0 .net *"_ivl_2", 0 0, L_0x7fb1048f7180;  1 drivers
v0x7fb1048de6c0_0 .net *"_ivl_21", 0 0, L_0x7fb1048f7800;  1 drivers
v0x7fb1048de760_0 .net *"_ivl_23", 0 0, L_0x7fb1048f78f0;  1 drivers
L_0x7fb0f8079b98 .functor BUFT 1, C4<01>, C4<0>, C4<0>, C4<0>;
v0x7fb1048de800_0 .net/2s *"_ivl_24", 1 0, L_0x7fb0f8079b98;  1 drivers
L_0x7fb0f8079be0 .functor BUFT 1, C4<00>, C4<0>, C4<0>, C4<0>;
v0x7fb1048de8b0_0 .net/2s *"_ivl_26", 1 0, L_0x7fb0f8079be0;  1 drivers
v0x7fb1048dea40_0 .net *"_ivl_28", 1 0, L_0x7fb1048f79e0;  1 drivers
v0x7fb1048dead0_0 .net *"_ivl_32", 0 0, L_0x7fb1048f7ca0;  1 drivers
v0x7fb1048deb70_0 .net *"_ivl_34", 0 0, L_0x7fb1048f7d90;  1 drivers
v0x7fb1048dec10_0 .net *"_ivl_37", 0 0, L_0x7fb1048f7f30;  1 drivers
v0x7fb1048decb0_0 .net *"_ivl_39", 0 0, L_0x7fb1048f7fa0;  1 drivers
L_0x7fb0f8079c28 .functor BUFT 1, C4<00>, C4<0>, C4<0>, C4<0>;
v0x7fb1048ded50_0 .net/2s *"_ivl_40", 1 0, L_0x7fb0f8079c28;  1 drivers
L_0x7fb0f8079c70 .functor BUFT 1, C4<01>, C4<0>, C4<0>, C4<0>;
v0x7fb1048dee00_0 .net/2s *"_ivl_42", 1 0, L_0x7fb0f8079c70;  1 drivers
v0x7fb1048deeb0_0 .net *"_ivl_44", 1 0, L_0x7fb1048f8010;  1 drivers
v0x7fb1048def60_0 .net *"_ivl_5", 0 0, L_0x7fb1048f72a0;  1 drivers
v0x7fb1048df000_0 .net *"_ivl_7", 0 0, L_0x7fb1048f7350;  1 drivers
L_0x7fb0f8079b08 .functor BUFT 1, C4<01>, C4<0>, C4<0>, C4<0>;
v0x7fb1048df0a0_0 .net/2s *"_ivl_8", 1 0, L_0x7fb0f8079b08;  1 drivers
L_0x7fb1048f70e0 .cmp/eq 5, v0x7fb1048e02e0_0, L_0x7fb1048f82b0;
L_0x7fb1048f7180 .cmp/eq 5, v0x7fb1048e02e0_0, L_0x7fb1048f8420;
L_0x7fb1048f7400 .functor MUXZ 2, L_0x7fb0f8079b50, L_0x7fb0f8079b08, L_0x7fb1048f7350, C4<>;
L_0x7fb1048f7560 .part L_0x7fb1048f7400, 0, 1;
L_0x7fb1048f7640 .cmp/eq 5, v0x7fb1048e02e0_0, L_0x7fb1048f82b0;
L_0x7fb1048f7720 .cmp/eq 5, v0x7fb1048e02e0_0, L_0x7fb1048f8420;
L_0x7fb1048f79e0 .functor MUXZ 2, L_0x7fb0f8079be0, L_0x7fb0f8079b98, L_0x7fb1048f78f0, C4<>;
L_0x7fb1048f7b80 .part L_0x7fb1048f79e0, 0, 1;
L_0x7fb1048f7ca0 .cmp/eq 5, v0x7fb1048e02e0_0, L_0x7fb1048f82b0;
L_0x7fb1048f7d90 .cmp/eq 5, v0x7fb1048e02e0_0, L_0x7fb1048f8420;
L_0x7fb1048f8010 .functor MUXZ 2, L_0x7fb0f8079c70, L_0x7fb0f8079c28, L_0x7fb1048f7fa0, C4<>;
L_0x7fb1048f8190 .part L_0x7fb1048f8010, 0, 1;
S_0x7fb1048df200 .scope module, "ID_EX" "ID_EX" 3 36, 14 1 0, S_0x7fb1048b8850;
 .timescale 0 0;
    .port_info 0 /INPUT 1 "clk_i";
    .port_info 1 /INPUT 1 "rst_i";
    .port_info 2 /INPUT 1 "RegWrite_i";
    .port_info 3 /INPUT 1 "MemtoReg_i";
    .port_info 4 /INPUT 1 "MemRead_i";
    .port_info 5 /INPUT 1 "MemWrite_i";
    .port_info 6 /INPUT 2 "ALUOp_i";
    .port_info 7 /INPUT 1 "ALUSrc_i";
    .port_info 8 /INPUT 32 "RS1data_i";
    .port_info 9 /INPUT 32 "RS2data_i";
    .port_info 10 /INPUT 5 "RS1addr_i";
    .port_info 11 /INPUT 5 "RS2addr_i";
    .port_info 12 /INPUT 3 "func3_i";
    .port_info 13 /INPUT 7 "func7_i";
    .port_info 14 /INPUT 32 "immExtended_i";
    .port_info 15 /INPUT 5 "RDaddr_i";
    .port_info 16 /INPUT 32 "PC_i";
    .port_info 17 /INPUT 1 "Flush_i";
    .port_info 18 /INPUT 1 "Branch_i";
    .port_info 19 /OUTPUT 1 "RegWrite_o";
    .port_info 20 /OUTPUT 1 "MemtoReg_o";
    .port_info 21 /OUTPUT 1 "MemRead_o";
    .port_info 22 /OUTPUT 1 "MemWrite_o";
    .port_info 23 /OUTPUT 2 "ALUOp_o";
    .port_info 24 /OUTPUT 1 "ALUSrc_o";
    .port_info 25 /OUTPUT 32 "RS1data_o";
    .port_info 26 /OUTPUT 32 "RS2data_o";
    .port_info 27 /OUTPUT 5 "RS1addr_o";
    .port_info 28 /OUTPUT 5 "RS2addr_o";
    .port_info 29 /OUTPUT 3 "func3_o";
    .port_info 30 /OUTPUT 7 "func7_o";
    .port_info 31 /OUTPUT 32 "immExtended_o";
    .port_info 32 /OUTPUT 5 "RDaddr_o";
    .port_info 33 /OUTPUT 32 "PC_o";
    .port_info 34 /OUTPUT 1 "Branch_o";
v0x7fb1048df7e0_0 .net "ALUOp_i", 1 0, L_0x7fb1048eecc0;  alias, 1 drivers
v0x7fb1048df890_0 .var "ALUOp_o", 1 0;
v0x7fb1048df920_0 .net "ALUSrc_i", 0 0, L_0x7fb1048ee690;  alias, 1 drivers
v0x7fb1048df9d0_0 .var "ALUSrc_o", 0 0;
v0x7fb1048dfa60_0 .net "Branch_i", 0 0, L_0x7fb1048efe50;  alias, 1 drivers
v0x7fb1048dfb70_0 .var "Branch_o", 0 0;
v0x7fb1048dfc00_0 .net "Flush_i", 0 0, L_0x7fb1048eb910;  alias, 1 drivers
v0x7fb1048dfcd0_0 .net "MemRead_i", 0 0, L_0x7fb1048ef740;  alias, 1 drivers
v0x7fb1048dfd60_0 .var "MemRead_o", 0 0;
v0x7fb1048dfe70_0 .net "MemWrite_i", 0 0, L_0x7fb1048efc50;  alias, 1 drivers
v0x7fb1048dff00_0 .var "MemWrite_o", 0 0;
v0x7fb1048dff90_0 .net "MemtoReg_i", 0 0, L_0x7fb1048ef1f0;  alias, 1 drivers
v0x7fb1048e0040_0 .var "MemtoReg_o", 0 0;
v0x7fb1048e00f0_0 .net "PC_i", 31 0, v0x7fb1048e1730_0;  alias, 1 drivers
v0x7fb1048e01a0_0 .var "PC_o", 31 0;
v0x7fb1048e0250_0 .net "RDaddr_i", 4 0, L_0x7fb1048e9fd0;  1 drivers
v0x7fb1048e02e0_0 .var "RDaddr_o", 4 0;
v0x7fb1048e04b0_0 .net "RS1addr_i", 4 0, L_0x7fb1048e9c90;  1 drivers
v0x7fb1048e0540_0 .var "RS1addr_o", 4 0;
v0x7fb1048e05d0_0 .net "RS1data_i", 31 0, L_0x7fb1048eccd0;  1 drivers
v0x7fb1048e0660_0 .var "RS1data_o", 31 0;
v0x7fb1048e06f0_0 .net "RS2addr_i", 4 0, L_0x7fb1048e9d70;  1 drivers
v0x7fb1048e0780_0 .var "RS2addr_o", 4 0;
v0x7fb1048e0810_0 .net "RS2data_i", 31 0, L_0x7fb1048ed490;  1 drivers
v0x7fb1048e08a0_0 .var "RS2data_o", 31 0;
v0x7fb1048e0930_0 .net "RegWrite_i", 0 0, L_0x7fb1048eded0;  alias, 1 drivers
v0x7fb1048e09e0_0 .var "RegWrite_o", 0 0;
v0x7fb1048e0a90_0 .net "clk_i", 0 0, v0x7fb1048e9430_0;  alias, 1 drivers
v0x7fb1048e0b20_0 .net "func3_i", 2 0, L_0x7fb1048e9e10;  1 drivers
v0x7fb1048e0bb0_0 .var "func3_o", 2 0;
v0x7fb1048e0c70_0 .net "func7_i", 6 0, L_0x7fb1048e9f30;  1 drivers
v0x7fb1048e0d10_0 .var "func7_o", 6 0;
v0x7fb1048e0dd0_0 .net "immExtended_i", 31 0, L_0x7fb1048f2880;  alias, 1 drivers
v0x7fb1048e0390_0 .var "immExtended_o", 31 0;
v0x7fb1048e1060_0 .net "rst_i", 0 0, v0x7fb1048e94c0_0;  alias, 1 drivers
S_0x7fb1048e1440 .scope module, "IF_ID" "IF_ID" 3 27, 15 1 0, S_0x7fb1048b8850;
 .timescale 0 0;
    .port_info 0 /INPUT 1 "clk_i";
    .port_info 1 /INPUT 1 "rst_i";
    .port_info 2 /INPUT 1 "Stall_i";
    .port_info 3 /INPUT 1 "Flush_i";
    .port_info 4 /INPUT 32 "PC_i";
    .port_info 5 /INPUT 32 "instr_i";
    .port_info 6 /OUTPUT 32 "PC_o";
    .port_info 7 /OUTPUT 32 "instr_o";
v0x7fb1048df400_0 .net "Flush_i", 0 0, L_0x7fb1048ec6d0;  alias, 1 drivers
v0x7fb1048e1680_0 .net "PC_i", 31 0, v0x7fb1048e7990_0;  alias, 1 drivers
v0x7fb1048e1730_0 .var "PC_o", 31 0;
v0x7fb1048e1820_0 .net "Stall_i", 0 0, L_0x7fb1048f7b80;  alias, 1 drivers
v0x7fb1048e18b0_0 .net "clk_i", 0 0, v0x7fb1048e9430_0;  alias, 1 drivers
v0x7fb1048e1a00_0 .net "instr_i", 31 0, L_0x7fb1048e9be0;  1 drivers
v0x7fb1048e1a90_0 .var "instr_o", 31 0;
v0x7fb1048e1b20_0 .net "rst_i", 0 0, v0x7fb1048e94c0_0;  alias, 1 drivers
L_0x7fb1048e9c90 .part v0x7fb1048e1a90_0, 15, 5;
L_0x7fb1048e9d70 .part v0x7fb1048e1a90_0, 20, 5;
L_0x7fb1048e9e10 .part v0x7fb1048e1a90_0, 12, 3;
L_0x7fb1048e9f30 .part v0x7fb1048e1a90_0, 25, 7;
L_0x7fb1048e9fd0 .part v0x7fb1048e1a90_0, 7, 5;
L_0x7fb1048ed5f0 .part v0x7fb1048e1a90_0, 15, 5;
L_0x7fb1048ed710 .part v0x7fb1048e1a90_0, 20, 5;
L_0x7fb1048f02a0 .part v0x7fb1048e1a90_0, 0, 7;
L_0x7fb1048f82b0 .part v0x7fb1048e1a90_0, 15, 5;
L_0x7fb1048f8420 .part v0x7fb1048e1a90_0, 20, 5;
S_0x7fb1048e1c30 .scope module, "Imm_Gen" "Imm_Gen" 3 130, 16 1 0, S_0x7fb1048b8850;
 .timescale 0 0;
    .port_info 0 /INPUT 32 "instr_i";
    .port_info 1 /OUTPUT 32 "immExtended_o";
v0x7fb1048e1e30_0 .net *"_ivl_1", 1 0, L_0x7fb1048f0340;  1 drivers
v0x7fb1048e1ef0_0 .net *"_ivl_10", 0 0, L_0x7fb1048f0560;  1 drivers
v0x7fb1048e1f90_0 .net *"_ivl_13", 0 0, L_0x7fb1048f0680;  1 drivers
v0x7fb1048e2020_0 .net *"_ivl_14", 26 0, L_0x7fb1048f0720;  1 drivers
v0x7fb1048e20c0_0 .net *"_ivl_17", 4 0, L_0x7fb1048f0960;  1 drivers
v0x7fb1048e21b0_0 .net *"_ivl_18", 31 0, L_0x7fb1048f08a0;  1 drivers
L_0x7fb0f8079010 .functor BUFT 1, C4<00>, C4<0>, C4<0>, C4<0>;
v0x7fb1048e2260_0 .net/2u *"_ivl_2", 1 0, L_0x7fb0f8079010;  1 drivers
v0x7fb1048e2310_0 .net *"_ivl_21", 0 0, L_0x7fb1048f0ce0;  1 drivers
v0x7fb1048e23c0_0 .net *"_ivl_22", 19 0, L_0x7fb1048f0dd0;  1 drivers
v0x7fb1048e24d0_0 .net *"_ivl_25", 11 0, L_0x7fb1048f0fa0;  1 drivers
v0x7fb1048e2580_0 .net *"_ivl_26", 31 0, L_0x7fb1048f12a0;  1 drivers
v0x7fb1048e2630_0 .net *"_ivl_28", 31 0, L_0x7fb1048f1340;  1 drivers
v0x7fb1048e26e0_0 .net *"_ivl_31", 2 0, L_0x7fb1048f1460;  1 drivers
L_0x7fb0f80790a0 .functor BUFT 1, C4<010>, C4<0>, C4<0>, C4<0>;
v0x7fb1048e2790_0 .net/2u *"_ivl_32", 2 0, L_0x7fb0f80790a0;  1 drivers
v0x7fb1048e2840_0 .net *"_ivl_34", 0 0, L_0x7fb1048ed830;  1 drivers
v0x7fb1048e28e0_0 .net *"_ivl_37", 0 0, L_0x7fb1048f1740;  1 drivers
v0x7fb1048e2990_0 .net *"_ivl_38", 19 0, L_0x7fb1048f17e0;  1 drivers
v0x7fb1048e2b20_0 .net *"_ivl_4", 0 0, L_0x7fb1048f03e0;  1 drivers
v0x7fb1048e2bb0_0 .net *"_ivl_41", 6 0, L_0x7fb1048f1930;  1 drivers
v0x7fb1048e2c50_0 .net *"_ivl_43", 4 0, L_0x7fb1048f1cf0;  1 drivers
v0x7fb1048e2d00_0 .net *"_ivl_44", 31 0, L_0x7fb1048f1d90;  1 drivers
v0x7fb1048e2db0_0 .net *"_ivl_47", 0 0, L_0x7fb1048f1e30;  1 drivers
v0x7fb1048e2e60_0 .net *"_ivl_48", 19 0, L_0x7fb1048f19f0;  1 drivers
v0x7fb1048e2f10_0 .net *"_ivl_51", 0 0, L_0x7fb1048f20f0;  1 drivers
v0x7fb1048e2fc0_0 .net *"_ivl_53", 0 0, L_0x7fb1048f23f0;  1 drivers
v0x7fb1048e3070_0 .net *"_ivl_55", 5 0, L_0x7fb1048f1ed0;  1 drivers
v0x7fb1048e3120_0 .net *"_ivl_57", 3 0, L_0x7fb1048f2560;  1 drivers
v0x7fb1048e31d0_0 .net *"_ivl_58", 31 0, L_0x7fb1048f2030;  1 drivers
v0x7fb1048e3280_0 .net *"_ivl_60", 31 0, L_0x7fb1048f27e0;  1 drivers
v0x7fb1048e3330_0 .net *"_ivl_7", 2 0, L_0x7fb1048f04c0;  1 drivers
L_0x7fb0f8079058 .functor BUFT 1, C4<101>, C4<0>, C4<0>, C4<0>;
v0x7fb1048e33e0_0 .net/2u *"_ivl_8", 2 0, L_0x7fb0f8079058;  1 drivers
v0x7fb1048e3490_0 .net "immExtended_o", 31 0, L_0x7fb1048f2880;  alias, 1 drivers
v0x7fb1048e3570_0 .net "instr_i", 31 0, v0x7fb1048e1a90_0;  1 drivers
L_0x7fb1048f0340 .part v0x7fb1048e1a90_0, 5, 2;
L_0x7fb1048f03e0 .cmp/eq 2, L_0x7fb1048f0340, L_0x7fb0f8079010;
L_0x7fb1048f04c0 .part v0x7fb1048e1a90_0, 12, 3;
L_0x7fb1048f0560 .cmp/eq 3, L_0x7fb1048f04c0, L_0x7fb0f8079058;
L_0x7fb1048f0680 .part v0x7fb1048e1a90_0, 24, 1;
LS_0x7fb1048f0720_0_0 .concat [ 1 1 1 1], L_0x7fb1048f0680, L_0x7fb1048f0680, L_0x7fb1048f0680, L_0x7fb1048f0680;
LS_0x7fb1048f0720_0_4 .concat [ 1 1 1 1], L_0x7fb1048f0680, L_0x7fb1048f0680, L_0x7fb1048f0680, L_0x7fb1048f0680;
LS_0x7fb1048f0720_0_8 .concat [ 1 1 1 1], L_0x7fb1048f0680, L_0x7fb1048f0680, L_0x7fb1048f0680, L_0x7fb1048f0680;
LS_0x7fb1048f0720_0_12 .concat [ 1 1 1 1], L_0x7fb1048f0680, L_0x7fb1048f0680, L_0x7fb1048f0680, L_0x7fb1048f0680;
LS_0x7fb1048f0720_0_16 .concat [ 1 1 1 1], L_0x7fb1048f0680, L_0x7fb1048f0680, L_0x7fb1048f0680, L_0x7fb1048f0680;
LS_0x7fb1048f0720_0_20 .concat [ 1 1 1 1], L_0x7fb1048f0680, L_0x7fb1048f0680, L_0x7fb1048f0680, L_0x7fb1048f0680;
LS_0x7fb1048f0720_0_24 .concat [ 1 1 1 0], L_0x7fb1048f0680, L_0x7fb1048f0680, L_0x7fb1048f0680;
LS_0x7fb1048f0720_1_0 .concat [ 4 4 4 4], LS_0x7fb1048f0720_0_0, LS_0x7fb1048f0720_0_4, LS_0x7fb1048f0720_0_8, LS_0x7fb1048f0720_0_12;
LS_0x7fb1048f0720_1_4 .concat [ 4 4 3 0], LS_0x7fb1048f0720_0_16, LS_0x7fb1048f0720_0_20, LS_0x7fb1048f0720_0_24;
L_0x7fb1048f0720 .concat [ 16 11 0 0], LS_0x7fb1048f0720_1_0, LS_0x7fb1048f0720_1_4;
L_0x7fb1048f0960 .part v0x7fb1048e1a90_0, 20, 5;
L_0x7fb1048f08a0 .concat [ 5 27 0 0], L_0x7fb1048f0960, L_0x7fb1048f0720;
L_0x7fb1048f0ce0 .part v0x7fb1048e1a90_0, 31, 1;
LS_0x7fb1048f0dd0_0_0 .concat [ 1 1 1 1], L_0x7fb1048f0ce0, L_0x7fb1048f0ce0, L_0x7fb1048f0ce0, L_0x7fb1048f0ce0;
LS_0x7fb1048f0dd0_0_4 .concat [ 1 1 1 1], L_0x7fb1048f0ce0, L_0x7fb1048f0ce0, L_0x7fb1048f0ce0, L_0x7fb1048f0ce0;
LS_0x7fb1048f0dd0_0_8 .concat [ 1 1 1 1], L_0x7fb1048f0ce0, L_0x7fb1048f0ce0, L_0x7fb1048f0ce0, L_0x7fb1048f0ce0;
LS_0x7fb1048f0dd0_0_12 .concat [ 1 1 1 1], L_0x7fb1048f0ce0, L_0x7fb1048f0ce0, L_0x7fb1048f0ce0, L_0x7fb1048f0ce0;
LS_0x7fb1048f0dd0_0_16 .concat [ 1 1 1 1], L_0x7fb1048f0ce0, L_0x7fb1048f0ce0, L_0x7fb1048f0ce0, L_0x7fb1048f0ce0;
LS_0x7fb1048f0dd0_1_0 .concat [ 4 4 4 4], LS_0x7fb1048f0dd0_0_0, LS_0x7fb1048f0dd0_0_4, LS_0x7fb1048f0dd0_0_8, LS_0x7fb1048f0dd0_0_12;
LS_0x7fb1048f0dd0_1_4 .concat [ 4 0 0 0], LS_0x7fb1048f0dd0_0_16;
L_0x7fb1048f0dd0 .concat [ 16 4 0 0], LS_0x7fb1048f0dd0_1_0, LS_0x7fb1048f0dd0_1_4;
L_0x7fb1048f0fa0 .part v0x7fb1048e1a90_0, 20, 12;
L_0x7fb1048f12a0 .concat [ 12 20 0 0], L_0x7fb1048f0fa0, L_0x7fb1048f0dd0;
L_0x7fb1048f1340 .functor MUXZ 32, L_0x7fb1048f12a0, L_0x7fb1048f08a0, L_0x7fb1048f0560, C4<>;
L_0x7fb1048f1460 .part v0x7fb1048e1a90_0, 12, 3;
L_0x7fb1048ed830 .cmp/eq 3, L_0x7fb1048f1460, L_0x7fb0f80790a0;
L_0x7fb1048f1740 .part v0x7fb1048e1a90_0, 31, 1;
LS_0x7fb1048f17e0_0_0 .concat [ 1 1 1 1], L_0x7fb1048f1740, L_0x7fb1048f1740, L_0x7fb1048f1740, L_0x7fb1048f1740;
LS_0x7fb1048f17e0_0_4 .concat [ 1 1 1 1], L_0x7fb1048f1740, L_0x7fb1048f1740, L_0x7fb1048f1740, L_0x7fb1048f1740;
LS_0x7fb1048f17e0_0_8 .concat [ 1 1 1 1], L_0x7fb1048f1740, L_0x7fb1048f1740, L_0x7fb1048f1740, L_0x7fb1048f1740;
LS_0x7fb1048f17e0_0_12 .concat [ 1 1 1 1], L_0x7fb1048f1740, L_0x7fb1048f1740, L_0x7fb1048f1740, L_0x7fb1048f1740;
LS_0x7fb1048f17e0_0_16 .concat [ 1 1 1 1], L_0x7fb1048f1740, L_0x7fb1048f1740, L_0x7fb1048f1740, L_0x7fb1048f1740;
LS_0x7fb1048f17e0_1_0 .concat [ 4 4 4 4], LS_0x7fb1048f17e0_0_0, LS_0x7fb1048f17e0_0_4, LS_0x7fb1048f17e0_0_8, LS_0x7fb1048f17e0_0_12;
LS_0x7fb1048f17e0_1_4 .concat [ 4 0 0 0], LS_0x7fb1048f17e0_0_16;
L_0x7fb1048f17e0 .concat [ 16 4 0 0], LS_0x7fb1048f17e0_1_0, LS_0x7fb1048f17e0_1_4;
L_0x7fb1048f1930 .part v0x7fb1048e1a90_0, 25, 7;
L_0x7fb1048f1cf0 .part v0x7fb1048e1a90_0, 7, 5;
L_0x7fb1048f1d90 .concat [ 5 7 20 0], L_0x7fb1048f1cf0, L_0x7fb1048f1930, L_0x7fb1048f17e0;
L_0x7fb1048f1e30 .part v0x7fb1048e1a90_0, 31, 1;
LS_0x7fb1048f19f0_0_0 .concat [ 1 1 1 1], L_0x7fb1048f1e30, L_0x7fb1048f1e30, L_0x7fb1048f1e30, L_0x7fb1048f1e30;
LS_0x7fb1048f19f0_0_4 .concat [ 1 1 1 1], L_0x7fb1048f1e30, L_0x7fb1048f1e30, L_0x7fb1048f1e30, L_0x7fb1048f1e30;
LS_0x7fb1048f19f0_0_8 .concat [ 1 1 1 1], L_0x7fb1048f1e30, L_0x7fb1048f1e30, L_0x7fb1048f1e30, L_0x7fb1048f1e30;
LS_0x7fb1048f19f0_0_12 .concat [ 1 1 1 1], L_0x7fb1048f1e30, L_0x7fb1048f1e30, L_0x7fb1048f1e30, L_0x7fb1048f1e30;
LS_0x7fb1048f19f0_0_16 .concat [ 1 1 1 1], L_0x7fb1048f1e30, L_0x7fb1048f1e30, L_0x7fb1048f1e30, L_0x7fb1048f1e30;
LS_0x7fb1048f19f0_1_0 .concat [ 4 4 4 4], LS_0x7fb1048f19f0_0_0, LS_0x7fb1048f19f0_0_4, LS_0x7fb1048f19f0_0_8, LS_0x7fb1048f19f0_0_12;
LS_0x7fb1048f19f0_1_4 .concat [ 4 0 0 0], LS_0x7fb1048f19f0_0_16;
L_0x7fb1048f19f0 .concat [ 16 4 0 0], LS_0x7fb1048f19f0_1_0, LS_0x7fb1048f19f0_1_4;
L_0x7fb1048f20f0 .part v0x7fb1048e1a90_0, 31, 1;
L_0x7fb1048f23f0 .part v0x7fb1048e1a90_0, 7, 1;
L_0x7fb1048f1ed0 .part v0x7fb1048e1a90_0, 25, 6;
L_0x7fb1048f2560 .part v0x7fb1048e1a90_0, 8, 4;
LS_0x7fb1048f2030_0_0 .concat [ 4 6 1 1], L_0x7fb1048f2560, L_0x7fb1048f1ed0, L_0x7fb1048f23f0, L_0x7fb1048f20f0;
LS_0x7fb1048f2030_0_4 .concat [ 20 0 0 0], L_0x7fb1048f19f0;
L_0x7fb1048f2030 .concat [ 12 20 0 0], LS_0x7fb1048f2030_0_0, LS_0x7fb1048f2030_0_4;
L_0x7fb1048f27e0 .functor MUXZ 32, L_0x7fb1048f2030, L_0x7fb1048f1d90, L_0x7fb1048ed830, C4<>;
L_0x7fb1048f2880 .functor MUXZ 32, L_0x7fb1048f27e0, L_0x7fb1048f1340, L_0x7fb1048f03e0, C4<>;
S_0x7fb1048e3800 .scope module, "Instruction_Memory" "Instruction_Memory" 3 23, 17 1 0, S_0x7fb1048b8850;
 .timescale 0 0;
    .port_info 0 /INPUT 32 "addr_i";
    .port_info 1 /OUTPUT 32 "instr_o";
L_0x7fb1048e9be0 .functor BUFZ 32, L_0x7fb1048e9920, C4<00000000000000000000000000000000>, C4<00000000000000000000000000000000>, C4<00000000000000000000000000000000>;
v0x7fb1048e2a50_0 .net *"_ivl_0", 31 0, L_0x7fb1048e9920;  1 drivers
v0x7fb1048e3970_0 .net *"_ivl_2", 31 0, L_0x7fb1048e9a60;  1 drivers
v0x7fb1048e3a10_0 .net *"_ivl_4", 29 0, L_0x7fb1048e99c0;  1 drivers
L_0x7fb0f8078050 .functor BUFT 1, C4<00>, C4<0>, C4<0>, C4<0>;
v0x7fb1048e3ad0_0 .net *"_ivl_6", 1 0, L_0x7fb0f8078050;  1 drivers
v0x7fb1048e3b80_0 .net "addr_i", 31 0, v0x7fb1048e7990_0;  alias, 1 drivers
v0x7fb1048e3ca0_0 .net "instr_o", 31 0, L_0x7fb1048e9be0;  alias, 1 drivers
v0x7fb1048e3d30 .array "memory", 255 0, 31 0;
L_0x7fb1048e9920 .array/port v0x7fb1048e3d30, L_0x7fb1048e9a60;
L_0x7fb1048e99c0 .part v0x7fb1048e7990_0, 2, 30;
L_0x7fb1048e9a60 .concat [ 30 2 0 0], L_0x7fb1048e99c0, L_0x7fb0f8078050;
S_0x7fb1048e3de0 .scope module, "MEM_WB" "MEM_WB" 3 70, 18 1 0, S_0x7fb1048b8850;
 .timescale 0 0;
    .port_info 0 /INPUT 1 "clk_i";
    .port_info 1 /INPUT 1 "rst_i";
    .port_info 2 /INPUT 1 "RegWrite_i";
    .port_info 3 /INPUT 1 "MemtoReg_i";
    .port_info 4 /INPUT 32 "ALUResult_i";
    .port_info 5 /INPUT 32 "MemReadData_i";
    .port_info 6 /INPUT 5 "RDaddr_i";
    .port_info 7 /OUTPUT 1 "RegWrite_o";
    .port_info 8 /OUTPUT 1 "MemtoReg_o";
    .port_info 9 /OUTPUT 32 "ALUResult_o";
    .port_info 10 /OUTPUT 32 "MemReadData_o";
    .port_info 11 /OUTPUT 5 "RDaddr_o";
v0x7fb1048e4120_0 .net "ALUResult_i", 31 0, v0x7fb1048db2e0_0;  alias, 1 drivers
v0x7fb1048e4200_0 .var "ALUResult_o", 31 0;
v0x7fb1048e42a0_0 .net "MemReadData_i", 31 0, L_0x7fb1048f6d60;  alias, 1 drivers
v0x7fb1048e4370_0 .var "MemReadData_o", 31 0;
v0x7fb1048e4400_0 .net "MemtoReg_i", 0 0, v0x7fb1048db870_0;  1 drivers
v0x7fb1048e44d0_0 .var "MemtoReg_o", 0 0;
v0x7fb1048e4560_0 .net "RDaddr_i", 4 0, v0x7fb1048db9c0_0;  alias, 1 drivers
v0x7fb1048e4640_0 .var "RDaddr_o", 4 0;
v0x7fb1048e46e0_0 .net "RegWrite_i", 0 0, v0x7fb1048dbb10_0;  alias, 1 drivers
v0x7fb1048e47f0_0 .var "RegWrite_o", 0 0;
v0x7fb1048e4880_0 .net "clk_i", 0 0, v0x7fb1048e9430_0;  alias, 1 drivers
v0x7fb1048e4910_0 .net "rst_i", 0 0, v0x7fb1048e94c0_0;  alias, 1 drivers
S_0x7fb1048e4b20 .scope module, "MUX_WriteReg" "MUX32" 3 160, 19 1 0, S_0x7fb1048b8850;
 .timescale 0 0;
    .port_info 0 /INPUT 32 "Data1_i";
    .port_info 1 /INPUT 32 "Data2_i";
    .port_info 2 /INPUT 1 "Choose_i";
    .port_info 3 /OUTPUT 32 "Data_o";
v0x7fb1048e4ce0_0 .net "Choose_i", 0 0, v0x7fb1048e44d0_0;  1 drivers
v0x7fb1048e4d90_0 .net "Data1_i", 31 0, v0x7fb1048e4200_0;  1 drivers
v0x7fb1048e4e40_0 .net "Data2_i", 31 0, v0x7fb1048e4370_0;  1 drivers
v0x7fb1048e4f10_0 .net "Data_o", 31 0, L_0x7fb1048f6f00;  1 drivers
L_0x7fb1048f6f00 .functor MUXZ 32, v0x7fb1048e4200_0, v0x7fb1048e4370_0, v0x7fb1048e44d0_0, C4<>;
S_0x7fb1048e4ff0 .scope module, "MUX_add4_branch" "MUX32" 3 182, 19 1 0, S_0x7fb1048b8850;
 .timescale 0 0;
    .port_info 0 /INPUT 32 "Data1_i";
    .port_info 1 /INPUT 32 "Data2_i";
    .port_info 2 /INPUT 1 "Choose_i";
    .port_info 3 /OUTPUT 32 "Data_o";
v0x7fb1048e5310_0 .net "Choose_i", 0 0, L_0x7fb1048ec6d0;  alias, 1 drivers
v0x7fb1048e53f0_0 .net "Data1_i", 31 0, L_0x7fb1048e9800;  alias, 1 drivers
v0x7fb1048e5480_0 .net "Data2_i", 31 0, L_0x7fb1048ec2f0;  alias, 1 drivers
v0x7fb1048e5510_0 .net "Data_o", 31 0, L_0x7fb1048f98b0;  1 drivers
L_0x7fb1048f98b0 .functor MUXZ 32, L_0x7fb1048e9800, L_0x7fb1048ec2f0, L_0x7fb1048ec6d0, C4<>;
S_0x7fb1048e55d0 .scope module, "MUX_imm_rs2" "MUX32" 3 134, 19 1 0, S_0x7fb1048b8850;
 .timescale 0 0;
    .port_info 0 /INPUT 32 "Data1_i";
    .port_info 1 /INPUT 32 "Data2_i";
    .port_info 2 /INPUT 1 "Choose_i";
    .port_info 3 /OUTPUT 32 "Data_o";
v0x7fb1048e57f0_0 .net "Choose_i", 0 0, v0x7fb1048df9d0_0;  1 drivers
v0x7fb1048e58b0_0 .net "Data1_i", 31 0, L_0x7fb1048eadc0;  alias, 1 drivers
v0x7fb1048e5960_0 .net "Data2_i", 31 0, v0x7fb1048e0390_0;  alias, 1 drivers
v0x7fb1048e5a50_0 .net "Data_o", 31 0, L_0x7fb1048f2a90;  alias, 1 drivers
L_0x7fb1048f2a90 .functor MUXZ 32, L_0x7fb1048eadc0, v0x7fb1048e0390_0, v0x7fb1048df9d0_0, C4<>;
S_0x7fb1048e5b30 .scope module, "MUX_rs1" "MUX32_4" 3 80, 19 17 0, S_0x7fb1048b8850;
 .timescale 0 0;
    .port_info 0 /INPUT 32 "Data1_i";
    .port_info 1 /INPUT 32 "Data2_i";
    .port_info 2 /INPUT 32 "Data3_i";
    .port_info 3 /INPUT 32 "Data4_i";
    .port_info 4 /INPUT 2 "Choose_i";
    .port_info 5 /OUTPUT 32 "Data_o";
v0x7fb1048e5db0_0 .net "Choose_i", 1 0, L_0x7fb1048f8ca0;  alias, 1 drivers
v0x7fb1048e5e60_0 .net "Data1_i", 31 0, v0x7fb1048e0660_0;  1 drivers
v0x7fb1048e5f10_0 .net "Data2_i", 31 0, L_0x7fb1048f6f00;  alias, 1 drivers
v0x7fb1048e5fe0_0 .net "Data3_i", 31 0, v0x7fb1048db2e0_0;  alias, 1 drivers
o0x7fb0f8045b58 .functor BUFZ 32, C4<zzzzzzzzzzzzzzzzzzzzzzzzzzzzzzzz>; HiZ drive
v0x7fb1048e6070_0 .net "Data4_i", 31 0, o0x7fb0f8045b58;  0 drivers
v0x7fb1048e6150_0 .net "Data_o", 31 0, L_0x7fb1048ea710;  alias, 1 drivers
L_0x7fb0f8078098 .functor BUFT 1, C4<00>, C4<0>, C4<0>, C4<0>;
v0x7fb1048e61f0_0 .net/2u *"_ivl_0", 1 0, L_0x7fb0f8078098;  1 drivers
v0x7fb1048e6290_0 .net *"_ivl_10", 0 0, L_0x7fb1048ea320;  1 drivers
v0x7fb1048e6330_0 .net *"_ivl_12", 31 0, L_0x7fb1048ea440;  1 drivers
v0x7fb1048e6460_0 .net *"_ivl_14", 31 0, L_0x7fb1048ea540;  1 drivers
v0x7fb1048e6510_0 .net *"_ivl_2", 0 0, L_0x7fb1048ea0c0;  1 drivers
L_0x7fb0f80780e0 .functor BUFT 1, C4<01>, C4<0>, C4<0>, C4<0>;
v0x7fb1048e65b0_0 .net/2u *"_ivl_4", 1 0, L_0x7fb0f80780e0;  1 drivers
v0x7fb1048e6660_0 .net *"_ivl_6", 0 0, L_0x7fb1048ea200;  1 drivers
L_0x7fb0f8078128 .functor BUFT 1, C4<10>, C4<0>, C4<0>, C4<0>;
v0x7fb1048e6700_0 .net/2u *"_ivl_8", 1 0, L_0x7fb0f8078128;  1 drivers
L_0x7fb1048ea0c0 .cmp/eq 2, L_0x7fb1048f8ca0, L_0x7fb0f8078098;
L_0x7fb1048ea200 .cmp/eq 2, L_0x7fb1048f8ca0, L_0x7fb0f80780e0;
L_0x7fb1048ea320 .cmp/eq 2, L_0x7fb1048f8ca0, L_0x7fb0f8078128;
L_0x7fb1048ea440 .functor MUXZ 32, o0x7fb0f8045b58, v0x7fb1048db2e0_0, L_0x7fb1048ea320, C4<>;
L_0x7fb1048ea540 .functor MUXZ 32, L_0x7fb1048ea440, L_0x7fb1048f6f00, L_0x7fb1048ea200, C4<>;
L_0x7fb1048ea710 .functor MUXZ 32, L_0x7fb1048ea540, v0x7fb1048e0660_0, L_0x7fb1048ea0c0, C4<>;
S_0x7fb1048e6840 .scope module, "MUX_rs2" "MUX32_4" 3 88, 19 17 0, S_0x7fb1048b8850;
 .timescale 0 0;
    .port_info 0 /INPUT 32 "Data1_i";
    .port_info 1 /INPUT 32 "Data2_i";
    .port_info 2 /INPUT 32 "Data3_i";
    .port_info 3 /INPUT 32 "Data4_i";
    .port_info 4 /INPUT 2 "Choose_i";
    .port_info 5 /OUTPUT 32 "Data_o";
v0x7fb1048e6a90_0 .net "Choose_i", 1 0, L_0x7fb1048f9750;  alias, 1 drivers
v0x7fb1048e6b20_0 .net "Data1_i", 31 0, v0x7fb1048e08a0_0;  1 drivers
v0x7fb1048e6bd0_0 .net "Data2_i", 31 0, L_0x7fb1048f6f00;  alias, 1 drivers
v0x7fb1048e6cc0_0 .net "Data3_i", 31 0, v0x7fb1048db2e0_0;  alias, 1 drivers
o0x7fb0f8045e28 .functor BUFZ 32, C4<zzzzzzzzzzzzzzzzzzzzzzzzzzzzzzzz>; HiZ drive
v0x7fb1048e6dd0_0 .net "Data4_i", 31 0, o0x7fb0f8045e28;  0 drivers
v0x7fb1048e6e60_0 .net "Data_o", 31 0, L_0x7fb1048eadc0;  alias, 1 drivers
L_0x7fb0f8078170 .functor BUFT 1, C4<00>, C4<0>, C4<0>, C4<0>;
v0x7fb1048e6f40_0 .net/2u *"_ivl_0", 1 0, L_0x7fb0f8078170;  1 drivers
v0x7fb1048e6fd0_0 .net *"_ivl_10", 0 0, L_0x7fb1048eaa70;  1 drivers
v0x7fb1048e7070_0 .net *"_ivl_12", 31 0, L_0x7fb1048eab90;  1 drivers
v0x7fb1048e7180_0 .net *"_ivl_14", 31 0, L_0x7fb1048eac70;  1 drivers
v0x7fb1048e7230_0 .net *"_ivl_2", 0 0, L_0x7fb1048ea870;  1 drivers
L_0x7fb0f80781b8 .functor BUFT 1, C4<01>, C4<0>, C4<0>, C4<0>;
v0x7fb1048e72d0_0 .net/2u *"_ivl_4", 1 0, L_0x7fb0f80781b8;  1 drivers
v0x7fb1048e7380_0 .net *"_ivl_6", 0 0, L_0x7fb1048ea990;  1 drivers
L_0x7fb0f8078200 .functor BUFT 1, C4<10>, C4<0>, C4<0>, C4<0>;
v0x7fb1048e7420_0 .net/2u *"_ivl_8", 1 0, L_0x7fb0f8078200;  1 drivers
L_0x7fb1048ea870 .cmp/eq 2, L_0x7fb1048f9750, L_0x7fb0f8078170;
L_0x7fb1048ea990 .cmp/eq 2, L_0x7fb1048f9750, L_0x7fb0f80781b8;
L_0x7fb1048eaa70 .cmp/eq 2, L_0x7fb1048f9750, L_0x7fb0f8078200;
L_0x7fb1048eab90 .functor MUXZ 32, o0x7fb0f8045e28, v0x7fb1048db2e0_0, L_0x7fb1048eaa70, C4<>;
L_0x7fb1048eac70 .functor MUXZ 32, L_0x7fb1048eab90, L_0x7fb1048f6f00, L_0x7fb1048ea990, C4<>;
L_0x7fb1048eadc0 .functor MUXZ 32, L_0x7fb1048eac70, v0x7fb1048e08a0_0, L_0x7fb1048ea870, C4<>;
S_0x7fb1048e7560 .scope module, "PC" "PC" 3 11, 20 1 0, S_0x7fb1048b8850;
 .timescale 0 0;
    .port_info 0 /INPUT 1 "clk_i";
    .port_info 1 /INPUT 1 "rst_i";
    .port_info 2 /INPUT 1 "PCWrite_i";
    .port_info 3 /INPUT 32 "pc_i";
    .port_info 4 /OUTPUT 32 "pc_o";
v0x7fb1048e77a0_0 .net "PCWrite_i", 0 0, L_0x7fb1048f8190;  alias, 1 drivers
v0x7fb1048e7830_0 .net "clk_i", 0 0, v0x7fb1048e9430_0;  alias, 1 drivers
v0x7fb1048e78c0_0 .net "pc_i", 31 0, L_0x7fb1048f98b0;  alias, 1 drivers
v0x7fb1048e7990_0 .var "pc_o", 31 0;
v0x7fb1048e7a20_0 .net "rst_i", 0 0, v0x7fb1048e94c0_0;  alias, 1 drivers
S_0x7fb1048e7b50 .scope module, "Registers" "Registers" 3 115, 21 1 0, S_0x7fb1048b8850;
 .timescale 0 0;
    .port_info 0 /INPUT 1 "rst_i";
    .port_info 1 /INPUT 1 "clk_i";
    .port_info 2 /INPUT 5 "RS1addr_i";
    .port_info 3 /INPUT 5 "RS2addr_i";
    .port_info 4 /INPUT 5 "RDaddr_i";
    .port_info 5 /INPUT 32 "RDdata_i";
    .port_info 6 /INPUT 1 "RegWrite_i";
    .port_info 7 /OUTPUT 32 "RS1data_o";
    .port_info 8 /OUTPUT 32 "RS2data_o";
L_0x7fb1048ec970 .functor AND 1, L_0x7fb1048ec7b0, L_0x7fb1048ec850, C4<1>, C4<1>;
L_0x7fb1048eca60 .functor AND 1, L_0x7fb1048ec970, v0x7fb1048e47f0_0, C4<1>, C4<1>;
L_0x7fb1048ed0a0 .functor AND 1, L_0x7fb1048ece60, L_0x7fb1048ecf80, C4<1>, C4<1>;
L_0x7fb1048ed190 .functor AND 1, L_0x7fb1048ed0a0, v0x7fb1048e47f0_0, C4<1>, C4<1>;
v0x7fb1048e7e40_0 .net "RDaddr_i", 4 0, v0x7fb1048e4640_0;  alias, 1 drivers
v0x7fb1048e7f10_0 .net "RDdata_i", 31 0, L_0x7fb1048f6f00;  alias, 1 drivers
v0x7fb1048e7fa0_0 .net "RS1addr_i", 4 0, L_0x7fb1048ed5f0;  1 drivers
v0x7fb1048e8030_0 .net "RS1data_o", 31 0, L_0x7fb1048eccd0;  alias, 1 drivers
v0x7fb1048e80e0_0 .net "RS2addr_i", 4 0, L_0x7fb1048ed710;  1 drivers
v0x7fb1048e81c0_0 .net "RS2data_o", 31 0, L_0x7fb1048ed490;  alias, 1 drivers
v0x7fb1048e8260_0 .net "RegWrite_i", 0 0, v0x7fb1048e47f0_0;  alias, 1 drivers
v0x7fb1048e8330_0 .net *"_ivl_0", 0 0, L_0x7fb1048ec7b0;  1 drivers
v0x7fb1048e83c0_0 .net *"_ivl_10", 31 0, L_0x7fb1048ecb10;  1 drivers
v0x7fb1048e84d0_0 .net *"_ivl_12", 6 0, L_0x7fb1048ecbb0;  1 drivers
L_0x7fb0f80785f0 .functor BUFT 1, C4<00>, C4<0>, C4<0>, C4<0>;
v0x7fb1048e8580_0 .net *"_ivl_15", 1 0, L_0x7fb0f80785f0;  1 drivers
v0x7fb1048e8630_0 .net *"_ivl_18", 0 0, L_0x7fb1048ece60;  1 drivers
L_0x7fb0f80785a8 .functor BUFT 1, C4<00000>, C4<0>, C4<0>, C4<0>;
v0x7fb1048e86d0_0 .net/2u *"_ivl_2", 4 0, L_0x7fb0f80785a8;  1 drivers
L_0x7fb0f8078638 .functor BUFT 1, C4<00000>, C4<0>, C4<0>, C4<0>;
v0x7fb1048e8780_0 .net/2u *"_ivl_20", 4 0, L_0x7fb0f8078638;  1 drivers
v0x7fb1048e8830_0 .net *"_ivl_22", 0 0, L_0x7fb1048ecf80;  1 drivers
v0x7fb1048e88d0_0 .net *"_ivl_25", 0 0, L_0x7fb1048ed0a0;  1 drivers
v0x7fb1048e8970_0 .net *"_ivl_27", 0 0, L_0x7fb1048ed190;  1 drivers
v0x7fb1048e8b00_0 .net *"_ivl_28", 31 0, L_0x7fb1048ed2c0;  1 drivers
v0x7fb1048e8b90_0 .net *"_ivl_30", 6 0, L_0x7fb1048ed360;  1 drivers
L_0x7fb0f8078680 .functor BUFT 1, C4<00>, C4<0>, C4<0>, C4<0>;
v0x7fb1048e8c30_0 .net *"_ivl_33", 1 0, L_0x7fb0f8078680;  1 drivers
v0x7fb1048e8ce0_0 .net *"_ivl_4", 0 0, L_0x7fb1048ec850;  1 drivers
v0x7fb1048e8d80_0 .net *"_ivl_7", 0 0, L_0x7fb1048ec970;  1 drivers
v0x7fb1048e8e20_0 .net *"_ivl_9", 0 0, L_0x7fb1048eca60;  1 drivers
v0x7fb1048e8ec0_0 .net "clk_i", 0 0, v0x7fb1048e9430_0;  alias, 1 drivers
v0x7fb1048e8f50_0 .var/i "i", 31 0;
v0x7fb1048e9000 .array/s "register", 31 0, 31 0;
v0x7fb1048e90a0_0 .net "rst_i", 0 0, v0x7fb1048e94c0_0;  alias, 1 drivers
L_0x7fb1048ec7b0 .cmp/eq 5, L_0x7fb1048ed5f0, v0x7fb1048e4640_0;
L_0x7fb1048ec850 .cmp/ne 5, L_0x7fb1048ed5f0, L_0x7fb0f80785a8;
L_0x7fb1048ecb10 .array/port v0x7fb1048e9000, L_0x7fb1048ecbb0;
L_0x7fb1048ecbb0 .concat [ 5 2 0 0], L_0x7fb1048ed5f0, L_0x7fb0f80785f0;
L_0x7fb1048eccd0 .functor MUXZ 32, L_0x7fb1048ecb10, L_0x7fb1048f6f00, L_0x7fb1048eca60, C4<>;
L_0x7fb1048ece60 .cmp/eq 5, L_0x7fb1048ed710, v0x7fb1048e4640_0;
L_0x7fb1048ecf80 .cmp/ne 5, L_0x7fb1048ed710, L_0x7fb0f8078638;
L_0x7fb1048ed2c0 .array/port v0x7fb1048e9000, L_0x7fb1048ed360;
L_0x7fb1048ed360 .concat [ 5 2 0 0], L_0x7fb1048ed710, L_0x7fb0f8078680;
L_0x7fb1048ed490 .functor MUXZ 32, L_0x7fb1048ed2c0, L_0x7fb1048f6f00, L_0x7fb1048ed190, C4<>;
    .scope S_0x7fb1048e7560;
T_0 ;
    %wait E_0x7fb1048d4a40;
    %load/vec4 v0x7fb1048e7a20_0;
    %inv;
    %flag_set/vec4 8;
    %jmp/0xz  T_0.0, 8;
    %pushi/vec4 0, 0, 32;
    %assign/vec4 v0x7fb1048e7990_0, 0;
    %jmp T_0.1;
T_0.0 ;
    %load/vec4 v0x7fb1048e77a0_0;
    %flag_set/vec4 8;
    %jmp/0xz  T_0.2, 8;
    %load/vec4 v0x7fb1048e78c0_0;
    %assign/vec4 v0x7fb1048e7990_0, 0;
T_0.2 ;
T_0.1 ;
    %jmp T_0;
    .thread T_0;
    .scope S_0x7fb1048e1440;
T_1 ;
    %wait E_0x7fb1048d4a40;
    %load/vec4 v0x7fb1048df400_0;
    %load/vec4 v0x7fb1048e1b20_0;
    %inv;
    %or;
    %flag_set/vec4 8;
    %jmp/0xz  T_1.0, 8;
    %pushi/vec4 0, 0, 32;
    %assign/vec4 v0x7fb1048e1730_0, 0;
    %pushi/vec4 0, 0, 32;
    %assign/vec4 v0x7fb1048e1a90_0, 0;
    %jmp T_1.1;
T_1.0 ;
    %load/vec4 v0x7fb1048e1820_0;
    %nor/r;
    %flag_set/vec4 8;
    %jmp/0xz  T_1.2, 8;
    %load/vec4 v0x7fb1048e1680_0;
    %assign/vec4 v0x7fb1048e1730_0, 0;
    %load/vec4 v0x7fb1048e1a00_0;
    %assign/vec4 v0x7fb1048e1a90_0, 0;
T_1.2 ;
T_1.1 ;
    %jmp T_1;
    .thread T_1;
    .scope S_0x7fb1048df200;
T_2 ;
    %wait E_0x7fb1048d4a40;
    %load/vec4 v0x7fb1048e1060_0;
    %inv;
    %flag_set/vec4 8;
    %load/vec4 v0x7fb1048dfc00_0;
    %flag_set/vec4 9;
    %flag_or 9, 8;
    %jmp/0xz  T_2.0, 9;
    %pushi/vec4 0, 0, 1;
    %assign/vec4 v0x7fb1048e09e0_0, 0;
    %pushi/vec4 0, 0, 1;
    %assign/vec4 v0x7fb1048e0040_0, 0;
    %pushi/vec4 0, 0, 1;
    %assign/vec4 v0x7fb1048dfd60_0, 0;
    %pushi/vec4 0, 0, 1;
    %assign/vec4 v0x7fb1048dff00_0, 0;
    %pushi/vec4 0, 0, 2;
    %assign/vec4 v0x7fb1048df890_0, 0;
    %pushi/vec4 0, 0, 1;
    %assign/vec4 v0x7fb1048df9d0_0, 0;
    %pushi/vec4 0, 0, 32;
    %assign/vec4 v0x7fb1048e0660_0, 0;
    %pushi/vec4 0, 0, 32;
    %assign/vec4 v0x7fb1048e08a0_0, 0;
    %pushi/vec4 0, 0, 5;
    %assign/vec4 v0x7fb1048e0540_0, 0;
    %pushi/vec4 0, 0, 5;
    %assign/vec4 v0x7fb1048e0780_0, 0;
    %pushi/vec4 0, 0, 3;
    %assign/vec4 v0x7fb1048e0bb0_0, 0;
    %pushi/vec4 0, 0, 7;
    %assign/vec4 v0x7fb1048e0d10_0, 0;
    %pushi/vec4 0, 0, 32;
    %assign/vec4 v0x7fb1048e0390_0, 0;
    %pushi/vec4 0, 0, 5;
    %assign/vec4 v0x7fb1048e02e0_0, 0;
    %pushi/vec4 0, 0, 32;
    %assign/vec4 v0x7fb1048e01a0_0, 0;
    %pushi/vec4 0, 0, 1;
    %assign/vec4 v0x7fb1048dfb70_0, 0;
    %jmp T_2.1;
T_2.0 ;
    %load/vec4 v0x7fb1048e0930_0;
    %assign/vec4 v0x7fb1048e09e0_0, 0;
    %load/vec4 v0x7fb1048dff90_0;
    %assign/vec4 v0x7fb1048e0040_0, 0;
    %load/vec4 v0x7fb1048dfcd0_0;
    %assign/vec4 v0x7fb1048dfd60_0, 0;
    %load/vec4 v0x7fb1048dfe70_0;
    %assign/vec4 v0x7fb1048dff00_0, 0;
    %load/vec4 v0x7fb1048df7e0_0;
    %assign/vec4 v0x7fb1048df890_0, 0;
    %load/vec4 v0x7fb1048df920_0;
    %assign/vec4 v0x7fb1048df9d0_0, 0;
    %load/vec4 v0x7fb1048e05d0_0;
    %assign/vec4 v0x7fb1048e0660_0, 0;
    %load/vec4 v0x7fb1048e0810_0;
    %assign/vec4 v0x7fb1048e08a0_0, 0;
    %load/vec4 v0x7fb1048e04b0_0;
    %assign/vec4 v0x7fb1048e0540_0, 0;
    %load/vec4 v0x7fb1048e06f0_0;
    %assign/vec4 v0x7fb1048e0780_0, 0;
    %load/vec4 v0x7fb1048e0b20_0;
    %assign/vec4 v0x7fb1048e0bb0_0, 0;
    %load/vec4 v0x7fb1048e0c70_0;
    %assign/vec4 v0x7fb1048e0d10_0, 0;
    %load/vec4 v0x7fb1048e0dd0_0;
    %assign/vec4 v0x7fb1048e0390_0, 0;
    %load/vec4 v0x7fb1048e0250_0;
    %assign/vec4 v0x7fb1048e02e0_0, 0;
    %load/vec4 v0x7fb1048e00f0_0;
    %assign/vec4 v0x7fb1048e01a0_0, 0;
    %load/vec4 v0x7fb1048dfa60_0;
    %assign/vec4 v0x7fb1048dfb70_0, 0;
T_2.1 ;
    %jmp T_2;
    .thread T_2;
    .scope S_0x7fb1048dae30;
T_3 ;
    %wait E_0x7fb1048d4a40;
    %load/vec4 v0x7fb1048dbc40_0;
    %inv;
    %flag_set/vec4 8;
    %jmp/0xz  T_3.0, 8;
    %pushi/vec4 0, 0, 1;
    %assign/vec4 v0x7fb1048dbb10_0, 0;
    %pushi/vec4 0, 0, 1;
    %assign/vec4 v0x7fb1048db870_0, 0;
    %pushi/vec4 0, 0, 1;
    %assign/vec4 v0x7fb1048db400_0, 0;
    %pushi/vec4 0, 0, 1;
    %assign/vec4 v0x7fb1048db6b0_0, 0;
    %pushi/vec4 0, 0, 32;
    %assign/vec4 v0x7fb1048db2e0_0, 0;
    %pushi/vec4 0, 0, 32;
    %assign/vec4 v0x7fb1048db580_0, 0;
    %pushi/vec4 0, 0, 5;
    %assign/vec4 v0x7fb1048db9c0_0, 0;
    %jmp T_3.1;
T_3.0 ;
    %load/vec4 v0x7fb1048dba70_0;
    %assign/vec4 v0x7fb1048dbb10_0, 0;
    %load/vec4 v0x7fb1048db760_0;
    %assign/vec4 v0x7fb1048db870_0, 0;
    %load/vec4 v0x7fb1048db370_0;
    %assign/vec4 v0x7fb1048db400_0, 0;
    %load/vec4 v0x7fb1048db620_0;
    %assign/vec4 v0x7fb1048db6b0_0, 0;
    %load/vec4 v0x7fb1048db1f0_0;
    %assign/vec4 v0x7fb1048db2e0_0, 0;
    %load/vec4 v0x7fb1048db4b0_0;
    %assign/vec4 v0x7fb1048db580_0, 0;
    %load/vec4 v0x7fb1048db910_0;
    %assign/vec4 v0x7fb1048db9c0_0, 0;
T_3.1 ;
    %jmp T_3;
    .thread T_3;
    .scope S_0x7fb1048e3de0;
T_4 ;
    %wait E_0x7fb1048d4a40;
    %load/vec4 v0x7fb1048e4910_0;
    %inv;
    %flag_set/vec4 8;
    %jmp/0xz  T_4.0, 8;
    %pushi/vec4 0, 0, 1;
    %assign/vec4 v0x7fb1048e47f0_0, 0;
    %pushi/vec4 0, 0, 1;
    %assign/vec4 v0x7fb1048e44d0_0, 0;
    %pushi/vec4 0, 0, 32;
    %assign/vec4 v0x7fb1048e4200_0, 0;
    %pushi/vec4 0, 0, 32;
    %assign/vec4 v0x7fb1048e4370_0, 0;
    %pushi/vec4 0, 0, 5;
    %assign/vec4 v0x7fb1048e4640_0, 0;
    %jmp T_4.1;
T_4.0 ;
    %load/vec4 v0x7fb1048e46e0_0;
    %assign/vec4 v0x7fb1048e47f0_0, 0;
    %load/vec4 v0x7fb1048e4400_0;
    %assign/vec4 v0x7fb1048e44d0_0, 0;
    %load/vec4 v0x7fb1048e4120_0;
    %assign/vec4 v0x7fb1048e4200_0, 0;
    %load/vec4 v0x7fb1048e42a0_0;
    %assign/vec4 v0x7fb1048e4370_0, 0;
    %load/vec4 v0x7fb1048e4560_0;
    %assign/vec4 v0x7fb1048e4640_0, 0;
T_4.1 ;
    %jmp T_4;
    .thread T_4;
    .scope S_0x7fb1048d4720;
T_5 ;
    %wait E_0x7fb1048d4a40;
    %load/vec4 v0x7fb1048d60b0_0;
    %inv;
    %flag_set/vec4 8;
    %jmp/0xz  T_5.0, 8;
    %pushi/vec4 3, 0, 2;
    %assign/vec4 v0x7fb1048d4b40_0, 0;
    %jmp T_5.1;
T_5.0 ;
    %load/vec4 v0x7fb1048d4be0_0;
    %flag_set/vec4 8;
    %jmp/0xz  T_5.2, 8;
    %load/vec4 v0x7fb1048d4d40_0;
    %load/vec4 v0x7fb1048d4a90_0;
    %pushi/vec4 0, 0, 32;
    %cmp/e;
    %flag_get/vec4 4;
    %cmp/e;
    %jmp/0xz  T_5.4, 4;
    %load/vec4 v0x7fb1048d4b40_0;
    %parti/s 1, 1, 2;
    %flag_set/vec4 8;
    %jmp/0xz  T_5.6, 8;
    %pushi/vec4 3, 0, 2;
    %store/vec4 v0x7fb1048d4b40_0, 0, 2;
    %jmp T_5.7;
T_5.6 ;
    %pushi/vec4 0, 0, 2;
    %store/vec4 v0x7fb1048d4b40_0, 0, 2;
T_5.7 ;
    %jmp T_5.5;
T_5.4 ;
    %load/vec4 v0x7fb1048d4b40_0;
    %cmpi/e 3, 0, 2;
    %jmp/0xz  T_5.8, 4;
    %pushi/vec4 2, 0, 2;
    %assign/vec4 v0x7fb1048d4b40_0, 0;
    %jmp T_5.9;
T_5.8 ;
    %load/vec4 v0x7fb1048d4b40_0;
    %cmpi/e 2, 0, 2;
    %jmp/0xz  T_5.10, 4;
    %pushi/vec4 1, 0, 2;
    %assign/vec4 v0x7fb1048d4b40_0, 0;
    %jmp T_5.11;
T_5.10 ;
    %load/vec4 v0x7fb1048d4b40_0;
    %cmpi/e 1, 0, 2;
    %jmp/0xz  T_5.12, 4;
    %pushi/vec4 2, 0, 2;
    %assign/vec4 v0x7fb1048d4b40_0, 0;
    %jmp T_5.13;
T_5.12 ;
    %pushi/vec4 1, 0, 2;
    %assign/vec4 v0x7fb1048d4b40_0, 0;
T_5.13 ;
T_5.11 ;
T_5.9 ;
T_5.5 ;
T_5.2 ;
T_5.1 ;
    %jmp T_5;
    .thread T_5;
    .scope S_0x7fb1048e7b50;
T_6 ;
    %wait E_0x7fb1048d4a40;
    %load/vec4 v0x7fb1048e90a0_0;
    %inv;
    %flag_set/vec4 8;
    %jmp/0xz  T_6.0, 8;
    %pushi/vec4 0, 0, 32;
    %store/vec4 v0x7fb1048e8f50_0, 0, 32;
T_6.2 ;
    %load/vec4 v0x7fb1048e8f50_0;
    %cmpi/s 32, 0, 32;
    %jmp/0xz T_6.3, 5;
    %pushi/vec4 0, 0, 32;
    %ix/getv/s 3, v0x7fb1048e8f50_0;
    %ix/load 4, 0, 0; Constant delay
    %assign/vec4/a/d v0x7fb1048e9000, 0, 4;
    ; show_stmt_assign_vector: Get l-value for compressed += operand
    %load/vec4 v0x7fb1048e8f50_0;
    %pushi/vec4 1, 0, 32;
    %add;
    %store/vec4 v0x7fb1048e8f50_0, 0, 32;
    %jmp T_6.2;
T_6.3 ;
    %jmp T_6.1;
T_6.0 ;
    %load/vec4 v0x7fb1048e8260_0;
    %load/vec4 v0x7fb1048e7e40_0;
    %pushi/vec4 0, 0, 5;
    %cmp/ne;
    %flag_get/vec4 4;
    %and;
    %flag_set/vec4 8;
    %jmp/0xz  T_6.4, 8;
    %load/vec4 v0x7fb1048e7f10_0;
    %load/vec4 v0x7fb1048e7e40_0;
    %pad/u 7;
    %ix/vec4 3;
    %ix/load 4, 0, 0; Constant delay
    %assign/vec4/a/d v0x7fb1048e9000, 0, 4;
T_6.4 ;
T_6.1 ;
    %jmp T_6;
    .thread T_6;
    .scope S_0x7fb1048da320;
T_7 ;
    %wait E_0x7fb1048d7a50;
    %load/vec4 v0x7fb1048da5d0_0;
    %flag_set/vec4 8;
    %jmp/0xz  T_7.0, 8;
    %load/vec4 v0x7fb1048dabf0_0;
    %load/vec4 v0x7fb1048daa30_0;
    %ix/load 4, 2, 0;
    %flag_set/imm 4, 0;
    %shiftr 4;
    %ix/vec4 3;
    %ix/load 4, 0, 0; Constant delay
    %assign/vec4/a/d v0x7fb1048dad10, 0, 4;
T_7.0 ;
    %jmp T_7;
    .thread T_7;
    .scope S_0x7fb1048b9040;
T_8 ;
    %delay 25, 0;
    %load/vec4 v0x7fb1048e9430_0;
    %inv;
    %store/vec4 v0x7fb1048e9430_0, 0, 1;
    %jmp T_8;
    .thread T_8;
    .scope S_0x7fb1048b9040;
T_9 ;
    %vpi_call 2 19 "$dumpfile", "CPU.vcd" {0 0 0};
    %vpi_call 2 20 "$dumpvars" {0 0 0};
    %pushi/vec4 0, 0, 32;
    %store/vec4 v0x7fb1048e9650_0, 0, 32;
    %pushi/vec4 0, 0, 32;
    %store/vec4 v0x7fb1048e96e0_0, 0, 32;
T_9.0 ;
    %load/vec4 v0x7fb1048e96e0_0;
    %cmpi/s 256, 0, 32;
    %jmp/0xz T_9.1, 5;
    %pushi/vec4 0, 0, 32;
    %ix/getv/s 4, v0x7fb1048e96e0_0;
    %store/vec4a v0x7fb1048e3d30, 4, 0;
    %load/vec4 v0x7fb1048e96e0_0;
    %addi 1, 0, 32;
    %store/vec4 v0x7fb1048e96e0_0, 0, 32;
    %jmp T_9.0;
T_9.1 ;
    %pushi/vec4 0, 0, 32;
    %store/vec4 v0x7fb1048e96e0_0, 0, 32;
T_9.2 ;
    %load/vec4 v0x7fb1048e96e0_0;
    %cmpi/s 32, 0, 32;
    %jmp/0xz T_9.3, 5;
    %pushi/vec4 0, 0, 32;
    %ix/getv/s 4, v0x7fb1048e96e0_0;
    %store/vec4a v0x7fb1048dad10, 4, 0;
    %load/vec4 v0x7fb1048e96e0_0;
    %addi 1, 0, 32;
    %store/vec4 v0x7fb1048e96e0_0, 0, 32;
    %jmp T_9.2;
T_9.3 ;
    %vpi_call 2 35 "$readmemb", "instruction.txt", v0x7fb1048e3d30 {0 0 0};
    %vpi_func 2 39 "$fopen" 32, "output.txt" {0 0 0};
    %pushi/vec4 1, 0, 32;
    %or;
    %store/vec4 v0x7fb1048e9770_0, 0, 32;
    %pushi/vec4 0, 0, 1;
    %store/vec4 v0x7fb1048e9430_0, 0, 1;
    %pushi/vec4 1, 0, 1;
    %store/vec4 v0x7fb1048e94c0_0, 0, 1;
    %delay 6, 0;
    %pushi/vec4 0, 0, 1;
    %store/vec4 v0x7fb1048e94c0_0, 0, 1;
    %delay 6, 0;
    %pushi/vec4 1, 0, 1;
    %store/vec4 v0x7fb1048e94c0_0, 0, 1;
    %pushi/vec4 5, 0, 32;
    %ix/load 4, 0, 0;
    %flag_set/imm 4, 0;
    %store/vec4a v0x7fb1048dad10, 4, 0;
    %pushi/vec4 6, 0, 32;
    %ix/load 4, 1, 0;
    %flag_set/imm 4, 0;
    %store/vec4a v0x7fb1048dad10, 4, 0;
    %pushi/vec4 10, 0, 32;
    %ix/load 4, 2, 0;
    %flag_set/imm 4, 0;
    %store/vec4a v0x7fb1048dad10, 4, 0;
    %pushi/vec4 18, 0, 32;
    %ix/load 4, 3, 0;
    %flag_set/imm 4, 0;
    %store/vec4a v0x7fb1048dad10, 4, 0;
    %pushi/vec4 29, 0, 32;
    %ix/load 4, 4, 0;
    %flag_set/imm 4, 0;
    %store/vec4a v0x7fb1048dad10, 4, 0;
    %pushi/vec4 4294967272, 0, 32;
    %ix/load 4, 24, 0;
    %flag_set/imm 4, 0;
    %store/vec4a v0x7fb1048e9000, 4, 0;
    %pushi/vec4 4294967271, 0, 32;
    %ix/load 4, 25, 0;
    %flag_set/imm 4, 0;
    %store/vec4a v0x7fb1048e9000, 4, 0;
    %pushi/vec4 4294967270, 0, 32;
    %ix/load 4, 26, 0;
    %flag_set/imm 4, 0;
    %store/vec4a v0x7fb1048e9000, 4, 0;
    %pushi/vec4 4294967269, 0, 32;
    %ix/load 4, 27, 0;
    %flag_set/imm 4, 0;
    %store/vec4a v0x7fb1048e9000, 4, 0;
    %pushi/vec4 56, 0, 32;
    %ix/load 4, 28, 0;
    %flag_set/imm 4, 0;
    %store/vec4a v0x7fb1048e9000, 4, 0;
    %pushi/vec4 58, 0, 32;
    %ix/load 4, 29, 0;
    %flag_set/imm 4, 0;
    %store/vec4a v0x7fb1048e9000, 4, 0;
    %pushi/vec4 60, 0, 32;
    %ix/load 4, 30, 0;
    %flag_set/imm 4, 0;
    %store/vec4a v0x7fb1048e9000, 4, 0;
    %pushi/vec4 62, 0, 32;
    %ix/load 4, 31, 0;
    %flag_set/imm 4, 0;
    %store/vec4a v0x7fb1048e9000, 4, 0;
    %pushi/vec4 0, 0, 32;
    %store/vec4 v0x7fb1048e1a90_0, 0, 32;
    %pushi/vec4 0, 0, 32;
    %store/vec4 v0x7fb1048e1730_0, 0, 32;
    %pushi/vec4 0, 0, 1;
    %store/vec4 v0x7fb1048e09e0_0, 0, 1;
    %pushi/vec4 0, 0, 1;
    %store/vec4 v0x7fb1048e0040_0, 0, 1;
    %pushi/vec4 0, 0, 1;
    %store/vec4 v0x7fb1048dfd60_0, 0, 1;
    %pushi/vec4 0, 0, 1;
    %store/vec4 v0x7fb1048dff00_0, 0, 1;
    %pushi/vec4 0, 0, 2;
    %store/vec4 v0x7fb1048df890_0, 0, 2;
    %pushi/vec4 0, 0, 1;
    %assign/vec4 v0x7fb1048df9d0_0, 0;
    %pushi/vec4 0, 0, 32;
    %store/vec4 v0x7fb1048e0660_0, 0, 32;
    %pushi/vec4 0, 0, 32;
    %store/vec4 v0x7fb1048e08a0_0, 0, 32;
    %pushi/vec4 0, 0, 32;
    %store/vec4 v0x7fb1048e0390_0, 0, 32;
    %pushi/vec4 0, 0, 3;
    %store/vec4 v0x7fb1048e0bb0_0, 0, 3;
    %pushi/vec4 0, 0, 7;
    %store/vec4 v0x7fb1048e0d10_0, 0, 7;
    %pushi/vec4 0, 0, 5;
    %store/vec4 v0x7fb1048e0540_0, 0, 5;
    %pushi/vec4 0, 0, 5;
    %store/vec4 v0x7fb1048e0780_0, 0, 5;
    %pushi/vec4 0, 0, 5;
    %store/vec4 v0x7fb1048e02e0_0, 0, 5;
    %pushi/vec4 0, 0, 32;
    %store/vec4 v0x7fb1048e01a0_0, 0, 32;
    %pushi/vec4 0, 0, 1;
    %store/vec4 v0x7fb1048dfb70_0, 0, 1;
    %pushi/vec4 0, 0, 1;
    %store/vec4 v0x7fb1048dbb10_0, 0, 1;
    %pushi/vec4 0, 0, 1;
    %store/vec4 v0x7fb1048db870_0, 0, 1;
    %pushi/vec4 0, 0, 1;
    %store/vec4 v0x7fb1048db400_0, 0, 1;
    %pushi/vec4 0, 0, 1;
    %store/vec4 v0x7fb1048db6b0_0, 0, 1;
    %pushi/vec4 0, 0, 32;
    %store/vec4 v0x7fb1048db2e0_0, 0, 32;
    %pushi/vec4 0, 0, 32;
    %store/vec4 v0x7fb1048db580_0, 0, 32;
    %pushi/vec4 0, 0, 5;
    %store/vec4 v0x7fb1048db9c0_0, 0, 5;
    %pushi/vec4 0, 0, 1;
    %store/vec4 v0x7fb1048e47f0_0, 0, 1;
    %pushi/vec4 0, 0, 1;
    %store/vec4 v0x7fb1048e44d0_0, 0, 1;
    %pushi/vec4 0, 0, 32;
    %store/vec4 v0x7fb1048e4200_0, 0, 32;
    %pushi/vec4 0, 0, 32;
    %store/vec4 v0x7fb1048e4370_0, 0, 32;
    %pushi/vec4 0, 0, 5;
    %store/vec4 v0x7fb1048e4640_0, 0, 5;
    %end;
    .thread T_9;
    .scope S_0x7fb1048b9040;
T_10 ;
    %wait E_0x7fb1048d7a50;
    %load/vec4 v0x7fb1048e9650_0;
    %cmpi/e 64, 0, 32;
    %jmp/0xz  T_10.0, 4;
    %vpi_call 2 103 "$finish" {0 0 0};
T_10.0 ;
    %vpi_call 2 107 "$fdisplay", v0x7fb1048e9770_0, "cycle = %6d, PC = %6d, ", v0x7fb1048e9650_0, v0x7fb1048e7990_0 {0 0 0};
    %vpi_call 2 108 "$fdisplay", v0x7fb1048e9770_0, "Predict = %6d, IFID_Flush = %6d", v0x7fb1048d5020_0, v0x7fb1048df400_0 {0 0 0};
    %load/vec4 v0x7fb1048dfb70_0;
    %cmpi/e 1, 0, 1;
    %jmp/0xz  T_10.2, 4;
    %vpi_call 2 110 "$fdisplay", v0x7fb1048e9770_0, "ALU_out = %6d", v0x7fb1048cfec0_0 {0 0 0};
T_10.2 ;
    %vpi_call 2 114 "$fdisplay", v0x7fb1048e9770_0, "Registers" {0 0 0};
    %vpi_call 2 115 "$fdisplay", v0x7fb1048e9770_0, "x0 = %6d, x8  = %6d, x16 = %6d, x24 = %6d", &A<v0x7fb1048e9000, 0>, &A<v0x7fb1048e9000, 8>, &A<v0x7fb1048e9000, 16>, &A<v0x7fb1048e9000, 24> {0 0 0};
    %vpi_call 2 116 "$fdisplay", v0x7fb1048e9770_0, "x1 = %6d, x9  = %6d, x17 = %6d, x25 = %6d", &A<v0x7fb1048e9000, 1>, &A<v0x7fb1048e9000, 9>, &A<v0x7fb1048e9000, 17>, &A<v0x7fb1048e9000, 25> {0 0 0};
    %vpi_call 2 117 "$fdisplay", v0x7fb1048e9770_0, "x2 = %6d, x10 = %6d, x18 = %6d, x26 = %6d", &A<v0x7fb1048e9000, 2>, &A<v0x7fb1048e9000, 10>, &A<v0x7fb1048e9000, 18>, &A<v0x7fb1048e9000, 26> {0 0 0};
    %vpi_call 2 118 "$fdisplay", v0x7fb1048e9770_0, "x3 = %6d, x11 = %6d, x19 = %6d, x27 = %6d", &A<v0x7fb1048e9000, 3>, &A<v0x7fb1048e9000, 11>, &A<v0x7fb1048e9000, 19>, &A<v0x7fb1048e9000, 27> {0 0 0};
    %vpi_call 2 119 "$fdisplay", v0x7fb1048e9770_0, "x4 = %6d, x12 = %6d, x20 = %6d, x28 = %6d", &A<v0x7fb1048e9000, 4>, &A<v0x7fb1048e9000, 12>, &A<v0x7fb1048e9000, 20>, &A<v0x7fb1048e9000, 28> {0 0 0};
    %vpi_call 2 120 "$fdisplay", v0x7fb1048e9770_0, "x5 = %6d, x13 = %6d, x21 = %6d, x29 = %6d", &A<v0x7fb1048e9000, 5>, &A<v0x7fb1048e9000, 13>, &A<v0x7fb1048e9000, 21>, &A<v0x7fb1048e9000, 29> {0 0 0};
    %vpi_call 2 121 "$fdisplay", v0x7fb1048e9770_0, "x6 = %6d, x14 = %6d, x22 = %6d, x30 = %6d", &A<v0x7fb1048e9000, 6>, &A<v0x7fb1048e9000, 14>, &A<v0x7fb1048e9000, 22>, &A<v0x7fb1048e9000, 30> {0 0 0};
    %vpi_call 2 122 "$fdisplay", v0x7fb1048e9770_0, "x7 = %6d, x15 = %6d, x23 = %6d, x31 = %6d", &A<v0x7fb1048e9000, 7>, &A<v0x7fb1048e9000, 15>, &A<v0x7fb1048e9000, 23>, &A<v0x7fb1048e9000, 31> {0 0 0};
    %vpi_call 2 126 "$fdisplay", v0x7fb1048e9770_0, "Data Memory: 0x00 = %6d", &A<v0x7fb1048dad10, 0> {0 0 0};
    %vpi_call 2 127 "$fdisplay", v0x7fb1048e9770_0, "Data Memory: 0x04 = %6d", &A<v0x7fb1048dad10, 1> {0 0 0};
    %vpi_call 2 128 "$fdisplay", v0x7fb1048e9770_0, "Data Memory: 0x08 = %6d", &A<v0x7fb1048dad10, 2> {0 0 0};
    %vpi_call 2 129 "$fdisplay", v0x7fb1048e9770_0, "Data Memory: 0x0C = %6d", &A<v0x7fb1048dad10, 3> {0 0 0};
    %vpi_call 2 130 "$fdisplay", v0x7fb1048e9770_0, "Data Memory: 0x10 = %6d", &A<v0x7fb1048dad10, 4> {0 0 0};
    %vpi_call 2 131 "$fdisplay", v0x7fb1048e9770_0, "Data Memory: 0x14 = %6d", &A<v0x7fb1048dad10, 5> {0 0 0};
    %vpi_call 2 132 "$fdisplay", v0x7fb1048e9770_0, "Data Memory: 0x18 = %6d", &A<v0x7fb1048dad10, 6> {0 0 0};
    %vpi_call 2 133 "$fdisplay", v0x7fb1048e9770_0, "Data Memory: 0x1C = %6d", &A<v0x7fb1048dad10, 7> {0 0 0};
    %vpi_call 2 135 "$fdisplay", v0x7fb1048e9770_0, "\012" {0 0 0};
    %load/vec4 v0x7fb1048e9650_0;
    %addi 1, 0, 32;
    %store/vec4 v0x7fb1048e9650_0, 0, 32;
    %jmp T_10;
    .thread T_10;
# The file index is used to find the file name in the following table.
:file_names 22;
    "N/A";
    "<interactive>";
    "testbench.v";
    "CPU.v";
    "ALU.v";
    "ALU_Control.v";
    "Adder.v";
    "Branch_Predictor.v";
    "Branch_Unit.v";
    "Control.v";
    "Data_Memory.v";
    "EX_MEM.v";
    "Forwarding.v";
    "Hazard_Detection.v";
    "ID_EX.v";
    "IF_ID.v";
    "Imm_Gen.v";
    "Instruction_Memory.v";
    "MEM_WB.v";
    "MUX32.v";
    "PC.v";
    "Registers.v";
